<?xml version="1.0" encoding="UTF-8"?>
<testsuite xmlns:xsi="http://www.w3.org/2001/XMLSchema-instance" xsi:noNamespaceSchemaLocation="https://maven.apache.org/surefire/maven-surefire-plugin/xsd/surefire-test-report.xsd" name="com.homesoft.springboot.nba_springboot.controller.ScheduleControllerTest" time="0.366" tests="1" errors="1" skipped="0" failures="0">
  <properties>
    <property name="sun.desktop" value="gnome"/>
    <property name="awt.toolkit" value="sun.awt.X11.XToolkit"/>
    <property name="java.specification.version" value="10"/>
    <property name="file.encoding.pkg" value="sun.io"/>
    <property name="sun.cpu.isalist" value=""/>
    <property name="sun.jnu.encoding" value="UTF-8"/>
    <property name="java.class.path" value="/home/distortion/projects/java/nba_springboot/target/test-classes:/home/distortion/projects/java/nba_springboot/target/classes:/home/distortion/.m2/repository/org/springframework/boot/spring-boot-starter-web/2.0.6.RELEASE/spring-boot-starter-web-2.0.6.RELEASE.jar:/home/distortion/.m2/repository/org/springframework/boot/spring-boot-starter/2.0.6.RELEASE/spring-boot-starter-2.0.6.RELEASE.jar:/home/distortion/.m2/repository/org/springframework/boot/spring-boot-starter-logging/2.0.6.RELEASE/spring-boot-starter-logging-2.0.6.RELEASE.jar:/home/distortion/.m2/repository/ch/qos/logback/logback-classic/1.2.3/logback-classic-1.2.3.jar:/home/distortion/.m2/repository/ch/qos/logback/logback-core/1.2.3/logback-core-1.2.3.jar:/home/distortion/.m2/repository/org/apache/logging/log4j/log4j-to-slf4j/2.10.0/log4j-to-slf4j-2.10.0.jar:/home/distortion/.m2/repository/org/apache/logging/log4j/log4j-api/2.10.0/log4j-api-2.10.0.jar:/home/distortion/.m2/repository/org/slf4j/jul-to-slf4j/1.7.25/jul-to-slf4j-1.7.25.jar:/home/distortion/.m2/repository/javax/annotation/javax.annotation-api/1.3.2/javax.annotation-api-1.3.2.jar:/home/distortion/.m2/repository/org/yaml/snakeyaml/1.19/snakeyaml-1.19.jar:/home/distortion/.m2/repository/org/springframework/boot/spring-boot-starter-json/2.0.6.RELEASE/spring-boot-starter-json-2.0.6.RELEASE.jar:/home/distortion/.m2/repository/com/fasterxml/jackson/core/jackson-databind/2.9.7/jackson-databind-2.9.7.jar:/home/distortion/.m2/repository/com/fasterxml/jackson/core/jackson-annotations/2.9.0/jackson-annotations-2.9.0.jar:/home/distortion/.m2/repository/com/fasterxml/jackson/core/jackson-core/2.9.7/jackson-core-2.9.7.jar:/home/distortion/.m2/repository/com/fasterxml/jackson/datatype/jackson-datatype-jdk8/2.9.7/jackson-datatype-jdk8-2.9.7.jar:/home/distortion/.m2/repository/com/fasterxml/jackson/datatype/jackson-datatype-jsr310/2.9.7/jackson-datatype-jsr310-2.9.7.jar:/home/distortion/.m2/repository/com/fasterxml/jackson/module/jackson-module-parameter-names/2.9.7/jackson-module-parameter-names-2.9.7.jar:/home/distortion/.m2/repository/org/springframework/boot/spring-boot-starter-tomcat/2.0.6.RELEASE/spring-boot-starter-tomcat-2.0.6.RELEASE.jar:/home/distortion/.m2/repository/org/apache/tomcat/embed/tomcat-embed-core/8.5.34/tomcat-embed-core-8.5.34.jar:/home/distortion/.m2/repository/org/apache/tomcat/embed/tomcat-embed-el/8.5.34/tomcat-embed-el-8.5.34.jar:/home/distortion/.m2/repository/org/apache/tomcat/embed/tomcat-embed-websocket/8.5.34/tomcat-embed-websocket-8.5.34.jar:/home/distortion/.m2/repository/org/hibernate/validator/hibernate-validator/6.0.13.Final/hibernate-validator-6.0.13.Final.jar:/home/distortion/.m2/repository/javax/validation/validation-api/2.0.1.Final/validation-api-2.0.1.Final.jar:/home/distortion/.m2/repository/org/jboss/logging/jboss-logging/3.3.2.Final/jboss-logging-3.3.2.Final.jar:/home/distortion/.m2/repository/com/fasterxml/classmate/1.3.4/classmate-1.3.4.jar:/home/distortion/.m2/repository/org/springframework/spring-web/5.0.10.RELEASE/spring-web-5.0.10.RELEASE.jar:/home/distortion/.m2/repository/org/springframework/spring-beans/5.0.10.RELEASE/spring-beans-5.0.10.RELEASE.jar:/home/distortion/.m2/repository/org/springframework/spring-webmvc/5.0.10.RELEASE/spring-webmvc-5.0.10.RELEASE.jar:/home/distortion/.m2/repository/org/springframework/spring-aop/5.0.10.RELEASE/spring-aop-5.0.10.RELEASE.jar:/home/distortion/.m2/repository/org/springframework/spring-context/5.0.10.RELEASE/spring-context-5.0.10.RELEASE.jar:/home/distortion/.m2/repository/org/springframework/spring-expression/5.0.10.RELEASE/spring-expression-5.0.10.RELEASE.jar:/home/distortion/.m2/repository/javax/servlet/jstl/1.2/jstl-1.2.jar:/home/distortion/.m2/repository/org/springframework/boot/spring-boot-starter-data-jpa/2.0.6.RELEASE/spring-boot-starter-data-jpa-2.0.6.RELEASE.jar:/home/distortion/.m2/repository/org/springframework/boot/spring-boot-starter-aop/2.0.6.RELEASE/spring-boot-starter-aop-2.0.6.RELEASE.jar:/home/distortion/.m2/repository/org/aspectj/aspectjweaver/1.8.13/aspectjweaver-1.8.13.jar:/home/distortion/.m2/repository/org/springframework/boot/spring-boot-starter-jdbc/2.0.6.RELEASE/spring-boot-starter-jdbc-2.0.6.RELEASE.jar:/home/distortion/.m2/repository/com/zaxxer/HikariCP/2.7.9/HikariCP-2.7.9.jar:/home/distortion/.m2/repository/org/springframework/spring-jdbc/5.0.10.RELEASE/spring-jdbc-5.0.10.RELEASE.jar:/home/distortion/.m2/repository/javax/transaction/javax.transaction-api/1.2/javax.transaction-api-1.2.jar:/home/distortion/.m2/repository/org/hibernate/hibernate-core/5.2.17.Final/hibernate-core-5.2.17.Final.jar:/home/distortion/.m2/repository/org/hibernate/javax/persistence/hibernate-jpa-2.1-api/1.0.2.Final/hibernate-jpa-2.1-api-1.0.2.Final.jar:/home/distortion/.m2/repository/org/javassist/javassist/3.22.0-GA/javassist-3.22.0-GA.jar:/home/distortion/.m2/repository/antlr/antlr/2.7.7/antlr-2.7.7.jar:/home/distortion/.m2/repository/org/jboss/jandex/2.0.3.Final/jandex-2.0.3.Final.jar:/home/distortion/.m2/repository/dom4j/dom4j/1.6.1/dom4j-1.6.1.jar:/home/distortion/.m2/repository/org/hibernate/common/hibernate-commons-annotations/5.0.1.Final/hibernate-commons-annotations-5.0.1.Final.jar:/home/distortion/.m2/repository/org/springframework/data/spring-data-jpa/2.0.11.RELEASE/spring-data-jpa-2.0.11.RELEASE.jar:/home/distortion/.m2/repository/org/springframework/data/spring-data-commons/2.0.11.RELEASE/spring-data-commons-2.0.11.RELEASE.jar:/home/distortion/.m2/repository/org/springframework/spring-orm/5.0.10.RELEASE/spring-orm-5.0.10.RELEASE.jar:/home/distortion/.m2/repository/org/springframework/spring-tx/5.0.10.RELEASE/spring-tx-5.0.10.RELEASE.jar:/home/distortion/.m2/repository/org/slf4j/slf4j-api/1.7.25/slf4j-api-1.7.25.jar:/home/distortion/.m2/repository/org/springframework/spring-aspects/5.0.10.RELEASE/spring-aspects-5.0.10.RELEASE.jar:/home/distortion/.m2/repository/com/h2database/h2/1.4.197/h2-1.4.197.jar:/home/distortion/.m2/repository/org/apache/tomcat/tomcat-jasper/9.0.12/tomcat-jasper-9.0.12.jar:/home/distortion/.m2/repository/org/apache/tomcat/tomcat-servlet-api/9.0.12/tomcat-servlet-api-9.0.12.jar:/home/distortion/.m2/repository/org/apache/tomcat/tomcat-juli/9.0.12/tomcat-juli-9.0.12.jar:/home/distortion/.m2/repository/org/apache/tomcat/tomcat-jsp-api/8.5.34/tomcat-jsp-api-8.5.34.jar:/home/distortion/.m2/repository/org/apache/tomcat/tomcat-el-api/9.0.12/tomcat-el-api-9.0.12.jar:/home/distortion/.m2/repository/org/eclipse/jdt/ecj/3.13.102/ecj-3.13.102.jar:/home/distortion/.m2/repository/org/apache/tomcat/tomcat-jasper-el/9.0.12/tomcat-jasper-el-9.0.12.jar:/home/distortion/.m2/repository/org/apache/tomcat/tomcat-api/9.0.12/tomcat-api-9.0.12.jar:/home/distortion/.m2/repository/org/apache/tomcat/tomcat-util-scan/9.0.12/tomcat-util-scan-9.0.12.jar:/home/distortion/.m2/repository/org/apache/tomcat/tomcat-util/9.0.12/tomcat-util-9.0.12.jar:/home/distortion/.m2/repository/org/springframework/boot/spring-boot-devtools/2.0.6.RELEASE/spring-boot-devtools-2.0.6.RELEASE.jar:/home/distortion/.m2/repository/org/springframework/boot/spring-boot/2.0.6.RELEASE/spring-boot-2.0.6.RELEASE.jar:/home/distortion/.m2/repository/org/springframework/boot/spring-boot-autoconfigure/2.0.6.RELEASE/spring-boot-autoconfigure-2.0.6.RELEASE.jar:/home/distortion/.m2/repository/org/springframework/boot/spring-boot-starter-test/2.0.6.RELEASE/spring-boot-starter-test-2.0.6.RELEASE.jar:/home/distortion/.m2/repository/org/springframework/boot/spring-boot-test/2.0.6.RELEASE/spring-boot-test-2.0.6.RELEASE.jar:/home/distortion/.m2/repository/org/springframework/boot/spring-boot-test-autoconfigure/2.0.6.RELEASE/spring-boot-test-autoconfigure-2.0.6.RELEASE.jar:/home/distortion/.m2/repository/com/jayway/jsonpath/json-path/2.4.0/json-path-2.4.0.jar:/home/distortion/.m2/repository/net/minidev/json-smart/2.3/json-smart-2.3.jar:/home/distortion/.m2/repository/net/minidev/accessors-smart/1.2/accessors-smart-1.2.jar:/home/distortion/.m2/repository/org/ow2/asm/asm/5.0.4/asm-5.0.4.jar:/home/distortion/.m2/repository/junit/junit/4.12/junit-4.12.jar:/home/distortion/.m2/repository/org/mockito/mockito-core/2.15.0/mockito-core-2.15.0.jar:/home/distortion/.m2/repository/net/bytebuddy/byte-buddy/1.7.11/byte-buddy-1.7.11.jar:/home/distortion/.m2/repository/net/bytebuddy/byte-buddy-agent/1.7.11/byte-buddy-agent-1.7.11.jar:/home/distortion/.m2/repository/org/objenesis/objenesis/2.6/objenesis-2.6.jar:/home/distortion/.m2/repository/org/hamcrest/hamcrest-core/1.3/hamcrest-core-1.3.jar:/home/distortion/.m2/repository/org/hamcrest/hamcrest-library/1.3/hamcrest-library-1.3.jar:/home/distortion/.m2/repository/org/skyscreamer/jsonassert/1.5.0/jsonassert-1.5.0.jar:/home/distortion/.m2/repository/com/vaadin/external/google/android-json/0.0.20131108.vaadin1/android-json-0.0.20131108.vaadin1.jar:/home/distortion/.m2/repository/org/springframework/spring-core/5.0.10.RELEASE/spring-core-5.0.10.RELEASE.jar:/home/distortion/.m2/repository/org/springframework/spring-jcl/5.0.10.RELEASE/spring-jcl-5.0.10.RELEASE.jar:/home/distortion/.m2/repository/org/springframework/spring-test/5.0.10.RELEASE/spring-test-5.0.10.RELEASE.jar:/home/distortion/.m2/repository/org/xmlunit/xmlunit-core/2.5.1/xmlunit-core-2.5.1.jar:/home/distortion/.m2/repository/org/assertj/assertj-core/3.9.1/assertj-core-3.9.1.jar:/home/distortion/.m2/repository/javax/xml/bind/jaxb-api/2.3.1/jaxb-api-2.3.1.jar:/home/distortion/.m2/repository/javax/activation/javax.activation-api/1.2.0/javax.activation-api-1.2.0.jar:"/>
    <property name="java.vm.vendor" value="Oracle Corporation"/>
    <property name="sun.arch.data.model" value="64"/>
    <property name="java.vendor.url" value="http://java.oracle.com/"/>
    <property name="user.timezone" value=""/>
    <property name="java.vm.specification.version" value="10"/>
    <property name="os.name" value="Linux"/>
    <property name="sun.java.launcher" value="SUN_STANDARD"/>
    <property name="user.country" value="US"/>
    <property name="sun.boot.library.path" value="/usr/lib/jvm/java-11-openjdk-amd64/lib"/>
    <property name="sun.java.command" value="/home/distortion/projects/java/nba_springboot/target/surefire/surefirebooter6643602565128088559.jar /home/distortion/projects/java/nba_springboot/target/surefire 2018-12-25T19-32-27_375-jvmRun1 surefire1745729588074997432tmp surefire_07102018464076489561tmp"/>
    <property name="jdk.debug" value="release"/>
    <property name="surefire.test.class.path" value="/home/distortion/projects/java/nba_springboot/target/test-classes:/home/distortion/projects/java/nba_springboot/target/classes:/home/distortion/.m2/repository/org/springframework/boot/spring-boot-starter-web/2.0.6.RELEASE/spring-boot-starter-web-2.0.6.RELEASE.jar:/home/distortion/.m2/repository/org/springframework/boot/spring-boot-starter/2.0.6.RELEASE/spring-boot-starter-2.0.6.RELEASE.jar:/home/distortion/.m2/repository/org/springframework/boot/spring-boot-starter-logging/2.0.6.RELEASE/spring-boot-starter-logging-2.0.6.RELEASE.jar:/home/distortion/.m2/repository/ch/qos/logback/logback-classic/1.2.3/logback-classic-1.2.3.jar:/home/distortion/.m2/repository/ch/qos/logback/logback-core/1.2.3/logback-core-1.2.3.jar:/home/distortion/.m2/repository/org/apache/logging/log4j/log4j-to-slf4j/2.10.0/log4j-to-slf4j-2.10.0.jar:/home/distortion/.m2/repository/org/apache/logging/log4j/log4j-api/2.10.0/log4j-api-2.10.0.jar:/home/distortion/.m2/repository/org/slf4j/jul-to-slf4j/1.7.25/jul-to-slf4j-1.7.25.jar:/home/distortion/.m2/repository/javax/annotation/javax.annotation-api/1.3.2/javax.annotation-api-1.3.2.jar:/home/distortion/.m2/repository/org/yaml/snakeyaml/1.19/snakeyaml-1.19.jar:/home/distortion/.m2/repository/org/springframework/boot/spring-boot-starter-json/2.0.6.RELEASE/spring-boot-starter-json-2.0.6.RELEASE.jar:/home/distortion/.m2/repository/com/fasterxml/jackson/core/jackson-databind/2.9.7/jackson-databind-2.9.7.jar:/home/distortion/.m2/repository/com/fasterxml/jackson/core/jackson-annotations/2.9.0/jackson-annotations-2.9.0.jar:/home/distortion/.m2/repository/com/fasterxml/jackson/core/jackson-core/2.9.7/jackson-core-2.9.7.jar:/home/distortion/.m2/repository/com/fasterxml/jackson/datatype/jackson-datatype-jdk8/2.9.7/jackson-datatype-jdk8-2.9.7.jar:/home/distortion/.m2/repository/com/fasterxml/jackson/datatype/jackson-datatype-jsr310/2.9.7/jackson-datatype-jsr310-2.9.7.jar:/home/distortion/.m2/repository/com/fasterxml/jackson/module/jackson-module-parameter-names/2.9.7/jackson-module-parameter-names-2.9.7.jar:/home/distortion/.m2/repository/org/springframework/boot/spring-boot-starter-tomcat/2.0.6.RELEASE/spring-boot-starter-tomcat-2.0.6.RELEASE.jar:/home/distortion/.m2/repository/org/apache/tomcat/embed/tomcat-embed-core/8.5.34/tomcat-embed-core-8.5.34.jar:/home/distortion/.m2/repository/org/apache/tomcat/embed/tomcat-embed-el/8.5.34/tomcat-embed-el-8.5.34.jar:/home/distortion/.m2/repository/org/apache/tomcat/embed/tomcat-embed-websocket/8.5.34/tomcat-embed-websocket-8.5.34.jar:/home/distortion/.m2/repository/org/hibernate/validator/hibernate-validator/6.0.13.Final/hibernate-validator-6.0.13.Final.jar:/home/distortion/.m2/repository/javax/validation/validation-api/2.0.1.Final/validation-api-2.0.1.Final.jar:/home/distortion/.m2/repository/org/jboss/logging/jboss-logging/3.3.2.Final/jboss-logging-3.3.2.Final.jar:/home/distortion/.m2/repository/com/fasterxml/classmate/1.3.4/classmate-1.3.4.jar:/home/distortion/.m2/repository/org/springframework/spring-web/5.0.10.RELEASE/spring-web-5.0.10.RELEASE.jar:/home/distortion/.m2/repository/org/springframework/spring-beans/5.0.10.RELEASE/spring-beans-5.0.10.RELEASE.jar:/home/distortion/.m2/repository/org/springframework/spring-webmvc/5.0.10.RELEASE/spring-webmvc-5.0.10.RELEASE.jar:/home/distortion/.m2/repository/org/springframework/spring-aop/5.0.10.RELEASE/spring-aop-5.0.10.RELEASE.jar:/home/distortion/.m2/repository/org/springframework/spring-context/5.0.10.RELEASE/spring-context-5.0.10.RELEASE.jar:/home/distortion/.m2/repository/org/springframework/spring-expression/5.0.10.RELEASE/spring-expression-5.0.10.RELEASE.jar:/home/distortion/.m2/repository/javax/servlet/jstl/1.2/jstl-1.2.jar:/home/distortion/.m2/repository/org/springframework/boot/spring-boot-starter-data-jpa/2.0.6.RELEASE/spring-boot-starter-data-jpa-2.0.6.RELEASE.jar:/home/distortion/.m2/repository/org/springframework/boot/spring-boot-starter-aop/2.0.6.RELEASE/spring-boot-starter-aop-2.0.6.RELEASE.jar:/home/distortion/.m2/repository/org/aspectj/aspectjweaver/1.8.13/aspectjweaver-1.8.13.jar:/home/distortion/.m2/repository/org/springframework/boot/spring-boot-starter-jdbc/2.0.6.RELEASE/spring-boot-starter-jdbc-2.0.6.RELEASE.jar:/home/distortion/.m2/repository/com/zaxxer/HikariCP/2.7.9/HikariCP-2.7.9.jar:/home/distortion/.m2/repository/org/springframework/spring-jdbc/5.0.10.RELEASE/spring-jdbc-5.0.10.RELEASE.jar:/home/distortion/.m2/repository/javax/transaction/javax.transaction-api/1.2/javax.transaction-api-1.2.jar:/home/distortion/.m2/repository/org/hibernate/hibernate-core/5.2.17.Final/hibernate-core-5.2.17.Final.jar:/home/distortion/.m2/repository/org/hibernate/javax/persistence/hibernate-jpa-2.1-api/1.0.2.Final/hibernate-jpa-2.1-api-1.0.2.Final.jar:/home/distortion/.m2/repository/org/javassist/javassist/3.22.0-GA/javassist-3.22.0-GA.jar:/home/distortion/.m2/repository/antlr/antlr/2.7.7/antlr-2.7.7.jar:/home/distortion/.m2/repository/org/jboss/jandex/2.0.3.Final/jandex-2.0.3.Final.jar:/home/distortion/.m2/repository/dom4j/dom4j/1.6.1/dom4j-1.6.1.jar:/home/distortion/.m2/repository/org/hibernate/common/hibernate-commons-annotations/5.0.1.Final/hibernate-commons-annotations-5.0.1.Final.jar:/home/distortion/.m2/repository/org/springframework/data/spring-data-jpa/2.0.11.RELEASE/spring-data-jpa-2.0.11.RELEASE.jar:/home/distortion/.m2/repository/org/springframework/data/spring-data-commons/2.0.11.RELEASE/spring-data-commons-2.0.11.RELEASE.jar:/home/distortion/.m2/repository/org/springframework/spring-orm/5.0.10.RELEASE/spring-orm-5.0.10.RELEASE.jar:/home/distortion/.m2/repository/org/springframework/spring-tx/5.0.10.RELEASE/spring-tx-5.0.10.RELEASE.jar:/home/distortion/.m2/repository/org/slf4j/slf4j-api/1.7.25/slf4j-api-1.7.25.jar:/home/distortion/.m2/repository/org/springframework/spring-aspects/5.0.10.RELEASE/spring-aspects-5.0.10.RELEASE.jar:/home/distortion/.m2/repository/com/h2database/h2/1.4.197/h2-1.4.197.jar:/home/distortion/.m2/repository/org/apache/tomcat/tomcat-jasper/9.0.12/tomcat-jasper-9.0.12.jar:/home/distortion/.m2/repository/org/apache/tomcat/tomcat-servlet-api/9.0.12/tomcat-servlet-api-9.0.12.jar:/home/distortion/.m2/repository/org/apache/tomcat/tomcat-juli/9.0.12/tomcat-juli-9.0.12.jar:/home/distortion/.m2/repository/org/apache/tomcat/tomcat-jsp-api/8.5.34/tomcat-jsp-api-8.5.34.jar:/home/distortion/.m2/repository/org/apache/tomcat/tomcat-el-api/9.0.12/tomcat-el-api-9.0.12.jar:/home/distortion/.m2/repository/org/eclipse/jdt/ecj/3.13.102/ecj-3.13.102.jar:/home/distortion/.m2/repository/org/apache/tomcat/tomcat-jasper-el/9.0.12/tomcat-jasper-el-9.0.12.jar:/home/distortion/.m2/repository/org/apache/tomcat/tomcat-api/9.0.12/tomcat-api-9.0.12.jar:/home/distortion/.m2/repository/org/apache/tomcat/tomcat-util-scan/9.0.12/tomcat-util-scan-9.0.12.jar:/home/distortion/.m2/repository/org/apache/tomcat/tomcat-util/9.0.12/tomcat-util-9.0.12.jar:/home/distortion/.m2/repository/org/springframework/boot/spring-boot-devtools/2.0.6.RELEASE/spring-boot-devtools-2.0.6.RELEASE.jar:/home/distortion/.m2/repository/org/springframework/boot/spring-boot/2.0.6.RELEASE/spring-boot-2.0.6.RELEASE.jar:/home/distortion/.m2/repository/org/springframework/boot/spring-boot-autoconfigure/2.0.6.RELEASE/spring-boot-autoconfigure-2.0.6.RELEASE.jar:/home/distortion/.m2/repository/org/springframework/boot/spring-boot-starter-test/2.0.6.RELEASE/spring-boot-starter-test-2.0.6.RELEASE.jar:/home/distortion/.m2/repository/org/springframework/boot/spring-boot-test/2.0.6.RELEASE/spring-boot-test-2.0.6.RELEASE.jar:/home/distortion/.m2/repository/org/springframework/boot/spring-boot-test-autoconfigure/2.0.6.RELEASE/spring-boot-test-autoconfigure-2.0.6.RELEASE.jar:/home/distortion/.m2/repository/com/jayway/jsonpath/json-path/2.4.0/json-path-2.4.0.jar:/home/distortion/.m2/repository/net/minidev/json-smart/2.3/json-smart-2.3.jar:/home/distortion/.m2/repository/net/minidev/accessors-smart/1.2/accessors-smart-1.2.jar:/home/distortion/.m2/repository/org/ow2/asm/asm/5.0.4/asm-5.0.4.jar:/home/distortion/.m2/repository/junit/junit/4.12/junit-4.12.jar:/home/distortion/.m2/repository/org/mockito/mockito-core/2.15.0/mockito-core-2.15.0.jar:/home/distortion/.m2/repository/net/bytebuddy/byte-buddy/1.7.11/byte-buddy-1.7.11.jar:/home/distortion/.m2/repository/net/bytebuddy/byte-buddy-agent/1.7.11/byte-buddy-agent-1.7.11.jar:/home/distortion/.m2/repository/org/objenesis/objenesis/2.6/objenesis-2.6.jar:/home/distortion/.m2/repository/org/hamcrest/hamcrest-core/1.3/hamcrest-core-1.3.jar:/home/distortion/.m2/repository/org/hamcrest/hamcrest-library/1.3/hamcrest-library-1.3.jar:/home/distortion/.m2/repository/org/skyscreamer/jsonassert/1.5.0/jsonassert-1.5.0.jar:/home/distortion/.m2/repository/com/vaadin/external/google/android-json/0.0.20131108.vaadin1/android-json-0.0.20131108.vaadin1.jar:/home/distortion/.m2/repository/org/springframework/spring-core/5.0.10.RELEASE/spring-core-5.0.10.RELEASE.jar:/home/distortion/.m2/repository/org/springframework/spring-jcl/5.0.10.RELEASE/spring-jcl-5.0.10.RELEASE.jar:/home/distortion/.m2/repository/org/springframework/spring-test/5.0.10.RELEASE/spring-test-5.0.10.RELEASE.jar:/home/distortion/.m2/repository/org/xmlunit/xmlunit-core/2.5.1/xmlunit-core-2.5.1.jar:/home/distortion/.m2/repository/org/assertj/assertj-core/3.9.1/assertj-core-3.9.1.jar:/home/distortion/.m2/repository/javax/xml/bind/jaxb-api/2.3.1/jaxb-api-2.3.1.jar:/home/distortion/.m2/repository/javax/activation/javax.activation-api/1.2.0/javax.activation-api-1.2.0.jar:"/>
    <property name="sun.cpu.endian" value="little"/>
    <property name="user.home" value="/home/distortion"/>
    <property name="user.language" value="en"/>
    <property name="java.specification.vendor" value="Oracle Corporation"/>
    <property name="java.version.date" value="2018-07-17"/>
    <property name="java.home" value="/usr/lib/jvm/java-11-openjdk-amd64"/>
    <property name="file.separator" value="/"/>
    <property name="basedir" value="/home/distortion/projects/java/nba_springboot"/>
    <property name="java.vm.compressedOopsMode" value="32-bit"/>
    <property name="line.separator" value="&#10;"/>
    <property name="java.specification.name" value="Java Platform API Specification"/>
    <property name="java.vm.specification.vendor" value="Oracle Corporation"/>
    <property name="java.awt.graphicsenv" value="sun.awt.X11GraphicsEnvironment"/>
    <property name="surefire.real.class.path" value="/home/distortion/projects/java/nba_springboot/target/surefire/surefirebooter6643602565128088559.jar"/>
    <property name="sun.management.compiler" value="HotSpot 64-Bit Tiered Compilers"/>
    <property name="java.runtime.version" value="10.0.2+13-Ubuntu-1ubuntu0.18.04.4"/>
    <property name="user.name" value="distortion"/>
    <property name="path.separator" value=":"/>
    <property name="os.version" value="4.15.0-43-generic"/>
    <property name="java.runtime.name" value="OpenJDK Runtime Environment"/>
    <property name="file.encoding" value="UTF-8"/>
    <property name="java.vm.name" value="OpenJDK 64-Bit Server VM"/>
    <property name="localRepository" value="/home/distortion/.m2/repository"/>
    <property name="java.vendor.url.bug" value="http://bugreport.java.com/bugreport/"/>
    <property name="java.io.tmpdir" value="/tmp"/>
    <property name="idea.version" value="2018.2.5"/>
    <property name="java.version" value="10.0.2"/>
    <property name="user.dir" value="/home/distortion/projects/java/nba_springboot"/>
    <property name="os.arch" value="amd64"/>
    <property name="java.vm.specification.name" value="Java Virtual Machine Specification"/>
    <property name="java.awt.printerjob" value="sun.print.PSPrinterJob"/>
    <property name="sun.os.patch.level" value="unknown"/>
    <property name="java.library.path" value="/usr/java/packages/lib:/usr/lib/x86_64-linux-gnu/jni:/lib/x86_64-linux-gnu:/usr/lib/x86_64-linux-gnu:/usr/lib/jni:/lib:/usr/lib"/>
    <property name="java.vendor" value="Oracle Corporation"/>
    <property name="java.vm.info" value="mixed mode"/>
    <property name="java.vm.version" value="10.0.2+13-Ubuntu-1ubuntu0.18.04.4"/>
    <property name="sun.io.unicode.encoding" value="UnicodeLittle"/>
    <property name="java.class.version" value="54.0"/>
  </properties>
  <testcase name="showSchedule_ShouldRenderSchedulePage" classname="com.homesoft.springboot.nba_springboot.controller.ScheduleControllerTest" time="0.002">
    <error message="Failed to load ApplicationContext" type="java.lang.IllegalStateException">java.lang.IllegalStateException: Failed to load ApplicationContext
Caused by: org.springframework.beans.factory.UnsatisfiedDependencyException: Error creating bean with name 'scheduleController': Unsatisfied dependency expressed through field 'playoffService'; nested exception is org.springframework.beans.factory.NoSuchBeanDefinitionException: No qualifying bean of type 'com.homesoft.springboot.nba_springboot.service.PlayoffService' available: expected at least 1 bean which qualifies as autowire candidate. Dependency annotations: {@org.springframework.beans.factory.annotation.Autowired(required=true)}
Caused by: org.springframework.beans.factory.NoSuchBeanDefinitionException: No qualifying bean of type 'com.homesoft.springboot.nba_springboot.service.PlayoffService' available: expected at least 1 bean which qualifies as autowire candidate. Dependency annotations: {@org.springframework.beans.factory.annotation.Autowired(required=true)}
</error>
    <system-out><![CDATA[2018-12-25 19:32:39.656 DEBUG 7626 --- [           main] o.s.t.c.junit4.SpringJUnit4ClassRunner   : SpringJUnit4ClassRunner constructor called with [class com.homesoft.springboot.nba_springboot.controller.ScheduleControllerTest]
2018-12-25 19:32:39.657 DEBUG 7626 --- [           main] o.s.test.context.BootstrapUtils          : Instantiating CacheAwareContextLoaderDelegate from class [org.springframework.test.context.cache.DefaultCacheAwareContextLoaderDelegate]
2018-12-25 19:32:39.657 DEBUG 7626 --- [           main] o.s.test.context.BootstrapUtils          : Instantiating BootstrapContext using constructor [public org.springframework.test.context.support.DefaultBootstrapContext(java.lang.Class,org.springframework.test.context.CacheAwareContextLoaderDelegate)]
2018-12-25 19:32:39.657 DEBUG 7626 --- [           main] o.s.test.context.BootstrapUtils          : Instantiating TestContextBootstrapper for test class [com.homesoft.springboot.nba_springboot.controller.ScheduleControllerTest] from class [org.springframework.boot.test.autoconfigure.web.servlet.WebMvcTestContextBootstrapper]
2018-12-25 19:32:39.658  INFO 7626 --- [           main] .b.t.a.w.s.WebMvcTestContextBootstrapper : Neither @ContextConfiguration nor @ContextHierarchy found for test class [com.homesoft.springboot.nba_springboot.controller.ScheduleControllerTest], using SpringBootContextLoader
2018-12-25 19:32:39.662 DEBUG 7626 --- [           main] o.s.t.c.support.AbstractContextLoader    : Did not detect default resource location for test class [com.homesoft.springboot.nba_springboot.controller.ScheduleControllerTest]: class path resource [com/homesoft/springboot/nba_springboot/controller/ScheduleControllerTest-context.xml] does not exist
2018-12-25 19:32:39.662 DEBUG 7626 --- [           main] o.s.t.c.support.AbstractContextLoader    : Did not detect default resource location for test class [com.homesoft.springboot.nba_springboot.controller.ScheduleControllerTest]: class path resource [com/homesoft/springboot/nba_springboot/controller/ScheduleControllerTestContext.groovy] does not exist
2018-12-25 19:32:39.663  INFO 7626 --- [           main] o.s.t.c.support.AbstractContextLoader    : Could not detect default resource locations for test class [com.homesoft.springboot.nba_springboot.controller.ScheduleControllerTest]: no resource found for suffixes {-context.xml, Context.groovy}.
2018-12-25 19:32:39.663  INFO 7626 --- [           main] t.c.s.AnnotationConfigContextLoaderUtils : Could not detect default configuration classes for test class [com.homesoft.springboot.nba_springboot.controller.ScheduleControllerTest]: ScheduleControllerTest does not declare any static, non-private, non-final, nested classes annotated with @Configuration.
2018-12-25 19:32:39.679 DEBUG 7626 --- [           main] o.s.t.c.support.ActiveProfilesUtils      : Could not find an 'annotation declaring class' for annotation type [org.springframework.test.context.ActiveProfiles] and class [com.homesoft.springboot.nba_springboot.controller.ScheduleControllerTest]
2018-12-25 19:32:39.679 DEBUG 7626 --- [           main] o.s.core.env.StandardEnvironment         : Adding PropertySource 'systemProperties' with lowest search precedence
2018-12-25 19:32:39.679 DEBUG 7626 --- [           main] o.s.core.env.StandardEnvironment         : Adding PropertySource 'systemEnvironment' with lowest search precedence
2018-12-25 19:32:39.679 DEBUG 7626 --- [           main] o.s.core.env.StandardEnvironment         : Initialized StandardEnvironment with PropertySources [MapPropertySource@1628242023 {name='systemProperties', properties={sun.desktop=gnome, awt.toolkit=sun.awt.X11.XToolkit, java.specification.version=10, file.encoding.pkg=sun.io, sun.cpu.isalist=, sun.jnu.encoding=UTF-8, java.class.path=/home/distortion/projects/java/nba_springboot/target/test-classes:/home/distortion/projects/java/nba_springboot/target/classes:/home/distortion/.m2/repository/org/springframework/boot/spring-boot-starter-web/2.0.6.RELEASE/spring-boot-starter-web-2.0.6.RELEASE.jar:/home/distortion/.m2/repository/org/springframework/boot/spring-boot-starter/2.0.6.RELEASE/spring-boot-starter-2.0.6.RELEASE.jar:/home/distortion/.m2/repository/org/springframework/boot/spring-boot-starter-logging/2.0.6.RELEASE/spring-boot-starter-logging-2.0.6.RELEASE.jar:/home/distortion/.m2/repository/ch/qos/logback/logback-classic/1.2.3/logback-classic-1.2.3.jar:/home/distortion/.m2/repository/ch/qos/logback/logback-core/1.2.3/logback-core-1.2.3.jar:/home/distortion/.m2/repository/org/apache/logging/log4j/log4j-to-slf4j/2.10.0/log4j-to-slf4j-2.10.0.jar:/home/distortion/.m2/repository/org/apache/logging/log4j/log4j-api/2.10.0/log4j-api-2.10.0.jar:/home/distortion/.m2/repository/org/slf4j/jul-to-slf4j/1.7.25/jul-to-slf4j-1.7.25.jar:/home/distortion/.m2/repository/javax/annotation/javax.annotation-api/1.3.2/javax.annotation-api-1.3.2.jar:/home/distortion/.m2/repository/org/yaml/snakeyaml/1.19/snakeyaml-1.19.jar:/home/distortion/.m2/repository/org/springframework/boot/spring-boot-starter-json/2.0.6.RELEASE/spring-boot-starter-json-2.0.6.RELEASE.jar:/home/distortion/.m2/repository/com/fasterxml/jackson/core/jackson-databind/2.9.7/jackson-databind-2.9.7.jar:/home/distortion/.m2/repository/com/fasterxml/jackson/core/jackson-annotations/2.9.0/jackson-annotations-2.9.0.jar:/home/distortion/.m2/repository/com/fasterxml/jackson/core/jackson-core/2.9.7/jackson-core-2.9.7.jar:/home/distortion/.m2/repository/com/fasterxml/jackson/datatype/jackson-datatype-jdk8/2.9.7/jackson-datatype-jdk8-2.9.7.jar:/home/distortion/.m2/repository/com/fasterxml/jackson/datatype/jackson-datatype-jsr310/2.9.7/jackson-datatype-jsr310-2.9.7.jar:/home/distortion/.m2/repository/com/fasterxml/jackson/module/jackson-module-parameter-names/2.9.7/jackson-module-parameter-names-2.9.7.jar:/home/distortion/.m2/repository/org/springframework/boot/spring-boot-starter-tomcat/2.0.6.RELEASE/spring-boot-starter-tomcat-2.0.6.RELEASE.jar:/home/distortion/.m2/repository/org/apache/tomcat/embed/tomcat-embed-core/8.5.34/tomcat-embed-core-8.5.34.jar:/home/distortion/.m2/repository/org/apache/tomcat/embed/tomcat-embed-el/8.5.34/tomcat-embed-el-8.5.34.jar:/home/distortion/.m2/repository/org/apache/tomcat/embed/tomcat-embed-websocket/8.5.34/tomcat-embed-websocket-8.5.34.jar:/home/distortion/.m2/repository/org/hibernate/validator/hibernate-validator/6.0.13.Final/hibernate-validator-6.0.13.Final.jar:/home/distortion/.m2/repository/javax/validation/validation-api/2.0.1.Final/validation-api-2.0.1.Final.jar:/home/distortion/.m2/repository/org/jboss/logging/jboss-logging/3.3.2.Final/jboss-logging-3.3.2.Final.jar:/home/distortion/.m2/repository/com/fasterxml/classmate/1.3.4/classmate-1.3.4.jar:/home/distortion/.m2/repository/org/springframework/spring-web/5.0.10.RELEASE/spring-web-5.0.10.RELEASE.jar:/home/distortion/.m2/repository/org/springframework/spring-beans/5.0.10.RELEASE/spring-beans-5.0.10.RELEASE.jar:/home/distortion/.m2/repository/org/springframework/spring-webmvc/5.0.10.RELEASE/spring-webmvc-5.0.10.RELEASE.jar:/home/distortion/.m2/repository/org/springframework/spring-aop/5.0.10.RELEASE/spring-aop-5.0.10.RELEASE.jar:/home/distortion/.m2/repository/org/springframework/spring-context/5.0.10.RELEASE/spring-context-5.0.10.RELEASE.jar:/home/distortion/.m2/repository/org/springframework/spring-expression/5.0.10.RELEASE/spring-expression-5.0.10.RELEASE.jar:/home/distortion/.m2/repository/javax/servlet/jstl/1.2/jstl-1.2.jar:/home/distortion/.m2/repository/org/springframework/boot/spring-boot-starter-data-jpa/2.0.6.RELEASE/spring-boot-starter-data-jpa-2.0.6.RELEASE.jar:/home/distortion/.m2/repository/org/springframework/boot/spring-boot-starter-aop/2.0.6.RELEASE/spring-boot-starter-aop-2.0.6.RELEASE.jar:/home/distortion/.m2/repository/org/aspectj/aspectjweaver/1.8.13/aspectjweaver-1.8.13.jar:/home/distortion/.m2/repository/org/springframework/boot/spring-boot-starter-jdbc/2.0.6.RELEASE/spring-boot-starter-jdbc-2.0.6.RELEASE.jar:/home/distortion/.m2/repository/com/zaxxer/HikariCP/2.7.9/HikariCP-2.7.9.jar:/home/distortion/.m2/repository/org/springframework/spring-jdbc/5.0.10.RELEASE/spring-jdbc-5.0.10.RELEASE.jar:/home/distortion/.m2/repository/javax/transaction/javax.transaction-api/1.2/javax.transaction-api-1.2.jar:/home/distortion/.m2/repository/org/hibernate/hibernate-core/5.2.17.Final/hibernate-core-5.2.17.Final.jar:/home/distortion/.m2/repository/org/hibernate/javax/persistence/hibernate-jpa-2.1-api/1.0.2.Final/hibernate-jpa-2.1-api-1.0.2.Final.jar:/home/distortion/.m2/repository/org/javassist/javassist/3.22.0-GA/javassist-3.22.0-GA.jar:/home/distortion/.m2/repository/antlr/antlr/2.7.7/antlr-2.7.7.jar:/home/distortion/.m2/repository/org/jboss/jandex/2.0.3.Final/jandex-2.0.3.Final.jar:/home/distortion/.m2/repository/dom4j/dom4j/1.6.1/dom4j-1.6.1.jar:/home/distortion/.m2/repository/org/hibernate/common/hibernate-commons-annotations/5.0.1.Final/hibernate-commons-annotations-5.0.1.Final.jar:/home/distortion/.m2/repository/org/springframework/data/spring-data-jpa/2.0.11.RELEASE/spring-data-jpa-2.0.11.RELEASE.jar:/home/distortion/.m2/repository/org/springframework/data/spring-data-commons/2.0.11.RELEASE/spring-data-commons-2.0.11.RELEASE.jar:/home/distortion/.m2/repository/org/springframework/spring-orm/5.0.10.RELEASE/spring-orm-5.0.10.RELEASE.jar:/home/distortion/.m2/repository/org/springframework/spring-tx/5.0.10.RELEASE/spring-tx-5.0.10.RELEASE.jar:/home/distortion/.m2/repository/org/slf4j/slf4j-api/1.7.25/slf4j-api-1.7.25.jar:/home/distortion/.m2/repository/org/springframework/spring-aspects/5.0.10.RELEASE/spring-aspects-5.0.10.RELEASE.jar:/home/distortion/.m2/repository/com/h2database/h2/1.4.197/h2-1.4.197.jar:/home/distortion/.m2/repository/org/apache/tomcat/tomcat-jasper/9.0.12/tomcat-jasper-9.0.12.jar:/home/distortion/.m2/repository/org/apache/tomcat/tomcat-servlet-api/9.0.12/tomcat-servlet-api-9.0.12.jar:/home/distortion/.m2/repository/org/apache/tomcat/tomcat-juli/9.0.12/tomcat-juli-9.0.12.jar:/home/distortion/.m2/repository/org/apache/tomcat/tomcat-jsp-api/8.5.34/tomcat-jsp-api-8.5.34.jar:/home/distortion/.m2/repository/org/apache/tomcat/tomcat-el-api/9.0.12/tomcat-el-api-9.0.12.jar:/home/distortion/.m2/repository/org/eclipse/jdt/ecj/3.13.102/ecj-3.13.102.jar:/home/distortion/.m2/repository/org/apache/tomcat/tomcat-jasper-el/9.0.12/tomcat-jasper-el-9.0.12.jar:/home/distortion/.m2/repository/org/apache/tomcat/tomcat-api/9.0.12/tomcat-api-9.0.12.jar:/home/distortion/.m2/repository/org/apache/tomcat/tomcat-util-scan/9.0.12/tomcat-util-scan-9.0.12.jar:/home/distortion/.m2/repository/org/apache/tomcat/tomcat-util/9.0.12/tomcat-util-9.0.12.jar:/home/distortion/.m2/repository/org/springframework/boot/spring-boot-devtools/2.0.6.RELEASE/spring-boot-devtools-2.0.6.RELEASE.jar:/home/distortion/.m2/repository/org/springframework/boot/spring-boot/2.0.6.RELEASE/spring-boot-2.0.6.RELEASE.jar:/home/distortion/.m2/repository/org/springframework/boot/spring-boot-autoconfigure/2.0.6.RELEASE/spring-boot-autoconfigure-2.0.6.RELEASE.jar:/home/distortion/.m2/repository/org/springframework/boot/spring-boot-starter-test/2.0.6.RELEASE/spring-boot-starter-test-2.0.6.RELEASE.jar:/home/distortion/.m2/repository/org/springframework/boot/spring-boot-test/2.0.6.RELEASE/spring-boot-test-2.0.6.RELEASE.jar:/home/distortion/.m2/repository/org/springframework/boot/spring-boot-test-autoconfigure/2.0.6.RELEASE/spring-boot-test-autoconfigure-2.0.6.RELEASE.jar:/home/distortion/.m2/repository/com/jayway/jsonpath/json-path/2.4.0/json-path-2.4.0.jar:/home/distortion/.m2/repository/net/minidev/json-smart/2.3/json-smart-2.3.jar:/home/distortion/.m2/repository/net/minidev/accessors-smart/1.2/accessors-smart-1.2.jar:/home/distortion/.m2/repository/org/ow2/asm/asm/5.0.4/asm-5.0.4.jar:/home/distortion/.m2/repository/junit/junit/4.12/junit-4.12.jar:/home/distortion/.m2/repository/org/mockito/mockito-core/2.15.0/mockito-core-2.15.0.jar:/home/distortion/.m2/repository/net/bytebuddy/byte-buddy/1.7.11/byte-buddy-1.7.11.jar:/home/distortion/.m2/repository/net/bytebuddy/byte-buddy-agent/1.7.11/byte-buddy-agent-1.7.11.jar:/home/distortion/.m2/repository/org/objenesis/objenesis/2.6/objenesis-2.6.jar:/home/distortion/.m2/repository/org/hamcrest/hamcrest-core/1.3/hamcrest-core-1.3.jar:/home/distortion/.m2/repository/org/hamcrest/hamcrest-library/1.3/hamcrest-library-1.3.jar:/home/distortion/.m2/repository/org/skyscreamer/jsonassert/1.5.0/jsonassert-1.5.0.jar:/home/distortion/.m2/repository/com/vaadin/external/google/android-json/0.0.20131108.vaadin1/android-json-0.0.20131108.vaadin1.jar:/home/distortion/.m2/repository/org/springframework/spring-core/5.0.10.RELEASE/spring-core-5.0.10.RELEASE.jar:/home/distortion/.m2/repository/org/springframework/spring-jcl/5.0.10.RELEASE/spring-jcl-5.0.10.RELEASE.jar:/home/distortion/.m2/repository/org/springframework/spring-test/5.0.10.RELEASE/spring-test-5.0.10.RELEASE.jar:/home/distortion/.m2/repository/org/xmlunit/xmlunit-core/2.5.1/xmlunit-core-2.5.1.jar:/home/distortion/.m2/repository/org/assertj/assertj-core/3.9.1/assertj-core-3.9.1.jar:/home/distortion/.m2/repository/javax/xml/bind/jaxb-api/2.3.1/jaxb-api-2.3.1.jar:/home/distortion/.m2/repository/javax/activation/javax.activation-api/1.2.0/javax.activation-api-1.2.0.jar:, java.vm.vendor=Oracle Corporation, sun.arch.data.model=64, java.vendor.url=http://java.oracle.com/, user.timezone=Europe/Warsaw, os.name=Linux, java.vm.specification.version=10, sun.java.launcher=SUN_STANDARD, user.country=US, sun.boot.library.path=/usr/lib/jvm/java-11-openjdk-amd64/lib, sun.java.command=/home/distortion/projects/java/nba_springboot/target/surefire/surefirebooter6643602565128088559.jar /home/distortion/projects/java/nba_springboot/target/surefire 2018-12-25T19-32-27_375-jvmRun1 surefire1745729588074997432tmp surefire_07102018464076489561tmp, jdk.debug=release, surefire.test.class.path=/home/distortion/projects/java/nba_springboot/target/test-classes:/home/distortion/projects/java/nba_springboot/target/classes:/home/distortion/.m2/repository/org/springframework/boot/spring-boot-starter-web/2.0.6.RELEASE/spring-boot-starter-web-2.0.6.RELEASE.jar:/home/distortion/.m2/repository/org/springframework/boot/spring-boot-starter/2.0.6.RELEASE/spring-boot-starter-2.0.6.RELEASE.jar:/home/distortion/.m2/repository/org/springframework/boot/spring-boot-starter-logging/2.0.6.RELEASE/spring-boot-starter-logging-2.0.6.RELEASE.jar:/home/distortion/.m2/repository/ch/qos/logback/logback-classic/1.2.3/logback-classic-1.2.3.jar:/home/distortion/.m2/repository/ch/qos/logback/logback-core/1.2.3/logback-core-1.2.3.jar:/home/distortion/.m2/repository/org/apache/logging/log4j/log4j-to-slf4j/2.10.0/log4j-to-slf4j-2.10.0.jar:/home/distortion/.m2/repository/org/apache/logging/log4j/log4j-api/2.10.0/log4j-api-2.10.0.jar:/home/distortion/.m2/repository/org/slf4j/jul-to-slf4j/1.7.25/jul-to-slf4j-1.7.25.jar:/home/distortion/.m2/repository/javax/annotation/javax.annotation-api/1.3.2/javax.annotation-api-1.3.2.jar:/home/distortion/.m2/repository/org/yaml/snakeyaml/1.19/snakeyaml-1.19.jar:/home/distortion/.m2/repository/org/springframework/boot/spring-boot-starter-json/2.0.6.RELEASE/spring-boot-starter-json-2.0.6.RELEASE.jar:/home/distortion/.m2/repository/com/fasterxml/jackson/core/jackson-databind/2.9.7/jackson-databind-2.9.7.jar:/home/distortion/.m2/repository/com/fasterxml/jackson/core/jackson-annotations/2.9.0/jackson-annotations-2.9.0.jar:/home/distortion/.m2/repository/com/fasterxml/jackson/core/jackson-core/2.9.7/jackson-core-2.9.7.jar:/home/distortion/.m2/repository/com/fasterxml/jackson/datatype/jackson-datatype-jdk8/2.9.7/jackson-datatype-jdk8-2.9.7.jar:/home/distortion/.m2/repository/com/fasterxml/jackson/datatype/jackson-datatype-jsr310/2.9.7/jackson-datatype-jsr310-2.9.7.jar:/home/distortion/.m2/repository/com/fasterxml/jackson/module/jackson-module-parameter-names/2.9.7/jackson-module-parameter-names-2.9.7.jar:/home/distortion/.m2/repository/org/springframework/boot/spring-boot-starter-tomcat/2.0.6.RELEASE/spring-boot-starter-tomcat-2.0.6.RELEASE.jar:/home/distortion/.m2/repository/org/apache/tomcat/embed/tomcat-embed-core/8.5.34/tomcat-embed-core-8.5.34.jar:/home/distortion/.m2/repository/org/apache/tomcat/embed/tomcat-embed-el/8.5.34/tomcat-embed-el-8.5.34.jar:/home/distortion/.m2/repository/org/apache/tomcat/embed/tomcat-embed-websocket/8.5.34/tomcat-embed-websocket-8.5.34.jar:/home/distortion/.m2/repository/org/hibernate/validator/hibernate-validator/6.0.13.Final/hibernate-validator-6.0.13.Final.jar:/home/distortion/.m2/repository/javax/validation/validation-api/2.0.1.Final/validation-api-2.0.1.Final.jar:/home/distortion/.m2/repository/org/jboss/logging/jboss-logging/3.3.2.Final/jboss-logging-3.3.2.Final.jar:/home/distortion/.m2/repository/com/fasterxml/classmate/1.3.4/classmate-1.3.4.jar:/home/distortion/.m2/repository/org/springframework/spring-web/5.0.10.RELEASE/spring-web-5.0.10.RELEASE.jar:/home/distortion/.m2/repository/org/springframework/spring-beans/5.0.10.RELEASE/spring-beans-5.0.10.RELEASE.jar:/home/distortion/.m2/repository/org/springframework/spring-webmvc/5.0.10.RELEASE/spring-webmvc-5.0.10.RELEASE.jar:/home/distortion/.m2/repository/org/springframework/spring-aop/5.0.10.RELEASE/spring-aop-5.0.10.RELEASE.jar:/home/distortion/.m2/repository/org/springframework/spring-context/5.0.10.RELEASE/spring-context-5.0.10.RELEASE.jar:/home/distortion/.m2/repository/org/springframework/spring-expression/5.0.10.RELEASE/spring-expression-5.0.10.RELEASE.jar:/home/distortion/.m2/repository/javax/servlet/jstl/1.2/jstl-1.2.jar:/home/distortion/.m2/repository/org/springframework/boot/spring-boot-starter-data-jpa/2.0.6.RELEASE/spring-boot-starter-data-jpa-2.0.6.RELEASE.jar:/home/distortion/.m2/repository/org/springframework/boot/spring-boot-starter-aop/2.0.6.RELEASE/spring-boot-starter-aop-2.0.6.RELEASE.jar:/home/distortion/.m2/repository/org/aspectj/aspectjweaver/1.8.13/aspectjweaver-1.8.13.jar:/home/distortion/.m2/repository/org/springframework/boot/spring-boot-starter-jdbc/2.0.6.RELEASE/spring-boot-starter-jdbc-2.0.6.RELEASE.jar:/home/distortion/.m2/repository/com/zaxxer/HikariCP/2.7.9/HikariCP-2.7.9.jar:/home/distortion/.m2/repository/org/springframework/spring-jdbc/5.0.10.RELEASE/spring-jdbc-5.0.10.RELEASE.jar:/home/distortion/.m2/repository/javax/transaction/javax.transaction-api/1.2/javax.transaction-api-1.2.jar:/home/distortion/.m2/repository/org/hibernate/hibernate-core/5.2.17.Final/hibernate-core-5.2.17.Final.jar:/home/distortion/.m2/repository/org/hibernate/javax/persistence/hibernate-jpa-2.1-api/1.0.2.Final/hibernate-jpa-2.1-api-1.0.2.Final.jar:/home/distortion/.m2/repository/org/javassist/javassist/3.22.0-GA/javassist-3.22.0-GA.jar:/home/distortion/.m2/repository/antlr/antlr/2.7.7/antlr-2.7.7.jar:/home/distortion/.m2/repository/org/jboss/jandex/2.0.3.Final/jandex-2.0.3.Final.jar:/home/distortion/.m2/repository/dom4j/dom4j/1.6.1/dom4j-1.6.1.jar:/home/distortion/.m2/repository/org/hibernate/common/hibernate-commons-annotations/5.0.1.Final/hibernate-commons-annotations-5.0.1.Final.jar:/home/distortion/.m2/repository/org/springframework/data/spring-data-jpa/2.0.11.RELEASE/spring-data-jpa-2.0.11.RELEASE.jar:/home/distortion/.m2/repository/org/springframework/data/spring-data-commons/2.0.11.RELEASE/spring-data-commons-2.0.11.RELEASE.jar:/home/distortion/.m2/repository/org/springframework/spring-orm/5.0.10.RELEASE/spring-orm-5.0.10.RELEASE.jar:/home/distortion/.m2/repository/org/springframework/spring-tx/5.0.10.RELEASE/spring-tx-5.0.10.RELEASE.jar:/home/distortion/.m2/repository/org/slf4j/slf4j-api/1.7.25/slf4j-api-1.7.25.jar:/home/distortion/.m2/repository/org/springframework/spring-aspects/5.0.10.RELEASE/spring-aspects-5.0.10.RELEASE.jar:/home/distortion/.m2/repository/com/h2database/h2/1.4.197/h2-1.4.197.jar:/home/distortion/.m2/repository/org/apache/tomcat/tomcat-jasper/9.0.12/tomcat-jasper-9.0.12.jar:/home/distortion/.m2/repository/org/apache/tomcat/tomcat-servlet-api/9.0.12/tomcat-servlet-api-9.0.12.jar:/home/distortion/.m2/repository/org/apache/tomcat/tomcat-juli/9.0.12/tomcat-juli-9.0.12.jar:/home/distortion/.m2/repository/org/apache/tomcat/tomcat-jsp-api/8.5.34/tomcat-jsp-api-8.5.34.jar:/home/distortion/.m2/repository/org/apache/tomcat/tomcat-el-api/9.0.12/tomcat-el-api-9.0.12.jar:/home/distortion/.m2/repository/org/eclipse/jdt/ecj/3.13.102/ecj-3.13.102.jar:/home/distortion/.m2/repository/org/apache/tomcat/tomcat-jasper-el/9.0.12/tomcat-jasper-el-9.0.12.jar:/home/distortion/.m2/repository/org/apache/tomcat/tomcat-api/9.0.12/tomcat-api-9.0.12.jar:/home/distortion/.m2/repository/org/apache/tomcat/tomcat-util-scan/9.0.12/tomcat-util-scan-9.0.12.jar:/home/distortion/.m2/repository/org/apache/tomcat/tomcat-util/9.0.12/tomcat-util-9.0.12.jar:/home/distortion/.m2/repository/org/springframework/boot/spring-boot-devtools/2.0.6.RELEASE/spring-boot-devtools-2.0.6.RELEASE.jar:/home/distortion/.m2/repository/org/springframework/boot/spring-boot/2.0.6.RELEASE/spring-boot-2.0.6.RELEASE.jar:/home/distortion/.m2/repository/org/springframework/boot/spring-boot-autoconfigure/2.0.6.RELEASE/spring-boot-autoconfigure-2.0.6.RELEASE.jar:/home/distortion/.m2/repository/org/springframework/boot/spring-boot-starter-test/2.0.6.RELEASE/spring-boot-starter-test-2.0.6.RELEASE.jar:/home/distortion/.m2/repository/org/springframework/boot/spring-boot-test/2.0.6.RELEASE/spring-boot-test-2.0.6.RELEASE.jar:/home/distortion/.m2/repository/org/springframework/boot/spring-boot-test-autoconfigure/2.0.6.RELEASE/spring-boot-test-autoconfigure-2.0.6.RELEASE.jar:/home/distortion/.m2/repository/com/jayway/jsonpath/json-path/2.4.0/json-path-2.4.0.jar:/home/distortion/.m2/repository/net/minidev/json-smart/2.3/json-smart-2.3.jar:/home/distortion/.m2/repository/net/minidev/accessors-smart/1.2/accessors-smart-1.2.jar:/home/distortion/.m2/repository/org/ow2/asm/asm/5.0.4/asm-5.0.4.jar:/home/distortion/.m2/repository/junit/junit/4.12/junit-4.12.jar:/home/distortion/.m2/repository/org/mockito/mockito-core/2.15.0/mockito-core-2.15.0.jar:/home/distortion/.m2/repository/net/bytebuddy/byte-buddy/1.7.11/byte-buddy-1.7.11.jar:/home/distortion/.m2/repository/net/bytebuddy/byte-buddy-agent/1.7.11/byte-buddy-agent-1.7.11.jar:/home/distortion/.m2/repository/org/objenesis/objenesis/2.6/objenesis-2.6.jar:/home/distortion/.m2/repository/org/hamcrest/hamcrest-core/1.3/hamcrest-core-1.3.jar:/home/distortion/.m2/repository/org/hamcrest/hamcrest-library/1.3/hamcrest-library-1.3.jar:/home/distortion/.m2/repository/org/skyscreamer/jsonassert/1.5.0/jsonassert-1.5.0.jar:/home/distortion/.m2/repository/com/vaadin/external/google/android-json/0.0.20131108.vaadin1/android-json-0.0.20131108.vaadin1.jar:/home/distortion/.m2/repository/org/springframework/spring-core/5.0.10.RELEASE/spring-core-5.0.10.RELEASE.jar:/home/distortion/.m2/repository/org/springframework/spring-jcl/5.0.10.RELEASE/spring-jcl-5.0.10.RELEASE.jar:/home/distortion/.m2/repository/org/springframework/spring-test/5.0.10.RELEASE/spring-test-5.0.10.RELEASE.jar:/home/distortion/.m2/repository/org/xmlunit/xmlunit-core/2.5.1/xmlunit-core-2.5.1.jar:/home/distortion/.m2/repository/org/assertj/assertj-core/3.9.1/assertj-core-3.9.1.jar:/home/distortion/.m2/repository/javax/xml/bind/jaxb-api/2.3.1/jaxb-api-2.3.1.jar:/home/distortion/.m2/repository/javax/activation/javax.activation-api/1.2.0/javax.activation-api-1.2.0.jar:, sun.cpu.endian=little, user.home=/home/distortion, user.language=en, java.specification.vendor=Oracle Corporation, java.version.date=2018-07-17, java.home=/usr/lib/jvm/java-11-openjdk-amd64, file.separator=/, basedir=/home/distortion/projects/java/nba_springboot, java.vm.compressedOopsMode=32-bit, line.separator=
, java.specification.name=Java Platform API Specification, java.vm.specification.vendor=Oracle Corporation, java.awt.graphicsenv=sun.awt.X11GraphicsEnvironment, java.awt.headless=true, surefire.real.class.path=/home/distortion/projects/java/nba_springboot/target/surefire/surefirebooter6643602565128088559.jar, sun.management.compiler=HotSpot 64-Bit Tiered Compilers, java.runtime.version=10.0.2+13-Ubuntu-1ubuntu0.18.04.4, user.name=distortion, path.separator=:, os.version=4.15.0-43-generic, java.runtime.name=OpenJDK Runtime Environment, file.encoding=UTF-8, spring.beaninfo.ignore=true, java.vm.name=OpenJDK 64-Bit Server VM, localRepository=/home/distortion/.m2/repository, java.vendor.url.bug=http://bugreport.java.com/bugreport/, java.io.tmpdir=/tmp, idea.version=2018.2.5, com.zaxxer.hikari.pool_number=1, java.version=10.0.2, user.dir=/home/distortion/projects/java/nba_springboot, os.arch=amd64, java.vm.specification.name=Java Virtual Machine Specification, PID=7626, java.awt.printerjob=sun.print.PSPrinterJob, sun.os.patch.level=unknown, java.library.path=/usr/java/packages/lib:/usr/lib/x86_64-linux-gnu/jni:/lib/x86_64-linux-gnu:/usr/lib/x86_64-linux-gnu:/usr/lib/jni:/lib:/usr/lib, java.vendor=Oracle Corporation, java.vm.info=mixed mode, java.vm.version=10.0.2+13-Ubuntu-1ubuntu0.18.04.4, sun.io.unicode.encoding=UnicodeLittle, java.class.version=54.0}}, SystemEnvironmentPropertySource@1593084680 {name='systemEnvironment', properties={PATH=/usr/local/sbin:/usr/local/bin:/usr/sbin:/usr/bin:/sbin:/bin:/usr/games:/usr/local/games:/snap/bin, LC_MEASUREMENT=en_CA.UTF-8, XAUTHORITY=/run/user/1000/gdm/Xauthority, XMODIFIERS=@im=ibus, LC_TELEPHONE=en_CA.UTF-8, XDG_DATA_DIRS=/usr/share/ubuntu:/usr/local/share:/usr/share:/var/lib/snapd/desktop, GDMSESSION=ubuntu, MANDATORY_PATH=/usr/share/gconf/ubuntu.mandatory.path, LC_TIME=en_CA.UTF-8, PAPERSIZE=letter, TEXTDOMAINDIR=/usr/share/locale/, GTK_IM_MODULE=ibus, DBUS_SESSION_BUS_ADDRESS=unix:path=/run/user/1000/bus, DEFAULTS_PATH=/usr/share/gconf/ubuntu.default.path, XDG_CURRENT_DESKTOP=ubuntu:GNOME, SSH_AGENT_PID=1499, QT4_IM_MODULE=xim, LC_PAPER=en_CA.UTF-8, SESSION_MANAGER=local/Distortion:@/tmp/.ICE-unix/1421,unix/Distortion:/tmp/.ICE-unix/1421, USERNAME=distortion, LOGNAME=distortion, PWD=/home/distortion/projects/java/nba_springboot, IM_CONFIG_PHASE=2, GJS_DEBUG_TOPICS=JS ERROR;JS LOG, SHELL=/bin/bash, LC_ADDRESS=en_CA.UTF-8, GIO_LAUNCHED_DESKTOP_FILE=/home/distortion/.local/share/applications/jetbrains-idea.desktop, OLDPWD=/home/distortion/projects/java/nba_springboot, GNOME_DESKTOP_SESSION_ID=this-is-deprecated, GTK_MODULES=gail:atk-bridge, CLUTTER_IM_MODULE=xim, TEXTDOMAIN=im-config, XDG_SESSION_DESKTOP=ubuntu, SHLVL=0, LC_IDENTIFICATION=en_CA.UTF-8, LC_MONETARY=en_CA.UTF-8, QT_IM_MODULE=ibus, XDG_CONFIG_DIRS=/etc/xdg/xdg-ubuntu:/etc/xdg, LANG=en_US.UTF-8, XDG_SESSION_ID=2, XDG_SESSION_TYPE=x11, DISPLAY=:0, LC_NAME=en_CA.UTF-8, GPG_AGENT_INFO=/run/user/1000/gnupg/S.gpg-agent:0:1, DESKTOP_SESSION=ubuntu, USER=distortion, XDG_MENU_PREFIX=gnome-, GIO_LAUNCHED_DESKTOP_FILE_PID=3273, QT_ACCESSIBILITY=1, WINDOWPATH=2, LC_NUMERIC=en_CA.UTF-8, GJS_DEBUG_OUTPUT=stderr, SSH_AUTH_SOCK=/run/user/1000/keyring/ssh, XDG_SEAT=seat0, GNOME_SHELL_SESSION_MODE=ubuntu, XDG_VTNR=2, XDG_RUNTIME_DIR=/run/user/1000, HOME=/home/distortion}}]
2018-12-25 19:32:39.680  INFO 7626 --- [           main] .b.t.c.SpringBootTestContextBootstrapper : Found @SpringBootConfiguration com.homesoft.springboot.nba_springboot.NbaSpringbootApplication for test class com.homesoft.springboot.nba_springboot.controller.ScheduleControllerTest
2018-12-25 19:32:39.681 DEBUG 7626 --- [           main] .b.t.a.w.s.WebMvcTestContextBootstrapper : @TestExecutionListeners is not present for class [com.homesoft.springboot.nba_springboot.controller.ScheduleControllerTest]: using defaults.
2018-12-25 19:32:39.681  INFO 7626 --- [           main] .b.t.a.w.s.WebMvcTestContextBootstrapper : Loaded default TestExecutionListener class names from location [META-INF/spring.factories]: [org.springframework.boot.test.mock.mockito.MockitoTestExecutionListener, org.springframework.boot.test.mock.mockito.ResetMocksTestExecutionListener, org.springframework.boot.test.autoconfigure.restdocs.RestDocsTestExecutionListener, org.springframework.boot.test.autoconfigure.web.client.MockRestServiceServerResetTestExecutionListener, org.springframework.boot.test.autoconfigure.web.servlet.MockMvcPrintOnlyOnFailureTestExecutionListener, org.springframework.boot.test.autoconfigure.web.servlet.WebDriverTestExecutionListener, org.springframework.test.context.web.ServletTestExecutionListener, org.springframework.test.context.support.DirtiesContextBeforeModesTestExecutionListener, org.springframework.test.context.support.DependencyInjectionTestExecutionListener, org.springframework.test.context.support.DirtiesContextTestExecutionListener, org.springframework.test.context.transaction.TransactionalTestExecutionListener, org.springframework.test.context.jdbc.SqlScriptsTestExecutionListener]
2018-12-25 19:32:39.681  INFO 7626 --- [           main] .b.t.a.w.s.WebMvcTestContextBootstrapper : Using TestExecutionListeners: [org.springframework.test.context.web.ServletTestExecutionListener@7a1878d, org.springframework.test.context.support.DirtiesContextBeforeModesTestExecutionListener@2b625e82, org.springframework.boot.test.mock.mockito.MockitoTestExecutionListener@22657db1, org.springframework.boot.test.autoconfigure.SpringBootDependencyInjectionTestExecutionListener@58b30e3e, org.springframework.test.context.support.DirtiesContextTestExecutionListener@5325674a, org.springframework.test.context.transaction.TransactionalTestExecutionListener@6a0aa5e2, org.springframework.test.context.jdbc.SqlScriptsTestExecutionListener@630bd5e7, org.springframework.boot.test.mock.mockito.ResetMocksTestExecutionListener@2389f546, org.springframework.boot.test.autoconfigure.restdocs.RestDocsTestExecutionListener@5b6ec94a, org.springframework.boot.test.autoconfigure.web.client.MockRestServiceServerResetTestExecutionListener@64745270, org.springframework.boot.test.autoconfigure.web.servlet.MockMvcPrintOnlyOnFailureTestExecutionListener@596d17f4, org.springframework.boot.test.autoconfigure.web.servlet.WebDriverTestExecutionListener@35a2ea5a]
2018-12-25 19:32:39.681 DEBUG 7626 --- [           main] o.s.test.annotation.ProfileValueUtils    : Retrieved @ProfileValueSourceConfiguration [null] for test class [com.homesoft.springboot.nba_springboot.controller.ScheduleControllerTest]
2018-12-25 19:32:39.681 DEBUG 7626 --- [           main] o.s.test.annotation.ProfileValueUtils    : Retrieved ProfileValueSource type [class org.springframework.test.annotation.SystemProfileValueSource] for class [com.homesoft.springboot.nba_springboot.controller.ScheduleControllerTest]
2018-12-25 19:32:39.681 DEBUG 7626 --- [           main] o.s.test.annotation.ProfileValueUtils    : Retrieved @ProfileValueSourceConfiguration [null] for test class [com.homesoft.springboot.nba_springboot.controller.ScheduleControllerTest]
2018-12-25 19:32:39.681 DEBUG 7626 --- [           main] o.s.test.annotation.ProfileValueUtils    : Retrieved ProfileValueSource type [class org.springframework.test.annotation.SystemProfileValueSource] for class [com.homesoft.springboot.nba_springboot.controller.ScheduleControllerTest]
2018-12-25 19:32:39.681 DEBUG 7626 --- [           main] o.s.test.annotation.ProfileValueUtils    : Retrieved @ProfileValueSourceConfiguration [null] for test class [com.homesoft.springboot.nba_springboot.controller.ScheduleControllerTest]
2018-12-25 19:32:39.681 DEBUG 7626 --- [           main] o.s.test.annotation.ProfileValueUtils    : Retrieved ProfileValueSource type [class org.springframework.test.annotation.SystemProfileValueSource] for class [com.homesoft.springboot.nba_springboot.controller.ScheduleControllerTest]
2018-12-25 19:32:39.682 DEBUG 7626 --- [           main] tractDirtiesContextTestExecutionListener : Before test class: context [DefaultTestContext@18ab513d testClass = ScheduleControllerTest, testInstance = [null], testMethod = [null], testException = [null], mergedContextConfiguration = [WebMergedContextConfiguration@5e8a678a testClass = ScheduleControllerTest, locations = '{}', classes = '{class com.homesoft.springboot.nba_springboot.NbaSpringbootApplication}', contextInitializerClasses = '[]', activeProfiles = '{}', propertySourceLocations = '{}', propertySourceProperties = '{org.springframework.boot.test.autoconfigure.web.servlet.WebMvcTestContextBootstrapper=true}', contextCustomizers = set[[ImportsContextCustomizer@6fe91918 key = [org.springframework.boot.autoconfigure.cache.CacheAutoConfiguration, org.springframework.boot.autoconfigure.context.MessageSourceAutoConfiguration, org.springframework.boot.autoconfigure.freemarker.FreeMarkerAutoConfiguration, org.springframework.boot.autoconfigure.groovy.template.GroovyTemplateAutoConfiguration, org.springframework.boot.autoconfigure.gson.GsonAutoConfiguration, org.springframework.boot.autoconfigure.hateoas.HypermediaAutoConfiguration, org.springframework.boot.autoconfigure.http.HttpMessageConvertersAutoConfiguration, org.springframework.boot.autoconfigure.jackson.JacksonAutoConfiguration, org.springframework.boot.autoconfigure.jsonb.JsonbAutoConfiguration, org.springframework.boot.autoconfigure.mustache.MustacheAutoConfiguration, org.springframework.boot.autoconfigure.thymeleaf.ThymeleafAutoConfiguration, org.springframework.boot.autoconfigure.validation.ValidationAutoConfiguration, org.springframework.boot.autoconfigure.web.servlet.error.ErrorMvcAutoConfiguration, org.springframework.boot.autoconfigure.web.servlet.WebMvcAutoConfiguration, org.springframework.boot.test.autoconfigure.web.servlet.MockMvcAutoConfiguration, org.springframework.boot.test.autoconfigure.web.servlet.MockMvcSecurityAutoConfiguration, org.springframework.boot.test.autoconfigure.web.servlet.MockMvcWebClientAutoConfiguration, org.springframework.boot.test.autoconfigure.web.servlet.MockMvcWebDriverAutoConfiguration]], org.springframework.boot.test.context.filter.ExcludeFilterContextCustomizer@2f217633, org.springframework.boot.test.json.DuplicateJsonObjectContextCustomizerFactory$DuplicateJsonObjectContextCustomizer@5acf93bb, org.springframework.boot.test.mock.mockito.MockitoContextCustomizer@7d9e5f88, org.springframework.boot.test.autoconfigure.OverrideAutoConfigurationContextCustomizerFactory$DisableAutoConfigurationContextCustomizer@796642ae, org.springframework.boot.test.autoconfigure.filter.TypeExcludeFiltersContextCustomizer@a3fc6af, org.springframework.boot.test.autoconfigure.properties.PropertyMappingContextCustomizer@fae3819e, org.springframework.boot.test.autoconfigure.web.servlet.WebDriverContextCustomizerFactory$Customizer@729d991e], resourceBasePath = '', contextLoader = 'org.springframework.boot.test.context.SpringBootContextLoader', parent = [null]], attributes = map[[empty]]], class annotated with @DirtiesContext [false] with mode [null].
2018-12-25 19:32:39.682 DEBUG 7626 --- [           main] o.s.test.annotation.ProfileValueUtils    : Retrieved @ProfileValueSourceConfiguration [null] for test class [com.homesoft.springboot.nba_springboot.controller.ScheduleControllerTest]
2018-12-25 19:32:39.682 DEBUG 7626 --- [           main] o.s.test.annotation.ProfileValueUtils    : Retrieved ProfileValueSource type [class org.springframework.test.annotation.SystemProfileValueSource] for class [com.homesoft.springboot.nba_springboot.controller.ScheduleControllerTest]
2018-12-25 19:32:39.685 DEBUG 7626 --- [           main] o.s.core.env.StandardEnvironment         : Adding PropertySource 'systemProperties' with lowest search precedence
2018-12-25 19:32:39.685 DEBUG 7626 --- [           main] o.s.core.env.StandardEnvironment         : Adding PropertySource 'systemEnvironment' with lowest search precedence
2018-12-25 19:32:39.686 DEBUG 7626 --- [           main] o.s.core.env.StandardEnvironment         : Initialized StandardEnvironment with PropertySources [MapPropertySource@1295769221 {name='systemProperties', properties={sun.desktop=gnome, awt.toolkit=sun.awt.X11.XToolkit, java.specification.version=10, file.encoding.pkg=sun.io, sun.cpu.isalist=, sun.jnu.encoding=UTF-8, java.class.path=/home/distortion/projects/java/nba_springboot/target/test-classes:/home/distortion/projects/java/nba_springboot/target/classes:/home/distortion/.m2/repository/org/springframework/boot/spring-boot-starter-web/2.0.6.RELEASE/spring-boot-starter-web-2.0.6.RELEASE.jar:/home/distortion/.m2/repository/org/springframework/boot/spring-boot-starter/2.0.6.RELEASE/spring-boot-starter-2.0.6.RELEASE.jar:/home/distortion/.m2/repository/org/springframework/boot/spring-boot-starter-logging/2.0.6.RELEASE/spring-boot-starter-logging-2.0.6.RELEASE.jar:/home/distortion/.m2/repository/ch/qos/logback/logback-classic/1.2.3/logback-classic-1.2.3.jar:/home/distortion/.m2/repository/ch/qos/logback/logback-core/1.2.3/logback-core-1.2.3.jar:/home/distortion/.m2/repository/org/apache/logging/log4j/log4j-to-slf4j/2.10.0/log4j-to-slf4j-2.10.0.jar:/home/distortion/.m2/repository/org/apache/logging/log4j/log4j-api/2.10.0/log4j-api-2.10.0.jar:/home/distortion/.m2/repository/org/slf4j/jul-to-slf4j/1.7.25/jul-to-slf4j-1.7.25.jar:/home/distortion/.m2/repository/javax/annotation/javax.annotation-api/1.3.2/javax.annotation-api-1.3.2.jar:/home/distortion/.m2/repository/org/yaml/snakeyaml/1.19/snakeyaml-1.19.jar:/home/distortion/.m2/repository/org/springframework/boot/spring-boot-starter-json/2.0.6.RELEASE/spring-boot-starter-json-2.0.6.RELEASE.jar:/home/distortion/.m2/repository/com/fasterxml/jackson/core/jackson-databind/2.9.7/jackson-databind-2.9.7.jar:/home/distortion/.m2/repository/com/fasterxml/jackson/core/jackson-annotations/2.9.0/jackson-annotations-2.9.0.jar:/home/distortion/.m2/repository/com/fasterxml/jackson/core/jackson-core/2.9.7/jackson-core-2.9.7.jar:/home/distortion/.m2/repository/com/fasterxml/jackson/datatype/jackson-datatype-jdk8/2.9.7/jackson-datatype-jdk8-2.9.7.jar:/home/distortion/.m2/repository/com/fasterxml/jackson/datatype/jackson-datatype-jsr310/2.9.7/jackson-datatype-jsr310-2.9.7.jar:/home/distortion/.m2/repository/com/fasterxml/jackson/module/jackson-module-parameter-names/2.9.7/jackson-module-parameter-names-2.9.7.jar:/home/distortion/.m2/repository/org/springframework/boot/spring-boot-starter-tomcat/2.0.6.RELEASE/spring-boot-starter-tomcat-2.0.6.RELEASE.jar:/home/distortion/.m2/repository/org/apache/tomcat/embed/tomcat-embed-core/8.5.34/tomcat-embed-core-8.5.34.jar:/home/distortion/.m2/repository/org/apache/tomcat/embed/tomcat-embed-el/8.5.34/tomcat-embed-el-8.5.34.jar:/home/distortion/.m2/repository/org/apache/tomcat/embed/tomcat-embed-websocket/8.5.34/tomcat-embed-websocket-8.5.34.jar:/home/distortion/.m2/repository/org/hibernate/validator/hibernate-validator/6.0.13.Final/hibernate-validator-6.0.13.Final.jar:/home/distortion/.m2/repository/javax/validation/validation-api/2.0.1.Final/validation-api-2.0.1.Final.jar:/home/distortion/.m2/repository/org/jboss/logging/jboss-logging/3.3.2.Final/jboss-logging-3.3.2.Final.jar:/home/distortion/.m2/repository/com/fasterxml/classmate/1.3.4/classmate-1.3.4.jar:/home/distortion/.m2/repository/org/springframework/spring-web/5.0.10.RELEASE/spring-web-5.0.10.RELEASE.jar:/home/distortion/.m2/repository/org/springframework/spring-beans/5.0.10.RELEASE/spring-beans-5.0.10.RELEASE.jar:/home/distortion/.m2/repository/org/springframework/spring-webmvc/5.0.10.RELEASE/spring-webmvc-5.0.10.RELEASE.jar:/home/distortion/.m2/repository/org/springframework/spring-aop/5.0.10.RELEASE/spring-aop-5.0.10.RELEASE.jar:/home/distortion/.m2/repository/org/springframework/spring-context/5.0.10.RELEASE/spring-context-5.0.10.RELEASE.jar:/home/distortion/.m2/repository/org/springframework/spring-expression/5.0.10.RELEASE/spring-expression-5.0.10.RELEASE.jar:/home/distortion/.m2/repository/javax/servlet/jstl/1.2/jstl-1.2.jar:/home/distortion/.m2/repository/org/springframework/boot/spring-boot-starter-data-jpa/2.0.6.RELEASE/spring-boot-starter-data-jpa-2.0.6.RELEASE.jar:/home/distortion/.m2/repository/org/springframework/boot/spring-boot-starter-aop/2.0.6.RELEASE/spring-boot-starter-aop-2.0.6.RELEASE.jar:/home/distortion/.m2/repository/org/aspectj/aspectjweaver/1.8.13/aspectjweaver-1.8.13.jar:/home/distortion/.m2/repository/org/springframework/boot/spring-boot-starter-jdbc/2.0.6.RELEASE/spring-boot-starter-jdbc-2.0.6.RELEASE.jar:/home/distortion/.m2/repository/com/zaxxer/HikariCP/2.7.9/HikariCP-2.7.9.jar:/home/distortion/.m2/repository/org/springframework/spring-jdbc/5.0.10.RELEASE/spring-jdbc-5.0.10.RELEASE.jar:/home/distortion/.m2/repository/javax/transaction/javax.transaction-api/1.2/javax.transaction-api-1.2.jar:/home/distortion/.m2/repository/org/hibernate/hibernate-core/5.2.17.Final/hibernate-core-5.2.17.Final.jar:/home/distortion/.m2/repository/org/hibernate/javax/persistence/hibernate-jpa-2.1-api/1.0.2.Final/hibernate-jpa-2.1-api-1.0.2.Final.jar:/home/distortion/.m2/repository/org/javassist/javassist/3.22.0-GA/javassist-3.22.0-GA.jar:/home/distortion/.m2/repository/antlr/antlr/2.7.7/antlr-2.7.7.jar:/home/distortion/.m2/repository/org/jboss/jandex/2.0.3.Final/jandex-2.0.3.Final.jar:/home/distortion/.m2/repository/dom4j/dom4j/1.6.1/dom4j-1.6.1.jar:/home/distortion/.m2/repository/org/hibernate/common/hibernate-commons-annotations/5.0.1.Final/hibernate-commons-annotations-5.0.1.Final.jar:/home/distortion/.m2/repository/org/springframework/data/spring-data-jpa/2.0.11.RELEASE/spring-data-jpa-2.0.11.RELEASE.jar:/home/distortion/.m2/repository/org/springframework/data/spring-data-commons/2.0.11.RELEASE/spring-data-commons-2.0.11.RELEASE.jar:/home/distortion/.m2/repository/org/springframework/spring-orm/5.0.10.RELEASE/spring-orm-5.0.10.RELEASE.jar:/home/distortion/.m2/repository/org/springframework/spring-tx/5.0.10.RELEASE/spring-tx-5.0.10.RELEASE.jar:/home/distortion/.m2/repository/org/slf4j/slf4j-api/1.7.25/slf4j-api-1.7.25.jar:/home/distortion/.m2/repository/org/springframework/spring-aspects/5.0.10.RELEASE/spring-aspects-5.0.10.RELEASE.jar:/home/distortion/.m2/repository/com/h2database/h2/1.4.197/h2-1.4.197.jar:/home/distortion/.m2/repository/org/apache/tomcat/tomcat-jasper/9.0.12/tomcat-jasper-9.0.12.jar:/home/distortion/.m2/repository/org/apache/tomcat/tomcat-servlet-api/9.0.12/tomcat-servlet-api-9.0.12.jar:/home/distortion/.m2/repository/org/apache/tomcat/tomcat-juli/9.0.12/tomcat-juli-9.0.12.jar:/home/distortion/.m2/repository/org/apache/tomcat/tomcat-jsp-api/8.5.34/tomcat-jsp-api-8.5.34.jar:/home/distortion/.m2/repository/org/apache/tomcat/tomcat-el-api/9.0.12/tomcat-el-api-9.0.12.jar:/home/distortion/.m2/repository/org/eclipse/jdt/ecj/3.13.102/ecj-3.13.102.jar:/home/distortion/.m2/repository/org/apache/tomcat/tomcat-jasper-el/9.0.12/tomcat-jasper-el-9.0.12.jar:/home/distortion/.m2/repository/org/apache/tomcat/tomcat-api/9.0.12/tomcat-api-9.0.12.jar:/home/distortion/.m2/repository/org/apache/tomcat/tomcat-util-scan/9.0.12/tomcat-util-scan-9.0.12.jar:/home/distortion/.m2/repository/org/apache/tomcat/tomcat-util/9.0.12/tomcat-util-9.0.12.jar:/home/distortion/.m2/repository/org/springframework/boot/spring-boot-devtools/2.0.6.RELEASE/spring-boot-devtools-2.0.6.RELEASE.jar:/home/distortion/.m2/repository/org/springframework/boot/spring-boot/2.0.6.RELEASE/spring-boot-2.0.6.RELEASE.jar:/home/distortion/.m2/repository/org/springframework/boot/spring-boot-autoconfigure/2.0.6.RELEASE/spring-boot-autoconfigure-2.0.6.RELEASE.jar:/home/distortion/.m2/repository/org/springframework/boot/spring-boot-starter-test/2.0.6.RELEASE/spring-boot-starter-test-2.0.6.RELEASE.jar:/home/distortion/.m2/repository/org/springframework/boot/spring-boot-test/2.0.6.RELEASE/spring-boot-test-2.0.6.RELEASE.jar:/home/distortion/.m2/repository/org/springframework/boot/spring-boot-test-autoconfigure/2.0.6.RELEASE/spring-boot-test-autoconfigure-2.0.6.RELEASE.jar:/home/distortion/.m2/repository/com/jayway/jsonpath/json-path/2.4.0/json-path-2.4.0.jar:/home/distortion/.m2/repository/net/minidev/json-smart/2.3/json-smart-2.3.jar:/home/distortion/.m2/repository/net/minidev/accessors-smart/1.2/accessors-smart-1.2.jar:/home/distortion/.m2/repository/org/ow2/asm/asm/5.0.4/asm-5.0.4.jar:/home/distortion/.m2/repository/junit/junit/4.12/junit-4.12.jar:/home/distortion/.m2/repository/org/mockito/mockito-core/2.15.0/mockito-core-2.15.0.jar:/home/distortion/.m2/repository/net/bytebuddy/byte-buddy/1.7.11/byte-buddy-1.7.11.jar:/home/distortion/.m2/repository/net/bytebuddy/byte-buddy-agent/1.7.11/byte-buddy-agent-1.7.11.jar:/home/distortion/.m2/repository/org/objenesis/objenesis/2.6/objenesis-2.6.jar:/home/distortion/.m2/repository/org/hamcrest/hamcrest-core/1.3/hamcrest-core-1.3.jar:/home/distortion/.m2/repository/org/hamcrest/hamcrest-library/1.3/hamcrest-library-1.3.jar:/home/distortion/.m2/repository/org/skyscreamer/jsonassert/1.5.0/jsonassert-1.5.0.jar:/home/distortion/.m2/repository/com/vaadin/external/google/android-json/0.0.20131108.vaadin1/android-json-0.0.20131108.vaadin1.jar:/home/distortion/.m2/repository/org/springframework/spring-core/5.0.10.RELEASE/spring-core-5.0.10.RELEASE.jar:/home/distortion/.m2/repository/org/springframework/spring-jcl/5.0.10.RELEASE/spring-jcl-5.0.10.RELEASE.jar:/home/distortion/.m2/repository/org/springframework/spring-test/5.0.10.RELEASE/spring-test-5.0.10.RELEASE.jar:/home/distortion/.m2/repository/org/xmlunit/xmlunit-core/2.5.1/xmlunit-core-2.5.1.jar:/home/distortion/.m2/repository/org/assertj/assertj-core/3.9.1/assertj-core-3.9.1.jar:/home/distortion/.m2/repository/javax/xml/bind/jaxb-api/2.3.1/jaxb-api-2.3.1.jar:/home/distortion/.m2/repository/javax/activation/javax.activation-api/1.2.0/javax.activation-api-1.2.0.jar:, java.vm.vendor=Oracle Corporation, sun.arch.data.model=64, java.vendor.url=http://java.oracle.com/, user.timezone=Europe/Warsaw, os.name=Linux, java.vm.specification.version=10, sun.java.launcher=SUN_STANDARD, user.country=US, sun.boot.library.path=/usr/lib/jvm/java-11-openjdk-amd64/lib, sun.java.command=/home/distortion/projects/java/nba_springboot/target/surefire/surefirebooter6643602565128088559.jar /home/distortion/projects/java/nba_springboot/target/surefire 2018-12-25T19-32-27_375-jvmRun1 surefire1745729588074997432tmp surefire_07102018464076489561tmp, jdk.debug=release, surefire.test.class.path=/home/distortion/projects/java/nba_springboot/target/test-classes:/home/distortion/projects/java/nba_springboot/target/classes:/home/distortion/.m2/repository/org/springframework/boot/spring-boot-starter-web/2.0.6.RELEASE/spring-boot-starter-web-2.0.6.RELEASE.jar:/home/distortion/.m2/repository/org/springframework/boot/spring-boot-starter/2.0.6.RELEASE/spring-boot-starter-2.0.6.RELEASE.jar:/home/distortion/.m2/repository/org/springframework/boot/spring-boot-starter-logging/2.0.6.RELEASE/spring-boot-starter-logging-2.0.6.RELEASE.jar:/home/distortion/.m2/repository/ch/qos/logback/logback-classic/1.2.3/logback-classic-1.2.3.jar:/home/distortion/.m2/repository/ch/qos/logback/logback-core/1.2.3/logback-core-1.2.3.jar:/home/distortion/.m2/repository/org/apache/logging/log4j/log4j-to-slf4j/2.10.0/log4j-to-slf4j-2.10.0.jar:/home/distortion/.m2/repository/org/apache/logging/log4j/log4j-api/2.10.0/log4j-api-2.10.0.jar:/home/distortion/.m2/repository/org/slf4j/jul-to-slf4j/1.7.25/jul-to-slf4j-1.7.25.jar:/home/distortion/.m2/repository/javax/annotation/javax.annotation-api/1.3.2/javax.annotation-api-1.3.2.jar:/home/distortion/.m2/repository/org/yaml/snakeyaml/1.19/snakeyaml-1.19.jar:/home/distortion/.m2/repository/org/springframework/boot/spring-boot-starter-json/2.0.6.RELEASE/spring-boot-starter-json-2.0.6.RELEASE.jar:/home/distortion/.m2/repository/com/fasterxml/jackson/core/jackson-databind/2.9.7/jackson-databind-2.9.7.jar:/home/distortion/.m2/repository/com/fasterxml/jackson/core/jackson-annotations/2.9.0/jackson-annotations-2.9.0.jar:/home/distortion/.m2/repository/com/fasterxml/jackson/core/jackson-core/2.9.7/jackson-core-2.9.7.jar:/home/distortion/.m2/repository/com/fasterxml/jackson/datatype/jackson-datatype-jdk8/2.9.7/jackson-datatype-jdk8-2.9.7.jar:/home/distortion/.m2/repository/com/fasterxml/jackson/datatype/jackson-datatype-jsr310/2.9.7/jackson-datatype-jsr310-2.9.7.jar:/home/distortion/.m2/repository/com/fasterxml/jackson/module/jackson-module-parameter-names/2.9.7/jackson-module-parameter-names-2.9.7.jar:/home/distortion/.m2/repository/org/springframework/boot/spring-boot-starter-tomcat/2.0.6.RELEASE/spring-boot-starter-tomcat-2.0.6.RELEASE.jar:/home/distortion/.m2/repository/org/apache/tomcat/embed/tomcat-embed-core/8.5.34/tomcat-embed-core-8.5.34.jar:/home/distortion/.m2/repository/org/apache/tomcat/embed/tomcat-embed-el/8.5.34/tomcat-embed-el-8.5.34.jar:/home/distortion/.m2/repository/org/apache/tomcat/embed/tomcat-embed-websocket/8.5.34/tomcat-embed-websocket-8.5.34.jar:/home/distortion/.m2/repository/org/hibernate/validator/hibernate-validator/6.0.13.Final/hibernate-validator-6.0.13.Final.jar:/home/distortion/.m2/repository/javax/validation/validation-api/2.0.1.Final/validation-api-2.0.1.Final.jar:/home/distortion/.m2/repository/org/jboss/logging/jboss-logging/3.3.2.Final/jboss-logging-3.3.2.Final.jar:/home/distortion/.m2/repository/com/fasterxml/classmate/1.3.4/classmate-1.3.4.jar:/home/distortion/.m2/repository/org/springframework/spring-web/5.0.10.RELEASE/spring-web-5.0.10.RELEASE.jar:/home/distortion/.m2/repository/org/springframework/spring-beans/5.0.10.RELEASE/spring-beans-5.0.10.RELEASE.jar:/home/distortion/.m2/repository/org/springframework/spring-webmvc/5.0.10.RELEASE/spring-webmvc-5.0.10.RELEASE.jar:/home/distortion/.m2/repository/org/springframework/spring-aop/5.0.10.RELEASE/spring-aop-5.0.10.RELEASE.jar:/home/distortion/.m2/repository/org/springframework/spring-context/5.0.10.RELEASE/spring-context-5.0.10.RELEASE.jar:/home/distortion/.m2/repository/org/springframework/spring-expression/5.0.10.RELEASE/spring-expression-5.0.10.RELEASE.jar:/home/distortion/.m2/repository/javax/servlet/jstl/1.2/jstl-1.2.jar:/home/distortion/.m2/repository/org/springframework/boot/spring-boot-starter-data-jpa/2.0.6.RELEASE/spring-boot-starter-data-jpa-2.0.6.RELEASE.jar:/home/distortion/.m2/repository/org/springframework/boot/spring-boot-starter-aop/2.0.6.RELEASE/spring-boot-starter-aop-2.0.6.RELEASE.jar:/home/distortion/.m2/repository/org/aspectj/aspectjweaver/1.8.13/aspectjweaver-1.8.13.jar:/home/distortion/.m2/repository/org/springframework/boot/spring-boot-starter-jdbc/2.0.6.RELEASE/spring-boot-starter-jdbc-2.0.6.RELEASE.jar:/home/distortion/.m2/repository/com/zaxxer/HikariCP/2.7.9/HikariCP-2.7.9.jar:/home/distortion/.m2/repository/org/springframework/spring-jdbc/5.0.10.RELEASE/spring-jdbc-5.0.10.RELEASE.jar:/home/distortion/.m2/repository/javax/transaction/javax.transaction-api/1.2/javax.transaction-api-1.2.jar:/home/distortion/.m2/repository/org/hibernate/hibernate-core/5.2.17.Final/hibernate-core-5.2.17.Final.jar:/home/distortion/.m2/repository/org/hibernate/javax/persistence/hibernate-jpa-2.1-api/1.0.2.Final/hibernate-jpa-2.1-api-1.0.2.Final.jar:/home/distortion/.m2/repository/org/javassist/javassist/3.22.0-GA/javassist-3.22.0-GA.jar:/home/distortion/.m2/repository/antlr/antlr/2.7.7/antlr-2.7.7.jar:/home/distortion/.m2/repository/org/jboss/jandex/2.0.3.Final/jandex-2.0.3.Final.jar:/home/distortion/.m2/repository/dom4j/dom4j/1.6.1/dom4j-1.6.1.jar:/home/distortion/.m2/repository/org/hibernate/common/hibernate-commons-annotations/5.0.1.Final/hibernate-commons-annotations-5.0.1.Final.jar:/home/distortion/.m2/repository/org/springframework/data/spring-data-jpa/2.0.11.RELEASE/spring-data-jpa-2.0.11.RELEASE.jar:/home/distortion/.m2/repository/org/springframework/data/spring-data-commons/2.0.11.RELEASE/spring-data-commons-2.0.11.RELEASE.jar:/home/distortion/.m2/repository/org/springframework/spring-orm/5.0.10.RELEASE/spring-orm-5.0.10.RELEASE.jar:/home/distortion/.m2/repository/org/springframework/spring-tx/5.0.10.RELEASE/spring-tx-5.0.10.RELEASE.jar:/home/distortion/.m2/repository/org/slf4j/slf4j-api/1.7.25/slf4j-api-1.7.25.jar:/home/distortion/.m2/repository/org/springframework/spring-aspects/5.0.10.RELEASE/spring-aspects-5.0.10.RELEASE.jar:/home/distortion/.m2/repository/com/h2database/h2/1.4.197/h2-1.4.197.jar:/home/distortion/.m2/repository/org/apache/tomcat/tomcat-jasper/9.0.12/tomcat-jasper-9.0.12.jar:/home/distortion/.m2/repository/org/apache/tomcat/tomcat-servlet-api/9.0.12/tomcat-servlet-api-9.0.12.jar:/home/distortion/.m2/repository/org/apache/tomcat/tomcat-juli/9.0.12/tomcat-juli-9.0.12.jar:/home/distortion/.m2/repository/org/apache/tomcat/tomcat-jsp-api/8.5.34/tomcat-jsp-api-8.5.34.jar:/home/distortion/.m2/repository/org/apache/tomcat/tomcat-el-api/9.0.12/tomcat-el-api-9.0.12.jar:/home/distortion/.m2/repository/org/eclipse/jdt/ecj/3.13.102/ecj-3.13.102.jar:/home/distortion/.m2/repository/org/apache/tomcat/tomcat-jasper-el/9.0.12/tomcat-jasper-el-9.0.12.jar:/home/distortion/.m2/repository/org/apache/tomcat/tomcat-api/9.0.12/tomcat-api-9.0.12.jar:/home/distortion/.m2/repository/org/apache/tomcat/tomcat-util-scan/9.0.12/tomcat-util-scan-9.0.12.jar:/home/distortion/.m2/repository/org/apache/tomcat/tomcat-util/9.0.12/tomcat-util-9.0.12.jar:/home/distortion/.m2/repository/org/springframework/boot/spring-boot-devtools/2.0.6.RELEASE/spring-boot-devtools-2.0.6.RELEASE.jar:/home/distortion/.m2/repository/org/springframework/boot/spring-boot/2.0.6.RELEASE/spring-boot-2.0.6.RELEASE.jar:/home/distortion/.m2/repository/org/springframework/boot/spring-boot-autoconfigure/2.0.6.RELEASE/spring-boot-autoconfigure-2.0.6.RELEASE.jar:/home/distortion/.m2/repository/org/springframework/boot/spring-boot-starter-test/2.0.6.RELEASE/spring-boot-starter-test-2.0.6.RELEASE.jar:/home/distortion/.m2/repository/org/springframework/boot/spring-boot-test/2.0.6.RELEASE/spring-boot-test-2.0.6.RELEASE.jar:/home/distortion/.m2/repository/org/springframework/boot/spring-boot-test-autoconfigure/2.0.6.RELEASE/spring-boot-test-autoconfigure-2.0.6.RELEASE.jar:/home/distortion/.m2/repository/com/jayway/jsonpath/json-path/2.4.0/json-path-2.4.0.jar:/home/distortion/.m2/repository/net/minidev/json-smart/2.3/json-smart-2.3.jar:/home/distortion/.m2/repository/net/minidev/accessors-smart/1.2/accessors-smart-1.2.jar:/home/distortion/.m2/repository/org/ow2/asm/asm/5.0.4/asm-5.0.4.jar:/home/distortion/.m2/repository/junit/junit/4.12/junit-4.12.jar:/home/distortion/.m2/repository/org/mockito/mockito-core/2.15.0/mockito-core-2.15.0.jar:/home/distortion/.m2/repository/net/bytebuddy/byte-buddy/1.7.11/byte-buddy-1.7.11.jar:/home/distortion/.m2/repository/net/bytebuddy/byte-buddy-agent/1.7.11/byte-buddy-agent-1.7.11.jar:/home/distortion/.m2/repository/org/objenesis/objenesis/2.6/objenesis-2.6.jar:/home/distortion/.m2/repository/org/hamcrest/hamcrest-core/1.3/hamcrest-core-1.3.jar:/home/distortion/.m2/repository/org/hamcrest/hamcrest-library/1.3/hamcrest-library-1.3.jar:/home/distortion/.m2/repository/org/skyscreamer/jsonassert/1.5.0/jsonassert-1.5.0.jar:/home/distortion/.m2/repository/com/vaadin/external/google/android-json/0.0.20131108.vaadin1/android-json-0.0.20131108.vaadin1.jar:/home/distortion/.m2/repository/org/springframework/spring-core/5.0.10.RELEASE/spring-core-5.0.10.RELEASE.jar:/home/distortion/.m2/repository/org/springframework/spring-jcl/5.0.10.RELEASE/spring-jcl-5.0.10.RELEASE.jar:/home/distortion/.m2/repository/org/springframework/spring-test/5.0.10.RELEASE/spring-test-5.0.10.RELEASE.jar:/home/distortion/.m2/repository/org/xmlunit/xmlunit-core/2.5.1/xmlunit-core-2.5.1.jar:/home/distortion/.m2/repository/org/assertj/assertj-core/3.9.1/assertj-core-3.9.1.jar:/home/distortion/.m2/repository/javax/xml/bind/jaxb-api/2.3.1/jaxb-api-2.3.1.jar:/home/distortion/.m2/repository/javax/activation/javax.activation-api/1.2.0/javax.activation-api-1.2.0.jar:, sun.cpu.endian=little, user.home=/home/distortion, user.language=en, java.specification.vendor=Oracle Corporation, java.version.date=2018-07-17, java.home=/usr/lib/jvm/java-11-openjdk-amd64, file.separator=/, basedir=/home/distortion/projects/java/nba_springboot, java.vm.compressedOopsMode=32-bit, line.separator=
, java.specification.name=Java Platform API Specification, java.vm.specification.vendor=Oracle Corporation, java.awt.graphicsenv=sun.awt.X11GraphicsEnvironment, java.awt.headless=true, surefire.real.class.path=/home/distortion/projects/java/nba_springboot/target/surefire/surefirebooter6643602565128088559.jar, sun.management.compiler=HotSpot 64-Bit Tiered Compilers, java.runtime.version=10.0.2+13-Ubuntu-1ubuntu0.18.04.4, user.name=distortion, path.separator=:, os.version=4.15.0-43-generic, java.runtime.name=OpenJDK Runtime Environment, file.encoding=UTF-8, spring.beaninfo.ignore=true, java.vm.name=OpenJDK 64-Bit Server VM, localRepository=/home/distortion/.m2/repository, java.vendor.url.bug=http://bugreport.java.com/bugreport/, java.io.tmpdir=/tmp, idea.version=2018.2.5, com.zaxxer.hikari.pool_number=1, java.version=10.0.2, user.dir=/home/distortion/projects/java/nba_springboot, os.arch=amd64, java.vm.specification.name=Java Virtual Machine Specification, PID=7626, java.awt.printerjob=sun.print.PSPrinterJob, sun.os.patch.level=unknown, java.library.path=/usr/java/packages/lib:/usr/lib/x86_64-linux-gnu/jni:/lib/x86_64-linux-gnu:/usr/lib/x86_64-linux-gnu:/usr/lib/jni:/lib:/usr/lib, java.vendor=Oracle Corporation, java.vm.info=mixed mode, java.vm.version=10.0.2+13-Ubuntu-1ubuntu0.18.04.4, sun.io.unicode.encoding=UnicodeLittle, java.class.version=54.0}}, SystemEnvironmentPropertySource@257641638 {name='systemEnvironment', properties={PATH=/usr/local/sbin:/usr/local/bin:/usr/sbin:/usr/bin:/sbin:/bin:/usr/games:/usr/local/games:/snap/bin, LC_MEASUREMENT=en_CA.UTF-8, XAUTHORITY=/run/user/1000/gdm/Xauthority, XMODIFIERS=@im=ibus, LC_TELEPHONE=en_CA.UTF-8, XDG_DATA_DIRS=/usr/share/ubuntu:/usr/local/share:/usr/share:/var/lib/snapd/desktop, GDMSESSION=ubuntu, MANDATORY_PATH=/usr/share/gconf/ubuntu.mandatory.path, LC_TIME=en_CA.UTF-8, PAPERSIZE=letter, TEXTDOMAINDIR=/usr/share/locale/, GTK_IM_MODULE=ibus, DBUS_SESSION_BUS_ADDRESS=unix:path=/run/user/1000/bus, DEFAULTS_PATH=/usr/share/gconf/ubuntu.default.path, XDG_CURRENT_DESKTOP=ubuntu:GNOME, SSH_AGENT_PID=1499, QT4_IM_MODULE=xim, LC_PAPER=en_CA.UTF-8, SESSION_MANAGER=local/Distortion:@/tmp/.ICE-unix/1421,unix/Distortion:/tmp/.ICE-unix/1421, USERNAME=distortion, LOGNAME=distortion, PWD=/home/distortion/projects/java/nba_springboot, IM_CONFIG_PHASE=2, GJS_DEBUG_TOPICS=JS ERROR;JS LOG, SHELL=/bin/bash, LC_ADDRESS=en_CA.UTF-8, GIO_LAUNCHED_DESKTOP_FILE=/home/distortion/.local/share/applications/jetbrains-idea.desktop, OLDPWD=/home/distortion/projects/java/nba_springboot, GNOME_DESKTOP_SESSION_ID=this-is-deprecated, GTK_MODULES=gail:atk-bridge, CLUTTER_IM_MODULE=xim, TEXTDOMAIN=im-config, XDG_SESSION_DESKTOP=ubuntu, SHLVL=0, LC_IDENTIFICATION=en_CA.UTF-8, LC_MONETARY=en_CA.UTF-8, QT_IM_MODULE=ibus, XDG_CONFIG_DIRS=/etc/xdg/xdg-ubuntu:/etc/xdg, LANG=en_US.UTF-8, XDG_SESSION_ID=2, XDG_SESSION_TYPE=x11, DISPLAY=:0, LC_NAME=en_CA.UTF-8, GPG_AGENT_INFO=/run/user/1000/gnupg/S.gpg-agent:0:1, DESKTOP_SESSION=ubuntu, USER=distortion, XDG_MENU_PREFIX=gnome-, GIO_LAUNCHED_DESKTOP_FILE_PID=3273, QT_ACCESSIBILITY=1, WINDOWPATH=2, LC_NUMERIC=en_CA.UTF-8, GJS_DEBUG_OUTPUT=stderr, SSH_AUTH_SOCK=/run/user/1000/keyring/ssh, XDG_SEAT=seat0, GNOME_SHELL_SESSION_MODE=ubuntu, XDG_VTNR=2, XDG_RUNTIME_DIR=/run/user/1000, HOME=/home/distortion}}]
2018-12-25 19:32:39.690 DEBUG 7626 --- [           main] o.s.t.c.support.TestPropertySourceUtils  : Adding inlined properties to environment: {spring.jmx.enabled=false, org.springframework.boot.test.autoconfigure.web.servlet.WebMvcTestContextBootstrapper=true, server.port=-1}
2018-12-25 19:32:39.690 DEBUG 7626 --- [           main] o.s.core.env.StandardEnvironment         : Adding PropertySource 'Inlined Test Properties' with highest search precedence
2018-12-25 19:32:39.693 DEBUG 7626 --- [           main] o.s.c.e.PropertySourcesPropertyResolver  : Could not find key 'spring.profiles.active' in any property source
2018-12-25 19:32:39.693 DEBUG 7626 --- [           main] o.s.c.e.PropertySourcesPropertyResolver  : Could not find key 'spring.profiles.active' in any property source
2018-12-25 19:32:39.693 DEBUG 7626 --- [           main] o.s.core.env.StandardEnvironment         : Activating profiles []
2018-12-25 19:32:39.693 DEBUG 7626 --- [           main] o.s.core.env.StandardEnvironment         : Replacing PropertySource 'systemEnvironment' with 'systemEnvironment'
2018-12-25 19:32:39.694 DEBUG 7626 --- [           main] o.s.core.env.StandardEnvironment         : Adding PropertySource 'random' with search precedence immediately lower than 'systemEnvironment'
2018-12-25 19:32:39.694 DEBUG 7626 --- [           main] o.s.c.e.PropertySourcesPropertyResolver  : Could not find key 'spring.profiles.active' in any property source
2018-12-25 19:32:39.694 DEBUG 7626 --- [           main] o.s.c.e.PropertySourcesPropertyResolver  : Could not find key 'spring.profiles.default' in any property source
2018-12-25 19:32:39.698 DEBUG 7626 --- [           main] o.s.core.env.MutablePropertySources      : Adding PropertySource 'applicationConfig: [classpath:/application.properties]' with lowest search precedence
2018-12-25 19:32:39.723 DEBUG 7626 --- [           main] o.s.core.env.StandardEnvironment         : Activating profiles []
2018-12-25 19:32:39.725 DEBUG 7626 --- [           main] o.s.core.env.StandardEnvironment         : Adding PropertySource 'applicationConfig: [classpath:/application.properties]' with lowest search precedence
2018-12-25 19:32:39.726 DEBUG 7626 --- [           main] o.s.c.e.PropertySourcesPropertyResolver  : Could not find key 'spring.output.ansi.console-available' in any property source
2018-12-25 19:32:39.726 DEBUG 7626 --- [           main] o.s.c.e.PropertySourcesPropertyResolver  : Could not find key 'logging.exception-conversion-word' in any property source
2018-12-25 19:32:39.726 DEBUG 7626 --- [           main] o.s.c.e.PropertySourcesPropertyResolver  : Could not find key 'logging.pattern.console' in any property source
2018-12-25 19:32:39.726 DEBUG 7626 --- [           main] o.s.c.e.PropertySourcesPropertyResolver  : Could not find key 'logging.pattern.file' in any property source
2018-12-25 19:32:39.726 DEBUG 7626 --- [           main] o.s.c.e.PropertySourcesPropertyResolver  : Could not find key 'logging.file.max-history' in any property source
2018-12-25 19:32:39.726 DEBUG 7626 --- [           main] o.s.c.e.PropertySourcesPropertyResolver  : Could not find key 'logging.file.max-size' in any property source
2018-12-25 19:32:39.726 DEBUG 7626 --- [           main] o.s.c.e.PropertySourcesPropertyResolver  : Could not find key 'logging.pattern.level' in any property source
2018-12-25 19:32:39.726 DEBUG 7626 --- [           main] o.s.c.e.PropertySourcesPropertyResolver  : Could not find key 'logging.pattern.dateformat' in any property source
2018-12-25 19:32:39.726 DEBUG 7626 --- [           main] o.s.c.e.PropertySourcesPropertyResolver  : Could not find key 'logging.file' in any property source
2018-12-25 19:32:39.726 DEBUG 7626 --- [           main] o.s.c.e.PropertySourcesPropertyResolver  : Could not find key 'logging.path' in any property source
2018-12-25 19:32:39.726 DEBUG 7626 --- [           main] o.s.c.e.PropertySourcesPropertyResolver  : Could not find key 'debug' in any property source
2018-12-25 19:32:39.726 DEBUG 7626 --- [           main] o.s.c.e.PropertySourcesPropertyResolver  : Could not find key 'trace' in any property source
2018-12-25 19:32:39.726 DEBUG 7626 --- [           main] o.s.c.e.PropertySourcesPropertyResolver  : Could not find key 'logging.config' in any property source
2018-12-25 19:32:39.728 DEBUG 7626 --- [           main] o.s.c.e.PropertySourcesPropertyResolver  : Could not find key 'logging.register-shutdown-hook' in any property source
2018-12-25 19:32:39.728 DEBUG 7626 --- [           main] .c.l.ClasspathLoggingApplicationListener : Application started with classpath: unknown
2018-12-25 19:32:39.728 DEBUG 7626 --- [           main] o.s.c.e.PropertySourcesPropertyResolver  : Could not find key 'context.listener.classes' in any property source
2018-12-25 19:32:39.728 DEBUG 7626 --- [           main] o.s.core.env.StandardEnvironment         : Adding PropertySource 'configurationProperties' with highest search precedence
2018-12-25 19:32:39.729 DEBUG 7626 --- [           main] o.s.c.e.PropertySourcesPropertyResolver  : Could not find key 'spring.banner.image.location' in any property source
2018-12-25 19:32:39.730 DEBUG 7626 --- [           main] o.s.c.e.PropertySourcesPropertyResolver  : Could not find key 'spring.banner.location' in any property source

  .   ____          _            __ _ _
 /\\ / ___'_ __ _ _(_)_ __  __ _ \ \ \ \
( ( )\___ | '_ | '_| | '_ \/ _` | \ \ \ \
 \\/  ___)| |_)| | | | | || (_| |  ) ) ) )
  '  |____| .__|_| |_|_| |_\__, | / / / /
 =========|_|==============|___/=/_/_/_/
 :: Spring Boot ::        (v2.0.6.RELEASE)

2018-12-25 19:32:39.731 DEBUG 7626 --- [           main] o.s.w.c.s.StandardServletEnvironment     : Adding PropertySource 'servletConfigInitParams' with lowest search precedence
2018-12-25 19:32:39.731 DEBUG 7626 --- [           main] o.s.w.c.s.StandardServletEnvironment     : Adding PropertySource 'servletContextInitParams' with lowest search precedence
2018-12-25 19:32:39.731 DEBUG 7626 --- [           main] o.s.w.c.s.StandardServletEnvironment     : Adding PropertySource 'systemProperties' with lowest search precedence
2018-12-25 19:32:39.731 DEBUG 7626 --- [           main] o.s.w.c.s.StandardServletEnvironment     : Adding PropertySource 'systemEnvironment' with lowest search precedence
2018-12-25 19:32:39.731 DEBUG 7626 --- [           main] o.s.w.c.s.StandardServletEnvironment     : Initialized StandardServletEnvironment with PropertySources [StubPropertySource@1715635474 {name='servletConfigInitParams', properties=java.lang.Object@e21d73}, StubPropertySource@2051550010 {name='servletContextInitParams', properties=java.lang.Object@600b3bee}, MapPropertySource@311642344 {name='systemProperties', properties={sun.desktop=gnome, awt.toolkit=sun.awt.X11.XToolkit, java.specification.version=10, file.encoding.pkg=sun.io, sun.cpu.isalist=, sun.jnu.encoding=UTF-8, java.class.path=/home/distortion/projects/java/nba_springboot/target/test-classes:/home/distortion/projects/java/nba_springboot/target/classes:/home/distortion/.m2/repository/org/springframework/boot/spring-boot-starter-web/2.0.6.RELEASE/spring-boot-starter-web-2.0.6.RELEASE.jar:/home/distortion/.m2/repository/org/springframework/boot/spring-boot-starter/2.0.6.RELEASE/spring-boot-starter-2.0.6.RELEASE.jar:/home/distortion/.m2/repository/org/springframework/boot/spring-boot-starter-logging/2.0.6.RELEASE/spring-boot-starter-logging-2.0.6.RELEASE.jar:/home/distortion/.m2/repository/ch/qos/logback/logback-classic/1.2.3/logback-classic-1.2.3.jar:/home/distortion/.m2/repository/ch/qos/logback/logback-core/1.2.3/logback-core-1.2.3.jar:/home/distortion/.m2/repository/org/apache/logging/log4j/log4j-to-slf4j/2.10.0/log4j-to-slf4j-2.10.0.jar:/home/distortion/.m2/repository/org/apache/logging/log4j/log4j-api/2.10.0/log4j-api-2.10.0.jar:/home/distortion/.m2/repository/org/slf4j/jul-to-slf4j/1.7.25/jul-to-slf4j-1.7.25.jar:/home/distortion/.m2/repository/javax/annotation/javax.annotation-api/1.3.2/javax.annotation-api-1.3.2.jar:/home/distortion/.m2/repository/org/yaml/snakeyaml/1.19/snakeyaml-1.19.jar:/home/distortion/.m2/repository/org/springframework/boot/spring-boot-starter-json/2.0.6.RELEASE/spring-boot-starter-json-2.0.6.RELEASE.jar:/home/distortion/.m2/repository/com/fasterxml/jackson/core/jackson-databind/2.9.7/jackson-databind-2.9.7.jar:/home/distortion/.m2/repository/com/fasterxml/jackson/core/jackson-annotations/2.9.0/jackson-annotations-2.9.0.jar:/home/distortion/.m2/repository/com/fasterxml/jackson/core/jackson-core/2.9.7/jackson-core-2.9.7.jar:/home/distortion/.m2/repository/com/fasterxml/jackson/datatype/jackson-datatype-jdk8/2.9.7/jackson-datatype-jdk8-2.9.7.jar:/home/distortion/.m2/repository/com/fasterxml/jackson/datatype/jackson-datatype-jsr310/2.9.7/jackson-datatype-jsr310-2.9.7.jar:/home/distortion/.m2/repository/com/fasterxml/jackson/module/jackson-module-parameter-names/2.9.7/jackson-module-parameter-names-2.9.7.jar:/home/distortion/.m2/repository/org/springframework/boot/spring-boot-starter-tomcat/2.0.6.RELEASE/spring-boot-starter-tomcat-2.0.6.RELEASE.jar:/home/distortion/.m2/repository/org/apache/tomcat/embed/tomcat-embed-core/8.5.34/tomcat-embed-core-8.5.34.jar:/home/distortion/.m2/repository/org/apache/tomcat/embed/tomcat-embed-el/8.5.34/tomcat-embed-el-8.5.34.jar:/home/distortion/.m2/repository/org/apache/tomcat/embed/tomcat-embed-websocket/8.5.34/tomcat-embed-websocket-8.5.34.jar:/home/distortion/.m2/repository/org/hibernate/validator/hibernate-validator/6.0.13.Final/hibernate-validator-6.0.13.Final.jar:/home/distortion/.m2/repository/javax/validation/validation-api/2.0.1.Final/validation-api-2.0.1.Final.jar:/home/distortion/.m2/repository/org/jboss/logging/jboss-logging/3.3.2.Final/jboss-logging-3.3.2.Final.jar:/home/distortion/.m2/repository/com/fasterxml/classmate/1.3.4/classmate-1.3.4.jar:/home/distortion/.m2/repository/org/springframework/spring-web/5.0.10.RELEASE/spring-web-5.0.10.RELEASE.jar:/home/distortion/.m2/repository/org/springframework/spring-beans/5.0.10.RELEASE/spring-beans-5.0.10.RELEASE.jar:/home/distortion/.m2/repository/org/springframework/spring-webmvc/5.0.10.RELEASE/spring-webmvc-5.0.10.RELEASE.jar:/home/distortion/.m2/repository/org/springframework/spring-aop/5.0.10.RELEASE/spring-aop-5.0.10.RELEASE.jar:/home/distortion/.m2/repository/org/springframework/spring-context/5.0.10.RELEASE/spring-context-5.0.10.RELEASE.jar:/home/distortion/.m2/repository/org/springframework/spring-expression/5.0.10.RELEASE/spring-expression-5.0.10.RELEASE.jar:/home/distortion/.m2/repository/javax/servlet/jstl/1.2/jstl-1.2.jar:/home/distortion/.m2/repository/org/springframework/boot/spring-boot-starter-data-jpa/2.0.6.RELEASE/spring-boot-starter-data-jpa-2.0.6.RELEASE.jar:/home/distortion/.m2/repository/org/springframework/boot/spring-boot-starter-aop/2.0.6.RELEASE/spring-boot-starter-aop-2.0.6.RELEASE.jar:/home/distortion/.m2/repository/org/aspectj/aspectjweaver/1.8.13/aspectjweaver-1.8.13.jar:/home/distortion/.m2/repository/org/springframework/boot/spring-boot-starter-jdbc/2.0.6.RELEASE/spring-boot-starter-jdbc-2.0.6.RELEASE.jar:/home/distortion/.m2/repository/com/zaxxer/HikariCP/2.7.9/HikariCP-2.7.9.jar:/home/distortion/.m2/repository/org/springframework/spring-jdbc/5.0.10.RELEASE/spring-jdbc-5.0.10.RELEASE.jar:/home/distortion/.m2/repository/javax/transaction/javax.transaction-api/1.2/javax.transaction-api-1.2.jar:/home/distortion/.m2/repository/org/hibernate/hibernate-core/5.2.17.Final/hibernate-core-5.2.17.Final.jar:/home/distortion/.m2/repository/org/hibernate/javax/persistence/hibernate-jpa-2.1-api/1.0.2.Final/hibernate-jpa-2.1-api-1.0.2.Final.jar:/home/distortion/.m2/repository/org/javassist/javassist/3.22.0-GA/javassist-3.22.0-GA.jar:/home/distortion/.m2/repository/antlr/antlr/2.7.7/antlr-2.7.7.jar:/home/distortion/.m2/repository/org/jboss/jandex/2.0.3.Final/jandex-2.0.3.Final.jar:/home/distortion/.m2/repository/dom4j/dom4j/1.6.1/dom4j-1.6.1.jar:/home/distortion/.m2/repository/org/hibernate/common/hibernate-commons-annotations/5.0.1.Final/hibernate-commons-annotations-5.0.1.Final.jar:/home/distortion/.m2/repository/org/springframework/data/spring-data-jpa/2.0.11.RELEASE/spring-data-jpa-2.0.11.RELEASE.jar:/home/distortion/.m2/repository/org/springframework/data/spring-data-commons/2.0.11.RELEASE/spring-data-commons-2.0.11.RELEASE.jar:/home/distortion/.m2/repository/org/springframework/spring-orm/5.0.10.RELEASE/spring-orm-5.0.10.RELEASE.jar:/home/distortion/.m2/repository/org/springframework/spring-tx/5.0.10.RELEASE/spring-tx-5.0.10.RELEASE.jar:/home/distortion/.m2/repository/org/slf4j/slf4j-api/1.7.25/slf4j-api-1.7.25.jar:/home/distortion/.m2/repository/org/springframework/spring-aspects/5.0.10.RELEASE/spring-aspects-5.0.10.RELEASE.jar:/home/distortion/.m2/repository/com/h2database/h2/1.4.197/h2-1.4.197.jar:/home/distortion/.m2/repository/org/apache/tomcat/tomcat-jasper/9.0.12/tomcat-jasper-9.0.12.jar:/home/distortion/.m2/repository/org/apache/tomcat/tomcat-servlet-api/9.0.12/tomcat-servlet-api-9.0.12.jar:/home/distortion/.m2/repository/org/apache/tomcat/tomcat-juli/9.0.12/tomcat-juli-9.0.12.jar:/home/distortion/.m2/repository/org/apache/tomcat/tomcat-jsp-api/8.5.34/tomcat-jsp-api-8.5.34.jar:/home/distortion/.m2/repository/org/apache/tomcat/tomcat-el-api/9.0.12/tomcat-el-api-9.0.12.jar:/home/distortion/.m2/repository/org/eclipse/jdt/ecj/3.13.102/ecj-3.13.102.jar:/home/distortion/.m2/repository/org/apache/tomcat/tomcat-jasper-el/9.0.12/tomcat-jasper-el-9.0.12.jar:/home/distortion/.m2/repository/org/apache/tomcat/tomcat-api/9.0.12/tomcat-api-9.0.12.jar:/home/distortion/.m2/repository/org/apache/tomcat/tomcat-util-scan/9.0.12/tomcat-util-scan-9.0.12.jar:/home/distortion/.m2/repository/org/apache/tomcat/tomcat-util/9.0.12/tomcat-util-9.0.12.jar:/home/distortion/.m2/repository/org/springframework/boot/spring-boot-devtools/2.0.6.RELEASE/spring-boot-devtools-2.0.6.RELEASE.jar:/home/distortion/.m2/repository/org/springframework/boot/spring-boot/2.0.6.RELEASE/spring-boot-2.0.6.RELEASE.jar:/home/distortion/.m2/repository/org/springframework/boot/spring-boot-autoconfigure/2.0.6.RELEASE/spring-boot-autoconfigure-2.0.6.RELEASE.jar:/home/distortion/.m2/repository/org/springframework/boot/spring-boot-starter-test/2.0.6.RELEASE/spring-boot-starter-test-2.0.6.RELEASE.jar:/home/distortion/.m2/repository/org/springframework/boot/spring-boot-test/2.0.6.RELEASE/spring-boot-test-2.0.6.RELEASE.jar:/home/distortion/.m2/repository/org/springframework/boot/spring-boot-test-autoconfigure/2.0.6.RELEASE/spring-boot-test-autoconfigure-2.0.6.RELEASE.jar:/home/distortion/.m2/repository/com/jayway/jsonpath/json-path/2.4.0/json-path-2.4.0.jar:/home/distortion/.m2/repository/net/minidev/json-smart/2.3/json-smart-2.3.jar:/home/distortion/.m2/repository/net/minidev/accessors-smart/1.2/accessors-smart-1.2.jar:/home/distortion/.m2/repository/org/ow2/asm/asm/5.0.4/asm-5.0.4.jar:/home/distortion/.m2/repository/junit/junit/4.12/junit-4.12.jar:/home/distortion/.m2/repository/org/mockito/mockito-core/2.15.0/mockito-core-2.15.0.jar:/home/distortion/.m2/repository/net/bytebuddy/byte-buddy/1.7.11/byte-buddy-1.7.11.jar:/home/distortion/.m2/repository/net/bytebuddy/byte-buddy-agent/1.7.11/byte-buddy-agent-1.7.11.jar:/home/distortion/.m2/repository/org/objenesis/objenesis/2.6/objenesis-2.6.jar:/home/distortion/.m2/repository/org/hamcrest/hamcrest-core/1.3/hamcrest-core-1.3.jar:/home/distortion/.m2/repository/org/hamcrest/hamcrest-library/1.3/hamcrest-library-1.3.jar:/home/distortion/.m2/repository/org/skyscreamer/jsonassert/1.5.0/jsonassert-1.5.0.jar:/home/distortion/.m2/repository/com/vaadin/external/google/android-json/0.0.20131108.vaadin1/android-json-0.0.20131108.vaadin1.jar:/home/distortion/.m2/repository/org/springframework/spring-core/5.0.10.RELEASE/spring-core-5.0.10.RELEASE.jar:/home/distortion/.m2/repository/org/springframework/spring-jcl/5.0.10.RELEASE/spring-jcl-5.0.10.RELEASE.jar:/home/distortion/.m2/repository/org/springframework/spring-test/5.0.10.RELEASE/spring-test-5.0.10.RELEASE.jar:/home/distortion/.m2/repository/org/xmlunit/xmlunit-core/2.5.1/xmlunit-core-2.5.1.jar:/home/distortion/.m2/repository/org/assertj/assertj-core/3.9.1/assertj-core-3.9.1.jar:/home/distortion/.m2/repository/javax/xml/bind/jaxb-api/2.3.1/jaxb-api-2.3.1.jar:/home/distortion/.m2/repository/javax/activation/javax.activation-api/1.2.0/javax.activation-api-1.2.0.jar:, java.vm.vendor=Oracle Corporation, sun.arch.data.model=64, java.vendor.url=http://java.oracle.com/, user.timezone=Europe/Warsaw, os.name=Linux, java.vm.specification.version=10, sun.java.launcher=SUN_STANDARD, user.country=US, sun.boot.library.path=/usr/lib/jvm/java-11-openjdk-amd64/lib, sun.java.command=/home/distortion/projects/java/nba_springboot/target/surefire/surefirebooter6643602565128088559.jar /home/distortion/projects/java/nba_springboot/target/surefire 2018-12-25T19-32-27_375-jvmRun1 surefire1745729588074997432tmp surefire_07102018464076489561tmp, jdk.debug=release, surefire.test.class.path=/home/distortion/projects/java/nba_springboot/target/test-classes:/home/distortion/projects/java/nba_springboot/target/classes:/home/distortion/.m2/repository/org/springframework/boot/spring-boot-starter-web/2.0.6.RELEASE/spring-boot-starter-web-2.0.6.RELEASE.jar:/home/distortion/.m2/repository/org/springframework/boot/spring-boot-starter/2.0.6.RELEASE/spring-boot-starter-2.0.6.RELEASE.jar:/home/distortion/.m2/repository/org/springframework/boot/spring-boot-starter-logging/2.0.6.RELEASE/spring-boot-starter-logging-2.0.6.RELEASE.jar:/home/distortion/.m2/repository/ch/qos/logback/logback-classic/1.2.3/logback-classic-1.2.3.jar:/home/distortion/.m2/repository/ch/qos/logback/logback-core/1.2.3/logback-core-1.2.3.jar:/home/distortion/.m2/repository/org/apache/logging/log4j/log4j-to-slf4j/2.10.0/log4j-to-slf4j-2.10.0.jar:/home/distortion/.m2/repository/org/apache/logging/log4j/log4j-api/2.10.0/log4j-api-2.10.0.jar:/home/distortion/.m2/repository/org/slf4j/jul-to-slf4j/1.7.25/jul-to-slf4j-1.7.25.jar:/home/distortion/.m2/repository/javax/annotation/javax.annotation-api/1.3.2/javax.annotation-api-1.3.2.jar:/home/distortion/.m2/repository/org/yaml/snakeyaml/1.19/snakeyaml-1.19.jar:/home/distortion/.m2/repository/org/springframework/boot/spring-boot-starter-json/2.0.6.RELEASE/spring-boot-starter-json-2.0.6.RELEASE.jar:/home/distortion/.m2/repository/com/fasterxml/jackson/core/jackson-databind/2.9.7/jackson-databind-2.9.7.jar:/home/distortion/.m2/repository/com/fasterxml/jackson/core/jackson-annotations/2.9.0/jackson-annotations-2.9.0.jar:/home/distortion/.m2/repository/com/fasterxml/jackson/core/jackson-core/2.9.7/jackson-core-2.9.7.jar:/home/distortion/.m2/repository/com/fasterxml/jackson/datatype/jackson-datatype-jdk8/2.9.7/jackson-datatype-jdk8-2.9.7.jar:/home/distortion/.m2/repository/com/fasterxml/jackson/datatype/jackson-datatype-jsr310/2.9.7/jackson-datatype-jsr310-2.9.7.jar:/home/distortion/.m2/repository/com/fasterxml/jackson/module/jackson-module-parameter-names/2.9.7/jackson-module-parameter-names-2.9.7.jar:/home/distortion/.m2/repository/org/springframework/boot/spring-boot-starter-tomcat/2.0.6.RELEASE/spring-boot-starter-tomcat-2.0.6.RELEASE.jar:/home/distortion/.m2/repository/org/apache/tomcat/embed/tomcat-embed-core/8.5.34/tomcat-embed-core-8.5.34.jar:/home/distortion/.m2/repository/org/apache/tomcat/embed/tomcat-embed-el/8.5.34/tomcat-embed-el-8.5.34.jar:/home/distortion/.m2/repository/org/apache/tomcat/embed/tomcat-embed-websocket/8.5.34/tomcat-embed-websocket-8.5.34.jar:/home/distortion/.m2/repository/org/hibernate/validator/hibernate-validator/6.0.13.Final/hibernate-validator-6.0.13.Final.jar:/home/distortion/.m2/repository/javax/validation/validation-api/2.0.1.Final/validation-api-2.0.1.Final.jar:/home/distortion/.m2/repository/org/jboss/logging/jboss-logging/3.3.2.Final/jboss-logging-3.3.2.Final.jar:/home/distortion/.m2/repository/com/fasterxml/classmate/1.3.4/classmate-1.3.4.jar:/home/distortion/.m2/repository/org/springframework/spring-web/5.0.10.RELEASE/spring-web-5.0.10.RELEASE.jar:/home/distortion/.m2/repository/org/springframework/spring-beans/5.0.10.RELEASE/spring-beans-5.0.10.RELEASE.jar:/home/distortion/.m2/repository/org/springframework/spring-webmvc/5.0.10.RELEASE/spring-webmvc-5.0.10.RELEASE.jar:/home/distortion/.m2/repository/org/springframework/spring-aop/5.0.10.RELEASE/spring-aop-5.0.10.RELEASE.jar:/home/distortion/.m2/repository/org/springframework/spring-context/5.0.10.RELEASE/spring-context-5.0.10.RELEASE.jar:/home/distortion/.m2/repository/org/springframework/spring-expression/5.0.10.RELEASE/spring-expression-5.0.10.RELEASE.jar:/home/distortion/.m2/repository/javax/servlet/jstl/1.2/jstl-1.2.jar:/home/distortion/.m2/repository/org/springframework/boot/spring-boot-starter-data-jpa/2.0.6.RELEASE/spring-boot-starter-data-jpa-2.0.6.RELEASE.jar:/home/distortion/.m2/repository/org/springframework/boot/spring-boot-starter-aop/2.0.6.RELEASE/spring-boot-starter-aop-2.0.6.RELEASE.jar:/home/distortion/.m2/repository/org/aspectj/aspectjweaver/1.8.13/aspectjweaver-1.8.13.jar:/home/distortion/.m2/repository/org/springframework/boot/spring-boot-starter-jdbc/2.0.6.RELEASE/spring-boot-starter-jdbc-2.0.6.RELEASE.jar:/home/distortion/.m2/repository/com/zaxxer/HikariCP/2.7.9/HikariCP-2.7.9.jar:/home/distortion/.m2/repository/org/springframework/spring-jdbc/5.0.10.RELEASE/spring-jdbc-5.0.10.RELEASE.jar:/home/distortion/.m2/repository/javax/transaction/javax.transaction-api/1.2/javax.transaction-api-1.2.jar:/home/distortion/.m2/repository/org/hibernate/hibernate-core/5.2.17.Final/hibernate-core-5.2.17.Final.jar:/home/distortion/.m2/repository/org/hibernate/javax/persistence/hibernate-jpa-2.1-api/1.0.2.Final/hibernate-jpa-2.1-api-1.0.2.Final.jar:/home/distortion/.m2/repository/org/javassist/javassist/3.22.0-GA/javassist-3.22.0-GA.jar:/home/distortion/.m2/repository/antlr/antlr/2.7.7/antlr-2.7.7.jar:/home/distortion/.m2/repository/org/jboss/jandex/2.0.3.Final/jandex-2.0.3.Final.jar:/home/distortion/.m2/repository/dom4j/dom4j/1.6.1/dom4j-1.6.1.jar:/home/distortion/.m2/repository/org/hibernate/common/hibernate-commons-annotations/5.0.1.Final/hibernate-commons-annotations-5.0.1.Final.jar:/home/distortion/.m2/repository/org/springframework/data/spring-data-jpa/2.0.11.RELEASE/spring-data-jpa-2.0.11.RELEASE.jar:/home/distortion/.m2/repository/org/springframework/data/spring-data-commons/2.0.11.RELEASE/spring-data-commons-2.0.11.RELEASE.jar:/home/distortion/.m2/repository/org/springframework/spring-orm/5.0.10.RELEASE/spring-orm-5.0.10.RELEASE.jar:/home/distortion/.m2/repository/org/springframework/spring-tx/5.0.10.RELEASE/spring-tx-5.0.10.RELEASE.jar:/home/distortion/.m2/repository/org/slf4j/slf4j-api/1.7.25/slf4j-api-1.7.25.jar:/home/distortion/.m2/repository/org/springframework/spring-aspects/5.0.10.RELEASE/spring-aspects-5.0.10.RELEASE.jar:/home/distortion/.m2/repository/com/h2database/h2/1.4.197/h2-1.4.197.jar:/home/distortion/.m2/repository/org/apache/tomcat/tomcat-jasper/9.0.12/tomcat-jasper-9.0.12.jar:/home/distortion/.m2/repository/org/apache/tomcat/tomcat-servlet-api/9.0.12/tomcat-servlet-api-9.0.12.jar:/home/distortion/.m2/repository/org/apache/tomcat/tomcat-juli/9.0.12/tomcat-juli-9.0.12.jar:/home/distortion/.m2/repository/org/apache/tomcat/tomcat-jsp-api/8.5.34/tomcat-jsp-api-8.5.34.jar:/home/distortion/.m2/repository/org/apache/tomcat/tomcat-el-api/9.0.12/tomcat-el-api-9.0.12.jar:/home/distortion/.m2/repository/org/eclipse/jdt/ecj/3.13.102/ecj-3.13.102.jar:/home/distortion/.m2/repository/org/apache/tomcat/tomcat-jasper-el/9.0.12/tomcat-jasper-el-9.0.12.jar:/home/distortion/.m2/repository/org/apache/tomcat/tomcat-api/9.0.12/tomcat-api-9.0.12.jar:/home/distortion/.m2/repository/org/apache/tomcat/tomcat-util-scan/9.0.12/tomcat-util-scan-9.0.12.jar:/home/distortion/.m2/repository/org/apache/tomcat/tomcat-util/9.0.12/tomcat-util-9.0.12.jar:/home/distortion/.m2/repository/org/springframework/boot/spring-boot-devtools/2.0.6.RELEASE/spring-boot-devtools-2.0.6.RELEASE.jar:/home/distortion/.m2/repository/org/springframework/boot/spring-boot/2.0.6.RELEASE/spring-boot-2.0.6.RELEASE.jar:/home/distortion/.m2/repository/org/springframework/boot/spring-boot-autoconfigure/2.0.6.RELEASE/spring-boot-autoconfigure-2.0.6.RELEASE.jar:/home/distortion/.m2/repository/org/springframework/boot/spring-boot-starter-test/2.0.6.RELEASE/spring-boot-starter-test-2.0.6.RELEASE.jar:/home/distortion/.m2/repository/org/springframework/boot/spring-boot-test/2.0.6.RELEASE/spring-boot-test-2.0.6.RELEASE.jar:/home/distortion/.m2/repository/org/springframework/boot/spring-boot-test-autoconfigure/2.0.6.RELEASE/spring-boot-test-autoconfigure-2.0.6.RELEASE.jar:/home/distortion/.m2/repository/com/jayway/jsonpath/json-path/2.4.0/json-path-2.4.0.jar:/home/distortion/.m2/repository/net/minidev/json-smart/2.3/json-smart-2.3.jar:/home/distortion/.m2/repository/net/minidev/accessors-smart/1.2/accessors-smart-1.2.jar:/home/distortion/.m2/repository/org/ow2/asm/asm/5.0.4/asm-5.0.4.jar:/home/distortion/.m2/repository/junit/junit/4.12/junit-4.12.jar:/home/distortion/.m2/repository/org/mockito/mockito-core/2.15.0/mockito-core-2.15.0.jar:/home/distortion/.m2/repository/net/bytebuddy/byte-buddy/1.7.11/byte-buddy-1.7.11.jar:/home/distortion/.m2/repository/net/bytebuddy/byte-buddy-agent/1.7.11/byte-buddy-agent-1.7.11.jar:/home/distortion/.m2/repository/org/objenesis/objenesis/2.6/objenesis-2.6.jar:/home/distortion/.m2/repository/org/hamcrest/hamcrest-core/1.3/hamcrest-core-1.3.jar:/home/distortion/.m2/repository/org/hamcrest/hamcrest-library/1.3/hamcrest-library-1.3.jar:/home/distortion/.m2/repository/org/skyscreamer/jsonassert/1.5.0/jsonassert-1.5.0.jar:/home/distortion/.m2/repository/com/vaadin/external/google/android-json/0.0.20131108.vaadin1/android-json-0.0.20131108.vaadin1.jar:/home/distortion/.m2/repository/org/springframework/spring-core/5.0.10.RELEASE/spring-core-5.0.10.RELEASE.jar:/home/distortion/.m2/repository/org/springframework/spring-jcl/5.0.10.RELEASE/spring-jcl-5.0.10.RELEASE.jar:/home/distortion/.m2/repository/org/springframework/spring-test/5.0.10.RELEASE/spring-test-5.0.10.RELEASE.jar:/home/distortion/.m2/repository/org/xmlunit/xmlunit-core/2.5.1/xmlunit-core-2.5.1.jar:/home/distortion/.m2/repository/org/assertj/assertj-core/3.9.1/assertj-core-3.9.1.jar:/home/distortion/.m2/repository/javax/xml/bind/jaxb-api/2.3.1/jaxb-api-2.3.1.jar:/home/distortion/.m2/repository/javax/activation/javax.activation-api/1.2.0/javax.activation-api-1.2.0.jar:, sun.cpu.endian=little, user.home=/home/distortion, user.language=en, java.specification.vendor=Oracle Corporation, java.version.date=2018-07-17, java.home=/usr/lib/jvm/java-11-openjdk-amd64, file.separator=/, basedir=/home/distortion/projects/java/nba_springboot, java.vm.compressedOopsMode=32-bit, line.separator=
, java.specification.name=Java Platform API Specification, java.vm.specification.vendor=Oracle Corporation, java.awt.graphicsenv=sun.awt.X11GraphicsEnvironment, java.awt.headless=true, surefire.real.class.path=/home/distortion/projects/java/nba_springboot/target/surefire/surefirebooter6643602565128088559.jar, sun.management.compiler=HotSpot 64-Bit Tiered Compilers, java.runtime.version=10.0.2+13-Ubuntu-1ubuntu0.18.04.4, user.name=distortion, path.separator=:, os.version=4.15.0-43-generic, java.runtime.name=OpenJDK Runtime Environment, file.encoding=UTF-8, spring.beaninfo.ignore=true, java.vm.name=OpenJDK 64-Bit Server VM, localRepository=/home/distortion/.m2/repository, java.vendor.url.bug=http://bugreport.java.com/bugreport/, java.io.tmpdir=/tmp, idea.version=2018.2.5, com.zaxxer.hikari.pool_number=1, java.version=10.0.2, user.dir=/home/distortion/projects/java/nba_springboot, os.arch=amd64, java.vm.specification.name=Java Virtual Machine Specification, PID=7626, java.awt.printerjob=sun.print.PSPrinterJob, sun.os.patch.level=unknown, java.library.path=/usr/java/packages/lib:/usr/lib/x86_64-linux-gnu/jni:/lib/x86_64-linux-gnu:/usr/lib/x86_64-linux-gnu:/usr/lib/jni:/lib:/usr/lib, java.vendor=Oracle Corporation, java.vm.info=mixed mode, java.vm.version=10.0.2+13-Ubuntu-1ubuntu0.18.04.4, sun.io.unicode.encoding=UnicodeLittle, java.class.version=54.0}}, SystemEnvironmentPropertySource@34264652 {name='systemEnvironment', properties={PATH=/usr/local/sbin:/usr/local/bin:/usr/sbin:/usr/bin:/sbin:/bin:/usr/games:/usr/local/games:/snap/bin, LC_MEASUREMENT=en_CA.UTF-8, XAUTHORITY=/run/user/1000/gdm/Xauthority, XMODIFIERS=@im=ibus, LC_TELEPHONE=en_CA.UTF-8, XDG_DATA_DIRS=/usr/share/ubuntu:/usr/local/share:/usr/share:/var/lib/snapd/desktop, GDMSESSION=ubuntu, MANDATORY_PATH=/usr/share/gconf/ubuntu.mandatory.path, LC_TIME=en_CA.UTF-8, PAPERSIZE=letter, TEXTDOMAINDIR=/usr/share/locale/, GTK_IM_MODULE=ibus, DBUS_SESSION_BUS_ADDRESS=unix:path=/run/user/1000/bus, DEFAULTS_PATH=/usr/share/gconf/ubuntu.default.path, XDG_CURRENT_DESKTOP=ubuntu:GNOME, SSH_AGENT_PID=1499, QT4_IM_MODULE=xim, LC_PAPER=en_CA.UTF-8, SESSION_MANAGER=local/Distortion:@/tmp/.ICE-unix/1421,unix/Distortion:/tmp/.ICE-unix/1421, USERNAME=distortion, LOGNAME=distortion, PWD=/home/distortion/projects/java/nba_springboot, IM_CONFIG_PHASE=2, GJS_DEBUG_TOPICS=JS ERROR;JS LOG, SHELL=/bin/bash, LC_ADDRESS=en_CA.UTF-8, GIO_LAUNCHED_DESKTOP_FILE=/home/distortion/.local/share/applications/jetbrains-idea.desktop, OLDPWD=/home/distortion/projects/java/nba_springboot, GNOME_DESKTOP_SESSION_ID=this-is-deprecated, GTK_MODULES=gail:atk-bridge, CLUTTER_IM_MODULE=xim, TEXTDOMAIN=im-config, XDG_SESSION_DESKTOP=ubuntu, SHLVL=0, LC_IDENTIFICATION=en_CA.UTF-8, LC_MONETARY=en_CA.UTF-8, QT_IM_MODULE=ibus, XDG_CONFIG_DIRS=/etc/xdg/xdg-ubuntu:/etc/xdg, LANG=en_US.UTF-8, XDG_SESSION_ID=2, XDG_SESSION_TYPE=x11, DISPLAY=:0, LC_NAME=en_CA.UTF-8, GPG_AGENT_INFO=/run/user/1000/gnupg/S.gpg-agent:0:1, DESKTOP_SESSION=ubuntu, USER=distortion, XDG_MENU_PREFIX=gnome-, GIO_LAUNCHED_DESKTOP_FILE_PID=3273, QT_ACCESSIBILITY=1, WINDOWPATH=2, LC_NUMERIC=en_CA.UTF-8, GJS_DEBUG_OUTPUT=stderr, SSH_AUTH_SOCK=/run/user/1000/keyring/ssh, XDG_SEAT=seat0, GNOME_SHELL_SESSION_MODE=ubuntu, XDG_VTNR=2, XDG_RUNTIME_DIR=/run/user/1000, HOME=/home/distortion}}]
2018-12-25 19:32:39.732 DEBUG 7626 --- [           main] o.s.c.e.PropertySourcesPropertyResolver  : Could not find key 'context.initializer.classes' in any property source
2018-12-25 19:32:39.732 DEBUG 7626 --- [           main] o.s.c.e.PropertySourcesPropertyResolver  : Could not find key 'spring.application.name' in any property source
2018-12-25 19:32:39.733 DEBUG 7626 --- [           main] o.s.core.env.StandardEnvironment         : Adding PropertySource 'test' with highest search precedence
2018-12-25 19:32:39.733 DEBUG 7626 --- [           main] o.s.core.env.StandardEnvironment         : Removing PropertySource 'configurationProperties'
2018-12-25 19:32:39.733 DEBUG 7626 --- [           main] o.s.core.env.StandardEnvironment         : Adding PropertySource 'configurationProperties' with highest search precedence
2018-12-25 19:32:39.733 DEBUG 7626 --- [           main] o.s.core.env.StandardEnvironment         : Adding PropertySource 'Annotations' with highest search precedence
2018-12-25 19:32:39.733 DEBUG 7626 --- [           main] o.s.b.f.s.DefaultListableBeanFactory     : Registering scope 'restart' with implementation [org.springframework.boot.devtools.restart.RestartScopeInitializer$RestartScope@45a05350]
2018-12-25 19:32:39.733 DEBUG 7626 --- [           main] o.s.b.f.s.DefaultListableBeanFactory     : Returning cached instance of singleton bean 'autoConfigurationReport'
2018-12-25 19:32:39.734  INFO 7626 --- [           main] c.h.s.n.c.ScheduleControllerTest         : Starting ScheduleControllerTest on Distortion with PID 7626 (started by distortion in /home/distortion/projects/java/nba_springboot)
2018-12-25 19:32:39.734 DEBUG 7626 --- [           main] o.s.c.e.PropertySourcesPropertyResolver  : Could not find key 'spring.profiles.active' in any property source
2018-12-25 19:32:39.735 DEBUG 7626 --- [           main] o.s.c.e.PropertySourcesPropertyResolver  : Could not find key 'spring.profiles.default' in any property source
2018-12-25 19:32:39.735  INFO 7626 --- [           main] c.h.s.n.c.ScheduleControllerTest         : No active profile set, falling back to default profiles: default
2018-12-25 19:32:39.735 DEBUG 7626 --- [           main] o.s.boot.SpringApplication               : Loading source class com.homesoft.springboot.nba_springboot.NbaSpringbootApplication
2018-12-25 19:32:39.735 DEBUG 7626 --- [           main] o.s.c.a.ClassPathBeanDefinitionScanner   : JSR-250 'javax.annotation.ManagedBean' found and supported for component scanning
2018-12-25 19:32:39.736 DEBUG 7626 --- [           main] o.s.b.c.c.ConfigFileApplicationListener  : Loaded config file 'file:/home/distortion/projects/java/nba_springboot/target/classes/application.properties' (classpath:/application.properties)
2018-12-25 19:32:39.737  INFO 7626 --- [           main] o.s.w.c.s.GenericWebApplicationContext   : Refreshing org.springframework.web.context.support.GenericWebApplicationContext@46ab8e4b: startup date [Tue Dec 25 19:32:39 CET 2018]; root of context hierarchy
2018-12-25 19:32:39.737 DEBUG 7626 --- [           main] o.s.w.c.s.GenericWebApplicationContext   : Bean factory for org.springframework.web.context.support.GenericWebApplicationContext@46ab8e4b: org.springframework.beans.factory.support.DefaultListableBeanFactory@74ed7111: defining beans [org.springframework.context.annotation.internalConfigurationAnnotationProcessor,org.springframework.context.annotation.internalAutowiredAnnotationProcessor,org.springframework.context.annotation.internalRequiredAnnotationProcessor,org.springframework.context.annotation.internalCommonAnnotationProcessor,org.springframework.context.annotation.internalPersistenceAnnotationProcessor,org.springframework.context.event.internalEventListenerProcessor,org.springframework.context.event.internalEventListenerFactory,org.springframework.boot.test.context.ImportsContextCustomizer$ImportsCleanupPostProcessor,org.springframework.boot.test.context.ImportsContextCustomizer$ImportsConfiguration,org.springframework.boot.test.mock.mockito.MockitoPostProcessor$SpyPostProcessor,org.springframework.boot.test.mock.mockito.MockitoPostProcessor,nbaSpringbootApplication]; root of factory hierarchy
2018-12-25 19:32:39.737 DEBUG 7626 --- [           main] o.s.b.f.s.DefaultListableBeanFactory     : Registering scope 'request' with implementation [org.springframework.web.context.request.RequestScope@3314f179]
2018-12-25 19:32:39.737 DEBUG 7626 --- [           main] o.s.b.f.s.DefaultListableBeanFactory     : Registering scope 'session' with implementation [org.springframework.web.context.request.SessionScope@1abd1a28]
2018-12-25 19:32:39.737 DEBUG 7626 --- [           main] o.s.b.f.s.DefaultListableBeanFactory     : Registering scope 'application' with implementation [org.springframework.web.context.support.ServletContextScope@5478597]
2018-12-25 19:32:39.738 DEBUG 7626 --- [           main] o.s.b.f.s.DefaultListableBeanFactory     : Creating shared instance of singleton bean 'org.springframework.context.annotation.internalConfigurationAnnotationProcessor'
2018-12-25 19:32:39.738 DEBUG 7626 --- [           main] o.s.b.f.s.DefaultListableBeanFactory     : Creating instance of bean 'org.springframework.context.annotation.internalConfigurationAnnotationProcessor'
2018-12-25 19:32:39.738 DEBUG 7626 --- [           main] o.s.b.f.s.DefaultListableBeanFactory     : Eagerly caching bean 'org.springframework.context.annotation.internalConfigurationAnnotationProcessor' to allow for resolving potential circular references
2018-12-25 19:32:39.738 DEBUG 7626 --- [           main] o.s.b.f.s.DefaultListableBeanFactory     : Creating shared instance of singleton bean 'org.springframework.boot.autoconfigure.internalCachingMetadataReaderFactory'
2018-12-25 19:32:39.738 DEBUG 7626 --- [           main] o.s.b.f.s.DefaultListableBeanFactory     : Creating instance of bean 'org.springframework.boot.autoconfigure.internalCachingMetadataReaderFactory'
2018-12-25 19:32:39.738 DEBUG 7626 --- [           main] o.s.b.f.s.DefaultListableBeanFactory     : Eagerly caching bean 'org.springframework.boot.autoconfigure.internalCachingMetadataReaderFactory' to allow for resolving potential circular references
2018-12-25 19:32:39.738 DEBUG 7626 --- [           main] o.s.b.f.s.DefaultListableBeanFactory     : Finished creating instance of bean 'org.springframework.boot.autoconfigure.internalCachingMetadataReaderFactory'
2018-12-25 19:32:39.741 DEBUG 7626 --- [           main] o.s.b.f.s.DefaultListableBeanFactory     : Finished creating instance of bean 'org.springframework.context.annotation.internalConfigurationAnnotationProcessor'
2018-12-25 19:32:39.759 DEBUG 7626 --- [           main] o.s.c.a.ClassPathBeanDefinitionScanner   : JSR-250 'javax.annotation.ManagedBean' found and supported for component scanning
2018-12-25 19:32:39.759 DEBUG 7626 --- [           main] .i.s.PathMatchingResourcePatternResolver : Resolved classpath location [com/homesoft/springboot/nba_springboot/] to resources [URL [file:/home/distortion/projects/java/nba_springboot/target/test-classes/com/homesoft/springboot/nba_springboot/], URL [file:/home/distortion/projects/java/nba_springboot/target/classes/com/homesoft/springboot/nba_springboot/]]
2018-12-25 19:32:39.759 DEBUG 7626 --- [           main] .i.s.PathMatchingResourcePatternResolver : Looking for matching resources in directory tree [/home/distortion/projects/java/nba_springboot/target/test-classes/com/homesoft/springboot/nba_springboot]
2018-12-25 19:32:39.759 DEBUG 7626 --- [           main] .i.s.PathMatchingResourcePatternResolver : Searching directory [/home/distortion/projects/java/nba_springboot/target/test-classes/com/homesoft/springboot/nba_springboot] for files matching pattern [/home/distortion/projects/java/nba_springboot/target/test-classes/com/homesoft/springboot/nba_springboot/**/*.class]
2018-12-25 19:32:39.760 DEBUG 7626 --- [           main] .i.s.PathMatchingResourcePatternResolver : Searching directory [/home/distortion/projects/java/nba_springboot/target/test-classes/com/homesoft/springboot/nba_springboot/controller] for files matching pattern [/home/distortion/projects/java/nba_springboot/target/test-classes/com/homesoft/springboot/nba_springboot/**/*.class]
2018-12-25 19:32:39.761 DEBUG 7626 --- [           main] .i.s.PathMatchingResourcePatternResolver : Searching directory [/home/distortion/projects/java/nba_springboot/target/test-classes/com/homesoft/springboot/nba_springboot/model] for files matching pattern [/home/distortion/projects/java/nba_springboot/target/test-classes/com/homesoft/springboot/nba_springboot/**/*.class]
2018-12-25 19:32:39.761 DEBUG 7626 --- [           main] .i.s.PathMatchingResourcePatternResolver : Searching directory [/home/distortion/projects/java/nba_springboot/target/test-classes/com/homesoft/springboot/nba_springboot/service] for files matching pattern [/home/distortion/projects/java/nba_springboot/target/test-classes/com/homesoft/springboot/nba_springboot/**/*.class]
2018-12-25 19:32:39.761 DEBUG 7626 --- [           main] .i.s.PathMatchingResourcePatternResolver : Looking for matching resources in directory tree [/home/distortion/projects/java/nba_springboot/target/classes/com/homesoft/springboot/nba_springboot]
2018-12-25 19:32:39.761 DEBUG 7626 --- [           main] .i.s.PathMatchingResourcePatternResolver : Searching directory [/home/distortion/projects/java/nba_springboot/target/classes/com/homesoft/springboot/nba_springboot] for files matching pattern [/home/distortion/projects/java/nba_springboot/target/classes/com/homesoft/springboot/nba_springboot/**/*.class]
2018-12-25 19:32:39.761 DEBUG 7626 --- [           main] .i.s.PathMatchingResourcePatternResolver : Searching directory [/home/distortion/projects/java/nba_springboot/target/classes/com/homesoft/springboot/nba_springboot/controller] for files matching pattern [/home/distortion/projects/java/nba_springboot/target/classes/com/homesoft/springboot/nba_springboot/**/*.class]
2018-12-25 19:32:39.761 DEBUG 7626 --- [           main] .i.s.PathMatchingResourcePatternResolver : Searching directory [/home/distortion/projects/java/nba_springboot/target/classes/com/homesoft/springboot/nba_springboot/dao] for files matching pattern [/home/distortion/projects/java/nba_springboot/target/classes/com/homesoft/springboot/nba_springboot/**/*.class]
2018-12-25 19:32:39.762 DEBUG 7626 --- [           main] .i.s.PathMatchingResourcePatternResolver : Searching directory [/home/distortion/projects/java/nba_springboot/target/classes/com/homesoft/springboot/nba_springboot/model] for files matching pattern [/home/distortion/projects/java/nba_springboot/target/classes/com/homesoft/springboot/nba_springboot/**/*.class]
2018-12-25 19:32:39.762 DEBUG 7626 --- [           main] .i.s.PathMatchingResourcePatternResolver : Searching directory [/home/distortion/projects/java/nba_springboot/target/classes/com/homesoft/springboot/nba_springboot/service] for files matching pattern [/home/distortion/projects/java/nba_springboot/target/classes/com/homesoft/springboot/nba_springboot/**/*.class]
2018-12-25 19:32:39.762 DEBUG 7626 --- [           main] .i.s.PathMatchingResourcePatternResolver : Resolved location pattern [classpath*:com/homesoft/springboot/nba_springboot/**/*.class] to resources [file [/home/distortion/projects/java/nba_springboot/target/test-classes/com/homesoft/springboot/nba_springboot/NbaSpringbootApplicationTests.class], file [/home/distortion/projects/java/nba_springboot/target/test-classes/com/homesoft/springboot/nba_springboot/controller/ConferenceControllerTest.class], file [/home/distortion/projects/java/nba_springboot/target/test-classes/com/homesoft/springboot/nba_springboot/controller/DivisionControllerTest.class], file [/home/distortion/projects/java/nba_springboot/target/test-classes/com/homesoft/springboot/nba_springboot/controller/PlayerControllerTest.class], file [/home/distortion/projects/java/nba_springboot/target/test-classes/com/homesoft/springboot/nba_springboot/controller/ScheduleControllerTest.class], file [/home/distortion/projects/java/nba_springboot/target/test-classes/com/homesoft/springboot/nba_springboot/controller/SetupTestService.class], file [/home/distortion/projects/java/nba_springboot/target/test-classes/com/homesoft/springboot/nba_springboot/controller/TeamControllerTest.class], file [/home/distortion/projects/java/nba_springboot/target/test-classes/com/homesoft/springboot/nba_springboot/model/ConferenceTest.class], file [/home/distortion/projects/java/nba_springboot/target/test-classes/com/homesoft/springboot/nba_springboot/model/DivisionTest.class], file [/home/distortion/projects/java/nba_springboot/target/test-classes/com/homesoft/springboot/nba_springboot/model/PlayerTest.class], file [/home/distortion/projects/java/nba_springboot/target/test-classes/com/homesoft/springboot/nba_springboot/model/TeamTest.class], file [/home/distortion/projects/java/nba_springboot/target/test-classes/com/homesoft/springboot/nba_springboot/service/GameLogicTest.class], file [/home/distortion/projects/java/nba_springboot/target/classes/com/homesoft/springboot/nba_springboot/NbaSpringbootApplication.class], file [/home/distortion/projects/java/nba_springboot/target/classes/com/homesoft/springboot/nba_springboot/controller/AutofillController.class], file [/home/distortion/projects/java/nba_springboot/target/classes/com/homesoft/springboot/nba_springboot/controller/ClearDataController.class], file [/home/distortion/projects/java/nba_springboot/target/classes/com/homesoft/springboot/nba_springboot/controller/ConferenceController.class], file [/home/distortion/projects/java/nba_springboot/target/classes/com/homesoft/springboot/nba_springboot/controller/DivisionController.class], file [/home/distortion/projects/java/nba_springboot/target/classes/com/homesoft/springboot/nba_springboot/controller/FinalsController.class], file [/home/distortion/projects/java/nba_springboot/target/classes/com/homesoft/springboot/nba_springboot/controller/NbaController.class], file [/home/distortion/projects/java/nba_springboot/target/classes/com/homesoft/springboot/nba_springboot/controller/PlayAgainController.class], file [/home/distortion/projects/java/nba_springboot/target/classes/com/homesoft/springboot/nba_springboot/controller/PlayerController.class], file [/home/distortion/projects/java/nba_springboot/target/classes/com/homesoft/springboot/nba_springboot/controller/PlayoffController.class], file [/home/distortion/projects/java/nba_springboot/target/classes/com/homesoft/springboot/nba_springboot/controller/ScheduleController.class], file [/home/distortion/projects/java/nba_springboot/target/classes/com/homesoft/springboot/nba_springboot/controller/TeamController.class], file [/home/distortion/projects/java/nba_springboot/target/classes/com/homesoft/springboot/nba_springboot/controller/WelcomeController.class], file [/home/distortion/projects/java/nba_springboot/target/classes/com/homesoft/springboot/nba_springboot/dao/ConferenceDAO.class], file [/home/distortion/projects/java/nba_springboot/target/classes/com/homesoft/springboot/nba_springboot/dao/DivisionDAO.class], file [/home/distortion/projects/java/nba_springboot/target/classes/com/homesoft/springboot/nba_springboot/dao/PlayerDAO.class], file [/home/distortion/projects/java/nba_springboot/target/classes/com/homesoft/springboot/nba_springboot/dao/TeamDAO.class], file [/home/distortion/projects/java/nba_springboot/target/classes/com/homesoft/springboot/nba_springboot/model/Conference.class], file [/home/distortion/projects/java/nba_springboot/target/classes/com/homesoft/springboot/nba_springboot/model/Division.class], file [/home/distortion/projects/java/nba_springboot/target/classes/com/homesoft/springboot/nba_springboot/model/Player.class], file [/home/distortion/projects/java/nba_springboot/target/classes/com/homesoft/springboot/nba_springboot/model/Team.class], file [/home/distortion/projects/java/nba_springboot/target/classes/com/homesoft/springboot/nba_springboot/service/AutoDataService.class], file [/home/distortion/projects/java/nba_springboot/target/classes/com/homesoft/springboot/nba_springboot/service/ConferenceService.class], file [/home/distortion/projects/java/nba_springboot/target/classes/com/homesoft/springboot/nba_springboot/service/CrossConferenceGames.class], file [/home/distortion/projects/java/nba_springboot/target/classes/com/homesoft/springboot/nba_springboot/service/CrossDivisionGames.class], file [/home/distortion/projects/java/nba_springboot/target/classes/com/homesoft/springboot/nba_springboot/service/DivisionGames.class], file [/home/distortion/projects/java/nba_springboot/target/classes/com/homesoft/springboot/nba_springboot/service/DivisionService.class], file [/home/distortion/projects/java/nba_springboot/target/classes/com/homesoft/springboot/nba_springboot/service/GameLogic.class], file [/home/distortion/projects/java/nba_springboot/target/classes/com/homesoft/springboot/nba_springboot/service/PlayerService.class], file [/home/distortion/projects/java/nba_springboot/target/classes/com/homesoft/springboot/nba_springboot/service/PlayoffGameService.class], file [/home/distortion/projects/java/nba_springboot/target/classes/com/homesoft/springboot/nba_springboot/service/PlayoffService.class], file [/home/distortion/projects/java/nba_springboot/target/classes/com/homesoft/springboot/nba_springboot/service/RegularSeason.class], file [/home/distortion/projects/java/nba_springboot/target/classes/com/homesoft/springboot/nba_springboot/service/RegularSeasonGameService.class], file [/home/distortion/projects/java/nba_springboot/target/classes/com/homesoft/springboot/nba_springboot/service/TeamService.class], file [/home/distortion/projects/java/nba_springboot/target/classes/com/homesoft/springboot/nba_springboot/service/TeamUpdateService.class]]
2018-12-25 19:32:39.763 DEBUG 7626 --- [           main] o.s.b.f.s.DefaultListableBeanFactory     : Returning cached instance of singleton bean 'org.springframework.boot.test.context.filter.TestTypeExcludeFilter'
2018-12-25 19:32:39.763 DEBUG 7626 --- [           main] o.s.b.f.s.DefaultListableBeanFactory     : Returning cached instance of singleton bean 'org.springframework.boot.test.autoconfigure.filter.TypeExcludeFilters'
2018-12-25 19:32:39.763 DEBUG 7626 --- [           main] o.s.b.f.s.DefaultListableBeanFactory     : Returning cached instance of singleton bean 'org.springframework.boot.test.context.filter.TestTypeExcludeFilter'
2018-12-25 19:32:39.763 DEBUG 7626 --- [           main] o.s.b.f.s.DefaultListableBeanFactory     : Returning cached instance of singleton bean 'org.springframework.boot.test.autoconfigure.filter.TypeExcludeFilters'
2018-12-25 19:32:39.764 DEBUG 7626 --- [           main] o.s.b.f.s.DefaultListableBeanFactory     : Returning cached instance of singleton bean 'org.springframework.boot.test.context.filter.TestTypeExcludeFilter'
2018-12-25 19:32:39.764 DEBUG 7626 --- [           main] o.s.b.f.s.DefaultListableBeanFactory     : Returning cached instance of singleton bean 'org.springframework.boot.test.autoconfigure.filter.TypeExcludeFilters'
2018-12-25 19:32:39.764 DEBUG 7626 --- [           main] o.s.b.f.s.DefaultListableBeanFactory     : Returning cached instance of singleton bean 'org.springframework.boot.test.context.filter.TestTypeExcludeFilter'
2018-12-25 19:32:39.764 DEBUG 7626 --- [           main] o.s.b.f.s.DefaultListableBeanFactory     : Returning cached instance of singleton bean 'org.springframework.boot.test.autoconfigure.filter.TypeExcludeFilters'
2018-12-25 19:32:39.765 DEBUG 7626 --- [           main] o.s.b.f.s.DefaultListableBeanFactory     : Returning cached instance of singleton bean 'org.springframework.boot.test.context.filter.TestTypeExcludeFilter'
2018-12-25 19:32:39.765 DEBUG 7626 --- [           main] o.s.b.f.s.DefaultListableBeanFactory     : Returning cached instance of singleton bean 'org.springframework.boot.test.autoconfigure.filter.TypeExcludeFilters'
2018-12-25 19:32:39.765 DEBUG 7626 --- [           main] o.s.b.f.s.DefaultListableBeanFactory     : Returning cached instance of singleton bean 'org.springframework.boot.test.context.filter.TestTypeExcludeFilter'
2018-12-25 19:32:39.765 DEBUG 7626 --- [           main] o.s.b.f.s.DefaultListableBeanFactory     : Returning cached instance of singleton bean 'org.springframework.boot.test.autoconfigure.filter.TypeExcludeFilters'
2018-12-25 19:32:39.766 DEBUG 7626 --- [           main] o.s.b.f.s.DefaultListableBeanFactory     : Returning cached instance of singleton bean 'org.springframework.boot.test.context.filter.TestTypeExcludeFilter'
2018-12-25 19:32:39.766 DEBUG 7626 --- [           main] o.s.b.f.s.DefaultListableBeanFactory     : Returning cached instance of singleton bean 'org.springframework.boot.test.autoconfigure.filter.TypeExcludeFilters'
2018-12-25 19:32:39.766 DEBUG 7626 --- [           main] o.s.b.f.s.DefaultListableBeanFactory     : Returning cached instance of singleton bean 'org.springframework.boot.test.context.filter.TestTypeExcludeFilter'
2018-12-25 19:32:39.767 DEBUG 7626 --- [           main] o.s.b.f.s.DefaultListableBeanFactory     : Returning cached instance of singleton bean 'org.springframework.boot.test.autoconfigure.filter.TypeExcludeFilters'
2018-12-25 19:32:39.767 DEBUG 7626 --- [           main] o.s.b.f.s.DefaultListableBeanFactory     : Returning cached instance of singleton bean 'org.springframework.boot.test.context.filter.TestTypeExcludeFilter'
2018-12-25 19:32:39.768 DEBUG 7626 --- [           main] o.s.b.f.s.DefaultListableBeanFactory     : Returning cached instance of singleton bean 'org.springframework.boot.test.autoconfigure.filter.TypeExcludeFilters'
2018-12-25 19:32:39.768 DEBUG 7626 --- [           main] o.s.b.f.s.DefaultListableBeanFactory     : Returning cached instance of singleton bean 'org.springframework.boot.test.context.filter.TestTypeExcludeFilter'
2018-12-25 19:32:39.768 DEBUG 7626 --- [           main] o.s.b.f.s.DefaultListableBeanFactory     : Returning cached instance of singleton bean 'org.springframework.boot.test.autoconfigure.filter.TypeExcludeFilters'
2018-12-25 19:32:39.772 DEBUG 7626 --- [           main] o.s.b.f.s.DefaultListableBeanFactory     : Returning cached instance of singleton bean 'org.springframework.boot.test.context.filter.TestTypeExcludeFilter'
2018-12-25 19:32:39.773 DEBUG 7626 --- [           main] o.s.b.f.s.DefaultListableBeanFactory     : Returning cached instance of singleton bean 'org.springframework.boot.test.autoconfigure.filter.TypeExcludeFilters'
2018-12-25 19:32:39.773 DEBUG 7626 --- [           main] o.s.b.f.s.DefaultListableBeanFactory     : Returning cached instance of singleton bean 'org.springframework.boot.test.context.filter.TestTypeExcludeFilter'
2018-12-25 19:32:39.773 DEBUG 7626 --- [           main] o.s.b.f.s.DefaultListableBeanFactory     : Returning cached instance of singleton bean 'org.springframework.boot.test.autoconfigure.filter.TypeExcludeFilters'
2018-12-25 19:32:39.774 DEBUG 7626 --- [           main] o.s.b.f.s.DefaultListableBeanFactory     : Returning cached instance of singleton bean 'org.springframework.boot.test.context.filter.TestTypeExcludeFilter'
2018-12-25 19:32:39.775 DEBUG 7626 --- [           main] o.s.b.f.s.DefaultListableBeanFactory     : Returning cached instance of singleton bean 'org.springframework.boot.test.autoconfigure.filter.TypeExcludeFilters'
2018-12-25 19:32:39.776 DEBUG 7626 --- [           main] o.s.b.f.s.DefaultListableBeanFactory     : Returning cached instance of singleton bean 'org.springframework.boot.test.context.filter.TestTypeExcludeFilter'
2018-12-25 19:32:39.776 DEBUG 7626 --- [           main] o.s.b.f.s.DefaultListableBeanFactory     : Returning cached instance of singleton bean 'org.springframework.boot.test.autoconfigure.filter.TypeExcludeFilters'
2018-12-25 19:32:39.776 DEBUG 7626 --- [           main] o.s.b.f.s.DefaultListableBeanFactory     : Returning cached instance of singleton bean 'org.springframework.boot.test.context.filter.TestTypeExcludeFilter'
2018-12-25 19:32:39.777 DEBUG 7626 --- [           main] o.s.b.f.s.DefaultListableBeanFactory     : Returning cached instance of singleton bean 'org.springframework.boot.test.autoconfigure.filter.TypeExcludeFilters'
2018-12-25 19:32:39.777 DEBUG 7626 --- [           main] o.s.b.f.s.DefaultListableBeanFactory     : Returning cached instance of singleton bean 'org.springframework.boot.test.context.filter.TestTypeExcludeFilter'
2018-12-25 19:32:39.777 DEBUG 7626 --- [           main] o.s.b.f.s.DefaultListableBeanFactory     : Returning cached instance of singleton bean 'org.springframework.boot.test.autoconfigure.filter.TypeExcludeFilters'
2018-12-25 19:32:39.778 DEBUG 7626 --- [           main] o.s.b.f.s.DefaultListableBeanFactory     : Returning cached instance of singleton bean 'org.springframework.boot.test.context.filter.TestTypeExcludeFilter'
2018-12-25 19:32:39.778 DEBUG 7626 --- [           main] o.s.b.f.s.DefaultListableBeanFactory     : Returning cached instance of singleton bean 'org.springframework.boot.test.autoconfigure.filter.TypeExcludeFilters'
2018-12-25 19:32:39.779 DEBUG 7626 --- [           main] o.s.b.f.s.DefaultListableBeanFactory     : Returning cached instance of singleton bean 'org.springframework.boot.test.context.filter.TestTypeExcludeFilter'
2018-12-25 19:32:39.779 DEBUG 7626 --- [           main] o.s.b.f.s.DefaultListableBeanFactory     : Returning cached instance of singleton bean 'org.springframework.boot.test.autoconfigure.filter.TypeExcludeFilters'
2018-12-25 19:32:39.780 DEBUG 7626 --- [           main] o.s.b.f.s.DefaultListableBeanFactory     : Returning cached instance of singleton bean 'org.springframework.boot.test.context.filter.TestTypeExcludeFilter'
2018-12-25 19:32:39.780 DEBUG 7626 --- [           main] o.s.b.f.s.DefaultListableBeanFactory     : Returning cached instance of singleton bean 'org.springframework.boot.test.autoconfigure.filter.TypeExcludeFilters'
2018-12-25 19:32:39.780 DEBUG 7626 --- [           main] o.s.b.f.s.DefaultListableBeanFactory     : Returning cached instance of singleton bean 'org.springframework.boot.test.context.filter.TestTypeExcludeFilter'
2018-12-25 19:32:39.780 DEBUG 7626 --- [           main] o.s.b.f.s.DefaultListableBeanFactory     : Returning cached instance of singleton bean 'org.springframework.boot.test.autoconfigure.filter.TypeExcludeFilters'
2018-12-25 19:32:39.781 DEBUG 7626 --- [           main] o.s.b.f.s.DefaultListableBeanFactory     : Returning cached instance of singleton bean 'org.springframework.boot.test.context.filter.TestTypeExcludeFilter'
2018-12-25 19:32:39.781 DEBUG 7626 --- [           main] o.s.b.f.s.DefaultListableBeanFactory     : Returning cached instance of singleton bean 'org.springframework.boot.test.autoconfigure.filter.TypeExcludeFilters'
2018-12-25 19:32:39.781 DEBUG 7626 --- [           main] o.s.b.f.s.DefaultListableBeanFactory     : Returning cached instance of singleton bean 'org.springframework.boot.test.context.filter.TestTypeExcludeFilter'
2018-12-25 19:32:39.781 DEBUG 7626 --- [           main] o.s.b.f.s.DefaultListableBeanFactory     : Returning cached instance of singleton bean 'org.springframework.boot.test.autoconfigure.filter.TypeExcludeFilters'
2018-12-25 19:32:39.781 DEBUG 7626 --- [           main] o.s.c.a.ClassPathBeanDefinitionScanner   : Identified candidate component class: file [/home/distortion/projects/java/nba_springboot/target/classes/com/homesoft/springboot/nba_springboot/controller/ScheduleController.class]
2018-12-25 19:32:39.781 DEBUG 7626 --- [           main] o.s.b.f.s.DefaultListableBeanFactory     : Returning cached instance of singleton bean 'org.springframework.boot.test.context.filter.TestTypeExcludeFilter'
2018-12-25 19:32:39.781 DEBUG 7626 --- [           main] o.s.b.f.s.DefaultListableBeanFactory     : Returning cached instance of singleton bean 'org.springframework.boot.test.autoconfigure.filter.TypeExcludeFilters'
2018-12-25 19:32:39.782 DEBUG 7626 --- [           main] o.s.b.f.s.DefaultListableBeanFactory     : Returning cached instance of singleton bean 'org.springframework.boot.test.context.filter.TestTypeExcludeFilter'
2018-12-25 19:32:39.782 DEBUG 7626 --- [           main] o.s.b.f.s.DefaultListableBeanFactory     : Returning cached instance of singleton bean 'org.springframework.boot.test.autoconfigure.filter.TypeExcludeFilters'
2018-12-25 19:32:39.782 DEBUG 7626 --- [           main] o.s.b.f.s.DefaultListableBeanFactory     : Returning cached instance of singleton bean 'org.springframework.boot.test.context.filter.TestTypeExcludeFilter'
2018-12-25 19:32:39.782 DEBUG 7626 --- [           main] o.s.b.f.s.DefaultListableBeanFactory     : Returning cached instance of singleton bean 'org.springframework.boot.test.autoconfigure.filter.TypeExcludeFilters'
2018-12-25 19:32:39.783 DEBUG 7626 --- [           main] o.s.b.f.s.DefaultListableBeanFactory     : Returning cached instance of singleton bean 'org.springframework.boot.test.context.filter.TestTypeExcludeFilter'
2018-12-25 19:32:39.783 DEBUG 7626 --- [           main] o.s.b.f.s.DefaultListableBeanFactory     : Returning cached instance of singleton bean 'org.springframework.boot.test.autoconfigure.filter.TypeExcludeFilters'
2018-12-25 19:32:39.784 DEBUG 7626 --- [           main] o.s.b.f.s.DefaultListableBeanFactory     : Returning cached instance of singleton bean 'org.springframework.boot.test.context.filter.TestTypeExcludeFilter'
2018-12-25 19:32:39.784 DEBUG 7626 --- [           main] o.s.b.f.s.DefaultListableBeanFactory     : Returning cached instance of singleton bean 'org.springframework.boot.test.autoconfigure.filter.TypeExcludeFilters'
2018-12-25 19:32:39.786 DEBUG 7626 --- [           main] o.s.b.f.s.DefaultListableBeanFactory     : Returning cached instance of singleton bean 'org.springframework.boot.test.context.filter.TestTypeExcludeFilter'
2018-12-25 19:32:39.786 DEBUG 7626 --- [           main] o.s.b.f.s.DefaultListableBeanFactory     : Returning cached instance of singleton bean 'org.springframework.boot.test.autoconfigure.filter.TypeExcludeFilters'
2018-12-25 19:32:39.787 DEBUG 7626 --- [           main] o.s.b.f.s.DefaultListableBeanFactory     : Returning cached instance of singleton bean 'org.springframework.boot.test.context.filter.TestTypeExcludeFilter'
2018-12-25 19:32:39.787 DEBUG 7626 --- [           main] o.s.b.f.s.DefaultListableBeanFactory     : Returning cached instance of singleton bean 'org.springframework.boot.test.autoconfigure.filter.TypeExcludeFilters'
2018-12-25 19:32:39.787 DEBUG 7626 --- [           main] o.s.b.f.s.DefaultListableBeanFactory     : Returning cached instance of singleton bean 'org.springframework.boot.test.context.filter.TestTypeExcludeFilter'
2018-12-25 19:32:39.787 DEBUG 7626 --- [           main] o.s.b.f.s.DefaultListableBeanFactory     : Returning cached instance of singleton bean 'org.springframework.boot.test.autoconfigure.filter.TypeExcludeFilters'
2018-12-25 19:32:39.788 DEBUG 7626 --- [           main] o.s.b.f.s.DefaultListableBeanFactory     : Returning cached instance of singleton bean 'org.springframework.boot.test.context.filter.TestTypeExcludeFilter'
2018-12-25 19:32:39.788 DEBUG 7626 --- [           main] o.s.b.f.s.DefaultListableBeanFactory     : Returning cached instance of singleton bean 'org.springframework.boot.test.autoconfigure.filter.TypeExcludeFilters'
2018-12-25 19:32:39.788 DEBUG 7626 --- [           main] o.s.b.f.s.DefaultListableBeanFactory     : Returning cached instance of singleton bean 'org.springframework.boot.test.context.filter.TestTypeExcludeFilter'
2018-12-25 19:32:39.788 DEBUG 7626 --- [           main] o.s.b.f.s.DefaultListableBeanFactory     : Returning cached instance of singleton bean 'org.springframework.boot.test.autoconfigure.filter.TypeExcludeFilters'
2018-12-25 19:32:39.788 DEBUG 7626 --- [           main] o.s.b.f.s.DefaultListableBeanFactory     : Returning cached instance of singleton bean 'org.springframework.boot.test.context.filter.TestTypeExcludeFilter'
2018-12-25 19:32:39.788 DEBUG 7626 --- [           main] o.s.b.f.s.DefaultListableBeanFactory     : Returning cached instance of singleton bean 'org.springframework.boot.test.autoconfigure.filter.TypeExcludeFilters'
2018-12-25 19:32:39.789 DEBUG 7626 --- [           main] o.s.b.f.s.DefaultListableBeanFactory     : Returning cached instance of singleton bean 'org.springframework.boot.test.context.filter.TestTypeExcludeFilter'
2018-12-25 19:32:39.789 DEBUG 7626 --- [           main] o.s.b.f.s.DefaultListableBeanFactory     : Returning cached instance of singleton bean 'org.springframework.boot.test.autoconfigure.filter.TypeExcludeFilters'
2018-12-25 19:32:39.789 DEBUG 7626 --- [           main] o.s.b.f.s.DefaultListableBeanFactory     : Returning cached instance of singleton bean 'org.springframework.boot.test.context.filter.TestTypeExcludeFilter'
2018-12-25 19:32:39.789 DEBUG 7626 --- [           main] o.s.b.f.s.DefaultListableBeanFactory     : Returning cached instance of singleton bean 'org.springframework.boot.test.autoconfigure.filter.TypeExcludeFilters'
2018-12-25 19:32:39.790 DEBUG 7626 --- [           main] o.s.b.f.s.DefaultListableBeanFactory     : Returning cached instance of singleton bean 'org.springframework.boot.test.context.filter.TestTypeExcludeFilter'
2018-12-25 19:32:39.790 DEBUG 7626 --- [           main] o.s.b.f.s.DefaultListableBeanFactory     : Returning cached instance of singleton bean 'org.springframework.boot.test.autoconfigure.filter.TypeExcludeFilters'
2018-12-25 19:32:39.791 DEBUG 7626 --- [           main] o.s.b.f.s.DefaultListableBeanFactory     : Returning cached instance of singleton bean 'org.springframework.boot.test.context.filter.TestTypeExcludeFilter'
2018-12-25 19:32:39.791 DEBUG 7626 --- [           main] o.s.b.f.s.DefaultListableBeanFactory     : Returning cached instance of singleton bean 'org.springframework.boot.test.autoconfigure.filter.TypeExcludeFilters'
2018-12-25 19:32:39.792 DEBUG 7626 --- [           main] o.s.b.f.s.DefaultListableBeanFactory     : Returning cached instance of singleton bean 'org.springframework.boot.test.context.filter.TestTypeExcludeFilter'
2018-12-25 19:32:39.792 DEBUG 7626 --- [           main] o.s.b.f.s.DefaultListableBeanFactory     : Returning cached instance of singleton bean 'org.springframework.boot.test.autoconfigure.filter.TypeExcludeFilters'
2018-12-25 19:32:39.792 DEBUG 7626 --- [           main] o.s.b.f.s.DefaultListableBeanFactory     : Returning cached instance of singleton bean 'org.springframework.boot.test.context.filter.TestTypeExcludeFilter'
2018-12-25 19:32:39.792 DEBUG 7626 --- [           main] o.s.b.f.s.DefaultListableBeanFactory     : Returning cached instance of singleton bean 'org.springframework.boot.test.autoconfigure.filter.TypeExcludeFilters'
2018-12-25 19:32:39.792 DEBUG 7626 --- [           main] o.s.b.f.s.DefaultListableBeanFactory     : Returning cached instance of singleton bean 'org.springframework.boot.test.context.filter.TestTypeExcludeFilter'
2018-12-25 19:32:39.792 DEBUG 7626 --- [           main] o.s.b.f.s.DefaultListableBeanFactory     : Returning cached instance of singleton bean 'org.springframework.boot.test.autoconfigure.filter.TypeExcludeFilters'
2018-12-25 19:32:39.793 DEBUG 7626 --- [           main] o.s.b.f.s.DefaultListableBeanFactory     : Returning cached instance of singleton bean 'org.springframework.boot.test.context.filter.TestTypeExcludeFilter'
2018-12-25 19:32:39.793 DEBUG 7626 --- [           main] o.s.b.f.s.DefaultListableBeanFactory     : Returning cached instance of singleton bean 'org.springframework.boot.test.autoconfigure.filter.TypeExcludeFilters'
2018-12-25 19:32:39.793 DEBUG 7626 --- [           main] o.s.b.f.s.DefaultListableBeanFactory     : Returning cached instance of singleton bean 'org.springframework.boot.test.context.filter.TestTypeExcludeFilter'
2018-12-25 19:32:39.793 DEBUG 7626 --- [           main] o.s.b.f.s.DefaultListableBeanFactory     : Returning cached instance of singleton bean 'org.springframework.boot.test.autoconfigure.filter.TypeExcludeFilters'
2018-12-25 19:32:39.793 DEBUG 7626 --- [           main] o.s.b.f.s.DefaultListableBeanFactory     : Returning cached instance of singleton bean 'org.springframework.boot.test.context.filter.TestTypeExcludeFilter'
2018-12-25 19:32:39.793 DEBUG 7626 --- [           main] o.s.b.f.s.DefaultListableBeanFactory     : Returning cached instance of singleton bean 'org.springframework.boot.test.autoconfigure.filter.TypeExcludeFilters'
2018-12-25 19:32:39.794 DEBUG 7626 --- [           main] o.s.b.f.s.DefaultListableBeanFactory     : Returning cached instance of singleton bean 'org.springframework.boot.test.context.filter.TestTypeExcludeFilter'
2018-12-25 19:32:39.795 DEBUG 7626 --- [           main] o.s.b.f.s.DefaultListableBeanFactory     : Returning cached instance of singleton bean 'org.springframework.boot.test.autoconfigure.filter.TypeExcludeFilters'
2018-12-25 19:32:39.797 DEBUG 7626 --- [           main] o.s.b.f.s.DefaultListableBeanFactory     : Returning cached instance of singleton bean 'org.springframework.boot.test.context.filter.TestTypeExcludeFilter'
2018-12-25 19:32:39.797 DEBUG 7626 --- [           main] o.s.b.f.s.DefaultListableBeanFactory     : Returning cached instance of singleton bean 'org.springframework.boot.test.autoconfigure.filter.TypeExcludeFilters'
2018-12-25 19:32:39.797 DEBUG 7626 --- [           main] o.s.b.f.s.DefaultListableBeanFactory     : Returning cached instance of singleton bean 'org.springframework.boot.test.context.filter.TestTypeExcludeFilter'
2018-12-25 19:32:39.797 DEBUG 7626 --- [           main] o.s.b.f.s.DefaultListableBeanFactory     : Returning cached instance of singleton bean 'org.springframework.boot.test.autoconfigure.filter.TypeExcludeFilters'
2018-12-25 19:32:39.803 DEBUG 7626 --- [           main] o.s.b.f.s.DefaultListableBeanFactory     : Returning cached instance of singleton bean 'autoConfigurationReport'
2018-12-25 19:32:39.805 DEBUG 7626 --- [           main] o.s.b.f.s.DefaultListableBeanFactory     : Returning cached instance of singleton bean 'autoConfigurationReport'
2018-12-25 19:32:39.805 DEBUG 7626 --- [           main] o.s.c.e.PropertySourcesPropertyResolver  : Found key 'spring.boot.enableautoconfiguration' in PropertySource 'configurationProperties' with value of type String
2018-12-25 19:32:39.807 DEBUG 7626 --- [           main] o.s.b.f.s.DefaultListableBeanFactory     : Returning cached instance of singleton bean 'org.springframework.boot.autoconfigure.internalCachingMetadataReaderFactory'
2018-12-25 19:32:39.810 DEBUG 7626 --- [           main] o.s.c.e.PropertySourcesPropertyResolver  : Could not find key 'spring.messages.basename' in any property source
2018-12-25 19:32:39.811 DEBUG 7626 --- [           main] o.s.b.f.s.DefaultListableBeanFactory     : Returning cached instance of singleton bean 'autoConfigurationReport'
2018-12-25 19:32:39.811 DEBUG 7626 --- [           main] o.s.b.f.s.DefaultListableBeanFactory     : Returning cached instance of singleton bean 'autoConfigurationReport'
2018-12-25 19:32:39.811 DEBUG 7626 --- [           main] o.s.b.f.s.DefaultListableBeanFactory     : Returning cached instance of singleton bean 'autoConfigurationReport'
2018-12-25 19:32:39.813 DEBUG 7626 --- [           main] o.s.b.f.s.DefaultListableBeanFactory     : Returning cached instance of singleton bean 'autoConfigurationReport'
2018-12-25 19:32:39.813 DEBUG 7626 --- [           main] o.s.b.f.s.DefaultListableBeanFactory     : Returning cached instance of singleton bean 'autoConfigurationReport'
2018-12-25 19:32:39.815 DEBUG 7626 --- [           main] o.s.b.f.s.DefaultListableBeanFactory     : Returning cached instance of singleton bean 'autoConfigurationReport'
2018-12-25 19:32:39.815 DEBUG 7626 --- [           main] o.s.c.e.PropertySourcesPropertyResolver  : Could not find key 'spring.template.provider.cache' in any property source
2018-12-25 19:32:39.816 DEBUG 7626 --- [           main] o.s.c.e.PropertySourcesPropertyResolver  : Found key 'spring.mvc.view.prefix' in PropertySource 'configurationProperties' with value of type String
2018-12-25 19:32:39.816 DEBUG 7626 --- [           main] o.s.c.e.PropertySourcesPropertyResolver  : Found key 'spring.mvc.view.suffix' in PropertySource 'configurationProperties' with value of type String
2018-12-25 19:32:39.816 DEBUG 7626 --- [           main] o.s.b.f.s.DefaultListableBeanFactory     : Returning cached instance of singleton bean 'autoConfigurationReport'
2018-12-25 19:32:39.849 DEBUG 7626 --- [           main] o.s.b.f.s.DefaultListableBeanFactory     : Returning cached instance of singleton bean 'autoConfigurationReport'
2018-12-25 19:32:39.849 DEBUG 7626 --- [           main] o.s.b.f.s.DefaultListableBeanFactory     : Returning cached instance of singleton bean 'autoConfigurationReport'
2018-12-25 19:32:39.852 DEBUG 7626 --- [           main] o.s.b.f.s.DefaultListableBeanFactory     : Returning cached instance of singleton bean 'autoConfigurationReport'
2018-12-25 19:32:39.855 DEBUG 7626 --- [           main] o.s.c.e.PropertySourcesPropertyResolver  : Could not find key 'spring.resources.chain.strategy.fixed.enabled' in any property source
2018-12-25 19:32:39.855 DEBUG 7626 --- [           main] o.s.c.e.PropertySourcesPropertyResolver  : Could not find key 'spring.resources.chain.strategy.content.enabled' in any property source
2018-12-25 19:32:39.855 DEBUG 7626 --- [           main] o.s.c.e.PropertySourcesPropertyResolver  : Could not find key 'spring.resources.chain.enabled' in any property source
2018-12-25 19:32:39.855 DEBUG 7626 --- [           main] o.s.b.f.s.DefaultListableBeanFactory     : Returning cached instance of singleton bean 'autoConfigurationReport'
2018-12-25 19:32:39.865 DEBUG 7626 --- [           main] o.s.b.f.s.DefaultListableBeanFactory     : Returning cached instance of singleton bean 'autoConfigurationReport'
2018-12-25 19:32:39.871 DEBUG 7626 --- [           main] o.s.b.f.s.DefaultListableBeanFactory     : Returning cached instance of singleton bean 'autoConfigurationReport'
2018-12-25 19:32:39.879 DEBUG 7626 --- [           main] o.s.b.f.s.DefaultListableBeanFactory     : Returning cached instance of singleton bean 'autoConfigurationReport'
2018-12-25 19:32:39.880 DEBUG 7626 --- [           main] o.s.b.f.s.DefaultListableBeanFactory     : Returning cached instance of singleton bean 'autoConfigurationReport'
2018-12-25 19:32:39.880 DEBUG 7626 --- [           main] o.s.b.f.s.DefaultListableBeanFactory     : Returning cached instance of singleton bean 'autoConfigurationReport'
2018-12-25 19:32:39.881 DEBUG 7626 --- [           main] o.s.b.f.s.DefaultListableBeanFactory     : Returning cached instance of singleton bean 'autoConfigurationReport'
2018-12-25 19:32:39.881 DEBUG 7626 --- [           main] o.s.b.f.s.DefaultListableBeanFactory     : Returning cached instance of singleton bean 'autoConfigurationReport'
2018-12-25 19:32:39.881 DEBUG 7626 --- [           main] o.s.b.f.s.DefaultListableBeanFactory     : Returning cached instance of singleton bean 'autoConfigurationReport'
2018-12-25 19:32:39.881 DEBUG 7626 --- [           main] o.s.b.f.s.DefaultListableBeanFactory     : Returning cached instance of singleton bean 'autoConfigurationReport'
2018-12-25 19:32:39.882 DEBUG 7626 --- [           main] o.s.b.f.s.DefaultListableBeanFactory     : Returning cached instance of singleton bean 'autoConfigurationReport'
2018-12-25 19:32:39.882 DEBUG 7626 --- [           main] o.s.b.f.s.DefaultListableBeanFactory     : Returning cached instance of singleton bean 'autoConfigurationReport'
2018-12-25 19:32:39.882 DEBUG 7626 --- [           main] o.s.b.f.s.DefaultListableBeanFactory     : Returning cached instance of singleton bean 'autoConfigurationReport'
2018-12-25 19:32:39.883 DEBUG 7626 --- [           main] o.s.b.f.s.DefaultListableBeanFactory     : Returning cached instance of singleton bean 'autoConfigurationReport'
2018-12-25 19:32:39.888 DEBUG 7626 --- [           main] o.s.b.f.s.DefaultListableBeanFactory     : Returning cached instance of singleton bean 'autoConfigurationReport'
2018-12-25 19:32:39.889 DEBUG 7626 --- [           main] o.s.b.f.s.DefaultListableBeanFactory     : Returning cached instance of singleton bean 'autoConfigurationReport'
2018-12-25 19:32:39.889 DEBUG 7626 --- [           main] o.s.b.f.s.DefaultListableBeanFactory     : Returning cached instance of singleton bean 'autoConfigurationReport'
2018-12-25 19:32:39.890 DEBUG 7626 --- [           main] o.s.b.f.s.DefaultListableBeanFactory     : Returning cached instance of singleton bean 'autoConfigurationReport'
2018-12-25 19:32:39.890 DEBUG 7626 --- [           main] o.s.b.f.s.DefaultListableBeanFactory     : Returning cached instance of singleton bean 'autoConfigurationReport'
2018-12-25 19:32:39.891 DEBUG 7626 --- [           main] o.s.b.f.s.DefaultListableBeanFactory     : Returning cached instance of singleton bean 'autoConfigurationReport'
2018-12-25 19:32:39.891 DEBUG 7626 --- [           main] o.s.b.f.s.DefaultListableBeanFactory     : Returning cached instance of singleton bean 'autoConfigurationReport'
2018-12-25 19:32:39.893 DEBUG 7626 --- [           main] o.s.b.f.s.DefaultListableBeanFactory     : Returning cached instance of singleton bean 'autoConfigurationReport'
2018-12-25 19:32:39.893 DEBUG 7626 --- [           main] o.s.b.f.s.DefaultListableBeanFactory     : Returning cached instance of singleton bean 'autoConfigurationReport'
2018-12-25 19:32:39.893 DEBUG 7626 --- [           main] o.s.b.f.s.DefaultListableBeanFactory     : Returning cached instance of singleton bean 'autoConfigurationReport'
2018-12-25 19:32:39.894 DEBUG 7626 --- [           main] o.s.b.f.s.DefaultListableBeanFactory     : Returning cached instance of singleton bean 'autoConfigurationReport'
2018-12-25 19:32:39.894 DEBUG 7626 --- [           main] o.s.b.f.s.DefaultListableBeanFactory     : Returning cached instance of singleton bean 'autoConfigurationReport'
2018-12-25 19:32:39.894 DEBUG 7626 --- [           main] o.s.b.f.s.DefaultListableBeanFactory     : Returning cached instance of singleton bean 'autoConfigurationReport'
2018-12-25 19:32:39.895 DEBUG 7626 --- [           main] o.s.c.e.PropertySourcesPropertyResolver  : Found key 'spring.test.mockmvc.secure' in PropertySource 'Annotations' with value of type Boolean
2018-12-25 19:32:39.895 DEBUG 7626 --- [           main] o.s.b.f.s.DefaultListableBeanFactory     : Returning cached instance of singleton bean 'autoConfigurationReport'
2018-12-25 19:32:39.901 DEBUG 7626 --- [           main] o.s.b.f.s.DefaultListableBeanFactory     : Returning cached instance of singleton bean 'autoConfigurationReport'
2018-12-25 19:32:39.901 DEBUG 7626 --- [           main] o.s.b.f.s.DefaultListableBeanFactory     : Returning cached instance of singleton bean 'autoConfigurationReport'
2018-12-25 19:32:39.901 DEBUG 7626 --- [           main] o.s.b.f.s.DefaultListableBeanFactory     : Returning cached instance of singleton bean 'autoConfigurationReport'
2018-12-25 19:32:39.901 DEBUG 7626 --- [           main] o.s.b.f.s.DefaultListableBeanFactory     : Returning cached instance of singleton bean 'autoConfigurationReport'
2018-12-25 19:32:39.901 DEBUG 7626 --- [           main] o.s.b.f.s.DefaultListableBeanFactory     : Returning cached instance of singleton bean 'autoConfigurationReport'
2018-12-25 19:32:39.902 DEBUG 7626 --- [           main] a.ConfigurationClassBeanDefinitionReader : Registered bean definition for imported class 'com.homesoft.springboot.nba_springboot.controller.ScheduleControllerTest'
2018-12-25 19:32:39.902 DEBUG 7626 --- [           main] o.s.b.f.s.DefaultListableBeanFactory     : Returning cached instance of singleton bean 'autoConfigurationReport'
2018-12-25 19:32:39.902 DEBUG 7626 --- [           main] o.s.b.f.s.DefaultListableBeanFactory     : Returning cached instance of singleton bean 'autoConfigurationReport'
2018-12-25 19:32:39.902 DEBUG 7626 --- [           main] a.ConfigurationClassBeanDefinitionReader : Registered bean definition for imported class 'org.springframework.boot.autoconfigure.validation.ValidationAutoConfiguration'
2018-12-25 19:32:39.902 DEBUG 7626 --- [           main] o.s.b.f.s.DefaultListableBeanFactory     : Creating shared instance of singleton bean 'org.springframework.boot.autoconfigure.condition.BeanTypeRegistry'
2018-12-25 19:32:39.902 DEBUG 7626 --- [           main] o.s.b.f.s.DefaultListableBeanFactory     : Creating instance of bean 'org.springframework.boot.autoconfigure.condition.BeanTypeRegistry'
2018-12-25 19:32:39.902 DEBUG 7626 --- [           main] o.s.b.f.s.DefaultListableBeanFactory     : Eagerly caching bean 'org.springframework.boot.autoconfigure.condition.BeanTypeRegistry' to allow for resolving potential circular references
2018-12-25 19:32:39.903 DEBUG 7626 --- [           main] o.s.b.f.s.DefaultListableBeanFactory     : Finished creating instance of bean 'org.springframework.boot.autoconfigure.condition.BeanTypeRegistry'
2018-12-25 19:32:39.903 DEBUG 7626 --- [           main] o.s.b.f.s.DefaultListableBeanFactory     : Returning cached instance of singleton bean 'autoConfigurationReport'
2018-12-25 19:32:39.903 DEBUG 7626 --- [           main] a.ConfigurationClassBeanDefinitionReader : Registering bean definition for @Bean method org.springframework.boot.autoconfigure.validation.ValidationAutoConfiguration.defaultValidator()
2018-12-25 19:32:39.903 DEBUG 7626 --- [           main] o.s.b.f.s.DefaultListableBeanFactory     : Returning cached instance of singleton bean 'org.springframework.boot.autoconfigure.condition.BeanTypeRegistry'
2018-12-25 19:32:39.903 DEBUG 7626 --- [           main] o.s.b.f.s.DefaultListableBeanFactory     : Returning cached instance of singleton bean 'autoConfigurationReport'
2018-12-25 19:32:39.903 DEBUG 7626 --- [           main] a.ConfigurationClassBeanDefinitionReader : Registering bean definition for @Bean method org.springframework.boot.autoconfigure.validation.ValidationAutoConfiguration.methodValidationPostProcessor()
2018-12-25 19:32:39.903 DEBUG 7626 --- [           main] o.s.b.f.s.DefaultListableBeanFactory     : Returning cached instance of singleton bean 'autoConfigurationReport'
2018-12-25 19:32:39.903 DEBUG 7626 --- [           main] o.s.b.f.s.DefaultListableBeanFactory     : Returning cached instance of singleton bean 'autoConfigurationReport'
2018-12-25 19:32:39.904 DEBUG 7626 --- [           main] o.s.b.f.s.DefaultListableBeanFactory     : Returning cached instance of singleton bean 'autoConfigurationReport'
2018-12-25 19:32:39.904 DEBUG 7626 --- [           main] o.s.c.e.PropertySourcesPropertyResolver  : Could not find key 'spring.template.provider.cache' in any property source
2018-12-25 19:32:39.905 DEBUG 7626 --- [           main] o.s.c.e.PropertySourcesPropertyResolver  : Found key 'spring.mvc.view.prefix' in PropertySource 'configurationProperties' with value of type String
2018-12-25 19:32:39.905 DEBUG 7626 --- [           main] o.s.c.e.PropertySourcesPropertyResolver  : Found key 'spring.mvc.view.suffix' in PropertySource 'configurationProperties' with value of type String
2018-12-25 19:32:39.905 DEBUG 7626 --- [           main] o.s.b.f.s.DefaultListableBeanFactory     : Returning cached instance of singleton bean 'autoConfigurationReport'
2018-12-25 19:32:39.906 DEBUG 7626 --- [           main] a.ConfigurationClassBeanDefinitionReader : Registered bean definition for imported class 'org.springframework.boot.autoconfigure.web.servlet.error.ErrorMvcAutoConfiguration$WhitelabelErrorViewConfiguration'
2018-12-25 19:32:39.906 DEBUG 7626 --- [           main] o.s.b.f.s.DefaultListableBeanFactory     : Returning cached instance of singleton bean 'autoConfigurationReport'
2018-12-25 19:32:39.906 DEBUG 7626 --- [           main] a.ConfigurationClassBeanDefinitionReader : Registering bean definition for @Bean method org.springframework.boot.autoconfigure.web.servlet.error.ErrorMvcAutoConfiguration$WhitelabelErrorViewConfiguration.error()
2018-12-25 19:32:39.906 DEBUG 7626 --- [           main] o.s.b.f.s.DefaultListableBeanFactory     : Returning cached instance of singleton bean 'org.springframework.boot.autoconfigure.condition.BeanTypeRegistry'
2018-12-25 19:32:39.906 DEBUG 7626 --- [           main] o.s.b.f.s.DefaultListableBeanFactory     : Returning cached instance of singleton bean 'autoConfigurationReport'
2018-12-25 19:32:39.906 DEBUG 7626 --- [           main] a.ConfigurationClassBeanDefinitionReader : Registering bean definition for @Bean method org.springframework.boot.autoconfigure.web.servlet.error.ErrorMvcAutoConfiguration$WhitelabelErrorViewConfiguration.beanNameViewResolver()
2018-12-25 19:32:39.906 DEBUG 7626 --- [           main] a.ConfigurationClassBeanDefinitionReader : Registered bean definition for imported class 'org.springframework.boot.autoconfigure.web.servlet.error.ErrorMvcAutoConfiguration$DefaultErrorViewResolverConfiguration'
2018-12-25 19:32:39.906 DEBUG 7626 --- [           main] o.s.b.f.s.DefaultListableBeanFactory     : Returning cached instance of singleton bean 'org.springframework.boot.autoconfigure.condition.BeanTypeRegistry'
2018-12-25 19:32:39.906 DEBUG 7626 --- [           main] o.s.b.f.s.DefaultListableBeanFactory     : Returning cached instance of singleton bean 'autoConfigurationReport'
2018-12-25 19:32:39.907 DEBUG 7626 --- [           main] a.ConfigurationClassBeanDefinitionReader : Registered bean definition for imported class 'org.springframework.boot.autoconfigure.web.servlet.error.ErrorMvcAutoConfiguration'
2018-12-25 19:32:39.907 DEBUG 7626 --- [           main] o.s.b.f.s.DefaultListableBeanFactory     : Returning cached instance of singleton bean 'org.springframework.boot.autoconfigure.condition.BeanTypeRegistry'
2018-12-25 19:32:39.907 DEBUG 7626 --- [           main] o.s.b.f.s.DefaultListableBeanFactory     : Returning cached instance of singleton bean 'autoConfigurationReport'
2018-12-25 19:32:39.907 DEBUG 7626 --- [           main] a.ConfigurationClassBeanDefinitionReader : Registering bean definition for @Bean method org.springframework.boot.autoconfigure.web.servlet.error.ErrorMvcAutoConfiguration.errorAttributes()
2018-12-25 19:32:39.907 DEBUG 7626 --- [           main] o.s.b.f.s.DefaultListableBeanFactory     : Returning cached instance of singleton bean 'org.springframework.boot.autoconfigure.condition.BeanTypeRegistry'
2018-12-25 19:32:39.907 DEBUG 7626 --- [           main] o.s.b.f.s.DefaultListableBeanFactory     : Returning cached instance of singleton bean 'autoConfigurationReport'
2018-12-25 19:32:39.907 DEBUG 7626 --- [           main] a.ConfigurationClassBeanDefinitionReader : Registering bean definition for @Bean method org.springframework.boot.autoconfigure.web.servlet.error.ErrorMvcAutoConfiguration.basicErrorController()
2018-12-25 19:32:39.907 DEBUG 7626 --- [           main] a.ConfigurationClassBeanDefinitionReader : Registering bean definition for @Bean method org.springframework.boot.autoconfigure.web.servlet.error.ErrorMvcAutoConfiguration.errorPageCustomizer()
2018-12-25 19:32:39.907 DEBUG 7626 --- [           main] a.ConfigurationClassBeanDefinitionReader : Registering bean definition for @Bean method org.springframework.boot.autoconfigure.web.servlet.error.ErrorMvcAutoConfiguration.preserveErrorControllerTargetClassPostProcessor()
2018-12-25 19:32:39.910 DEBUG 7626 --- [           main] o.s.b.f.s.DefaultListableBeanFactory     : Returning cached instance of singleton bean 'autoConfigurationReport'
2018-12-25 19:32:39.910 DEBUG 7626 --- [           main] o.s.b.f.s.DefaultListableBeanFactory     : Returning cached instance of singleton bean 'autoConfigurationReport'
2018-12-25 19:32:39.911 DEBUG 7626 --- [           main] o.s.b.f.s.DefaultListableBeanFactory     : Returning cached instance of singleton bean 'org.springframework.boot.autoconfigure.condition.BeanTypeRegistry'
2018-12-25 19:32:39.911 DEBUG 7626 --- [           main] o.s.b.f.s.DefaultListableBeanFactory     : Returning cached instance of singleton bean 'autoConfigurationReport'
2018-12-25 19:32:39.911 DEBUG 7626 --- [           main] o.s.b.f.s.DefaultListableBeanFactory     : Returning cached instance of singleton bean 'autoConfigurationReport'
2018-12-25 19:32:39.912 DEBUG 7626 --- [           main] a.ConfigurationClassBeanDefinitionReader : Registered bean definition for imported class 'org.springframework.boot.autoconfigure.web.servlet.WebMvcAutoConfiguration$WebMvcAutoConfigurationAdapter$FaviconConfiguration'
2018-12-25 19:32:39.912 DEBUG 7626 --- [           main] a.ConfigurationClassBeanDefinitionReader : Registering bean definition for @Bean method org.springframework.boot.autoconfigure.web.servlet.WebMvcAutoConfiguration$WebMvcAutoConfigurationAdapter$FaviconConfiguration.faviconHandlerMapping()
2018-12-25 19:32:39.912 DEBUG 7626 --- [           main] a.ConfigurationClassBeanDefinitionReader : Registering bean definition for @Bean method org.springframework.boot.autoconfigure.web.servlet.WebMvcAutoConfiguration$WebMvcAutoConfigurationAdapter$FaviconConfiguration.faviconRequestHandler()
2018-12-25 19:32:39.912 DEBUG 7626 --- [           main] a.ConfigurationClassBeanDefinitionReader : Registered bean definition for imported class 'org.springframework.boot.autoconfigure.web.servlet.WebMvcAutoConfiguration$EnableWebMvcConfiguration'
2018-12-25 19:32:39.912 DEBUG 7626 --- [           main] a.ConfigurationClassBeanDefinitionReader : Registering bean definition for @Bean method org.springframework.boot.autoconfigure.web.servlet.WebMvcAutoConfiguration$EnableWebMvcConfiguration.requestMappingHandlerAdapter()
2018-12-25 19:32:39.912 DEBUG 7626 --- [           main] a.ConfigurationClassBeanDefinitionReader : Registering bean definition for @Bean method org.springframework.boot.autoconfigure.web.servlet.WebMvcAutoConfiguration$EnableWebMvcConfiguration.requestMappingHandlerMapping()
2018-12-25 19:32:39.912 DEBUG 7626 --- [           main] a.ConfigurationClassBeanDefinitionReader : Registering bean definition for @Bean method org.springframework.boot.autoconfigure.web.servlet.WebMvcAutoConfiguration$EnableWebMvcConfiguration.mvcConversionService()
2018-12-25 19:32:39.912 DEBUG 7626 --- [           main] a.ConfigurationClassBeanDefinitionReader : Registering bean definition for @Bean method org.springframework.boot.autoconfigure.web.servlet.WebMvcAutoConfiguration$EnableWebMvcConfiguration.mvcValidator()
2018-12-25 19:32:39.912 DEBUG 7626 --- [           main] a.ConfigurationClassBeanDefinitionReader : Registering bean definition for @Bean method org.springframework.boot.autoconfigure.web.servlet.WebMvcAutoConfiguration$EnableWebMvcConfiguration.mvcContentNegotiationManager()
2018-12-25 19:32:39.912 DEBUG 7626 --- [           main] a.ConfigurationClassBeanDefinitionReader : Registering bean definition for @Bean method org.springframework.boot.autoconfigure.web.servlet.WebMvcAutoConfiguration$EnableWebMvcConfiguration.mvcPathMatcher()
2018-12-25 19:32:39.912 DEBUG 7626 --- [           main] a.ConfigurationClassBeanDefinitionReader : Registering bean definition for @Bean method org.springframework.boot.autoconfigure.web.servlet.WebMvcAutoConfiguration$EnableWebMvcConfiguration.mvcUrlPathHelper()
2018-12-25 19:32:39.912 DEBUG 7626 --- [           main] a.ConfigurationClassBeanDefinitionReader : Registering bean definition for @Bean method org.springframework.boot.autoconfigure.web.servlet.WebMvcAutoConfiguration$EnableWebMvcConfiguration.viewControllerHandlerMapping()
2018-12-25 19:32:39.912 DEBUG 7626 --- [           main] a.ConfigurationClassBeanDefinitionReader : Registering bean definition for @Bean method org.springframework.boot.autoconfigure.web.servlet.WebMvcAutoConfiguration$EnableWebMvcConfiguration.beanNameHandlerMapping()
2018-12-25 19:32:39.912 DEBUG 7626 --- [           main] a.ConfigurationClassBeanDefinitionReader : Registering bean definition for @Bean method org.springframework.boot.autoconfigure.web.servlet.WebMvcAutoConfiguration$EnableWebMvcConfiguration.resourceHandlerMapping()
2018-12-25 19:32:39.912 DEBUG 7626 --- [           main] a.ConfigurationClassBeanDefinitionReader : Registering bean definition for @Bean method org.springframework.boot.autoconfigure.web.servlet.WebMvcAutoConfiguration$EnableWebMvcConfiguration.mvcResourceUrlProvider()
2018-12-25 19:32:39.912 DEBUG 7626 --- [           main] a.ConfigurationClassBeanDefinitionReader : Registering bean definition for @Bean method org.springframework.boot.autoconfigure.web.servlet.WebMvcAutoConfiguration$EnableWebMvcConfiguration.defaultServletHandlerMapping()
2018-12-25 19:32:39.912 DEBUG 7626 --- [           main] a.ConfigurationClassBeanDefinitionReader : Registering bean definition for @Bean method org.springframework.boot.autoconfigure.web.servlet.WebMvcAutoConfiguration$EnableWebMvcConfiguration.mvcUriComponentsContributor()
2018-12-25 19:32:39.912 DEBUG 7626 --- [           main] a.ConfigurationClassBeanDefinitionReader : Registering bean definition for @Bean method org.springframework.boot.autoconfigure.web.servlet.WebMvcAutoConfiguration$EnableWebMvcConfiguration.httpRequestHandlerAdapter()
2018-12-25 19:32:39.912 DEBUG 7626 --- [           main] a.ConfigurationClassBeanDefinitionReader : Registering bean definition for @Bean method org.springframework.boot.autoconfigure.web.servlet.WebMvcAutoConfiguration$EnableWebMvcConfiguration.simpleControllerHandlerAdapter()
2018-12-25 19:32:39.912 DEBUG 7626 --- [           main] a.ConfigurationClassBeanDefinitionReader : Registering bean definition for @Bean method org.springframework.boot.autoconfigure.web.servlet.WebMvcAutoConfiguration$EnableWebMvcConfiguration.handlerExceptionResolver()
2018-12-25 19:32:39.912 DEBUG 7626 --- [           main] a.ConfigurationClassBeanDefinitionReader : Registering bean definition for @Bean method org.springframework.boot.autoconfigure.web.servlet.WebMvcAutoConfiguration$EnableWebMvcConfiguration.mvcViewResolver()
2018-12-25 19:32:39.913 DEBUG 7626 --- [           main] a.ConfigurationClassBeanDefinitionReader : Registering bean definition for @Bean method org.springframework.boot.autoconfigure.web.servlet.WebMvcAutoConfiguration$EnableWebMvcConfiguration.mvcHandlerMappingIntrospector()
2018-12-25 19:32:39.913 DEBUG 7626 --- [           main] a.ConfigurationClassBeanDefinitionReader : Registered bean definition for imported class 'org.springframework.boot.autoconfigure.web.servlet.WebMvcAutoConfiguration$WebMvcAutoConfigurationAdapter'
2018-12-25 19:32:39.913 DEBUG 7626 --- [           main] o.s.b.f.s.DefaultListableBeanFactory     : Returning cached instance of singleton bean 'org.springframework.boot.autoconfigure.condition.BeanTypeRegistry'
2018-12-25 19:32:39.914 DEBUG 7626 --- [           main] o.s.b.f.s.DefaultListableBeanFactory     : Returning cached instance of singleton bean 'autoConfigurationReport'
2018-12-25 19:32:39.914 DEBUG 7626 --- [           main] a.ConfigurationClassBeanDefinitionReader : Registering bean definition for @Bean method org.springframework.boot.autoconfigure.web.servlet.WebMvcAutoConfiguration$WebMvcAutoConfigurationAdapter.defaultViewResolver()
2018-12-25 19:32:39.914 DEBUG 7626 --- [           main] o.s.b.f.s.DefaultListableBeanFactory     : Returning cached instance of singleton bean 'org.springframework.boot.autoconfigure.condition.BeanTypeRegistry'
2018-12-25 19:32:39.914 DEBUG 7626 --- [           main] o.s.b.f.s.DefaultListableBeanFactory     : Returning cached instance of singleton bean 'org.springframework.boot.autoconfigure.condition.BeanTypeRegistry'
2018-12-25 19:32:39.914 DEBUG 7626 --- [           main] o.s.b.f.s.DefaultListableBeanFactory     : Returning cached instance of singleton bean 'autoConfigurationReport'
2018-12-25 19:32:39.914 DEBUG 7626 --- [           main] o.s.b.f.s.DefaultListableBeanFactory     : Returning cached instance of singleton bean 'org.springframework.boot.autoconfigure.condition.BeanTypeRegistry'
2018-12-25 19:32:39.914 DEBUG 7626 --- [           main] o.s.b.f.s.DefaultListableBeanFactory     : Returning cached instance of singleton bean 'org.springframework.boot.autoconfigure.condition.BeanTypeRegistry'
2018-12-25 19:32:39.914 DEBUG 7626 --- [           main] o.s.b.f.s.DefaultListableBeanFactory     : Returning cached instance of singleton bean 'autoConfigurationReport'
2018-12-25 19:32:39.915 DEBUG 7626 --- [           main] o.s.b.f.s.DefaultListableBeanFactory     : Returning cached instance of singleton bean 'org.springframework.boot.autoconfigure.condition.BeanTypeRegistry'
2018-12-25 19:32:39.915 DEBUG 7626 --- [           main] o.s.b.f.s.DefaultListableBeanFactory     : Returning cached instance of singleton bean 'org.springframework.boot.autoconfigure.condition.BeanTypeRegistry'
2018-12-25 19:32:39.915 DEBUG 7626 --- [           main] o.s.b.f.s.DefaultListableBeanFactory     : Returning cached instance of singleton bean 'autoConfigurationReport'
2018-12-25 19:32:39.915 DEBUG 7626 --- [           main] a.ConfigurationClassBeanDefinitionReader : Registering bean definition for @Bean method org.springframework.boot.autoconfigure.web.servlet.WebMvcAutoConfiguration$WebMvcAutoConfigurationAdapter.viewResolver()
2018-12-25 19:32:39.915 DEBUG 7626 --- [           main] o.s.b.f.s.DefaultListableBeanFactory     : Returning cached instance of singleton bean 'autoConfigurationReport'
2018-12-25 19:32:39.915 DEBUG 7626 --- [           main] a.ConfigurationClassBeanDefinitionReader : Registering bean definition for @Bean method org.springframework.boot.autoconfigure.web.servlet.WebMvcAutoConfiguration$WebMvcAutoConfigurationAdapter.welcomePageHandlerMapping()
2018-12-25 19:32:39.916 DEBUG 7626 --- [           main] o.s.b.f.s.DefaultListableBeanFactory     : Returning cached instance of singleton bean 'org.springframework.boot.autoconfigure.condition.BeanTypeRegistry'
2018-12-25 19:32:39.916 DEBUG 7626 --- [           main] o.s.b.f.s.DefaultListableBeanFactory     : Returning cached instance of singleton bean 'org.springframework.boot.autoconfigure.condition.BeanTypeRegistry'
2018-12-25 19:32:39.916 DEBUG 7626 --- [           main] o.s.b.f.s.DefaultListableBeanFactory     : Returning cached instance of singleton bean 'autoConfigurationReport'
2018-12-25 19:32:39.916 DEBUG 7626 --- [           main] a.ConfigurationClassBeanDefinitionReader : Registering bean definition for @Bean method org.springframework.boot.autoconfigure.web.servlet.WebMvcAutoConfiguration$WebMvcAutoConfigurationAdapter.requestContextFilter()
2018-12-25 19:32:39.916 DEBUG 7626 --- [           main] a.ConfigurationClassBeanDefinitionReader : Registered bean definition for imported class 'org.springframework.boot.autoconfigure.web.servlet.WebMvcAutoConfiguration'
2018-12-25 19:32:39.916 DEBUG 7626 --- [           main] o.s.b.f.s.DefaultListableBeanFactory     : Returning cached instance of singleton bean 'org.springframework.boot.autoconfigure.condition.BeanTypeRegistry'
2018-12-25 19:32:39.916 DEBUG 7626 --- [           main] o.s.b.f.s.DefaultListableBeanFactory     : Returning cached instance of singleton bean 'autoConfigurationReport'
2018-12-25 19:32:39.916 DEBUG 7626 --- [           main] a.ConfigurationClassBeanDefinitionReader : Registering bean definition for @Bean method org.springframework.boot.autoconfigure.web.servlet.WebMvcAutoConfiguration.hiddenHttpMethodFilter()
2018-12-25 19:32:39.917 DEBUG 7626 --- [           main] o.s.b.f.s.DefaultListableBeanFactory     : Returning cached instance of singleton bean 'autoConfigurationReport'
2018-12-25 19:32:39.917 DEBUG 7626 --- [           main] o.s.b.f.s.DefaultListableBeanFactory     : Returning cached instance of singleton bean 'org.springframework.boot.autoconfigure.condition.BeanTypeRegistry'
2018-12-25 19:32:39.917 DEBUG 7626 --- [           main] o.s.b.f.s.DefaultListableBeanFactory     : Returning cached instance of singleton bean 'autoConfigurationReport'
2018-12-25 19:32:39.917 DEBUG 7626 --- [           main] a.ConfigurationClassBeanDefinitionReader : Registering bean definition for @Bean method org.springframework.boot.autoconfigure.web.servlet.WebMvcAutoConfiguration.httpPutFormContentFilter()
2018-12-25 19:32:39.917 DEBUG 7626 --- [           main] o.s.b.f.s.DefaultListableBeanFactory     : Returning cached instance of singleton bean 'autoConfigurationReport'
2018-12-25 19:32:39.917 DEBUG 7626 --- [           main] o.s.b.f.s.DefaultListableBeanFactory     : Returning cached instance of singleton bean 'org.springframework.boot.autoconfigure.condition.BeanTypeRegistry'
2018-12-25 19:32:39.917 DEBUG 7626 --- [           main] o.s.b.f.s.DefaultListableBeanFactory     : Returning cached instance of singleton bean 'autoConfigurationReport'
2018-12-25 19:32:39.918 DEBUG 7626 --- [           main] o.s.b.f.s.DefaultListableBeanFactory     : Returning cached instance of singleton bean 'autoConfigurationReport'
2018-12-25 19:32:39.918 DEBUG 7626 --- [           main] o.s.b.f.s.DefaultListableBeanFactory     : Returning cached instance of singleton bean 'autoConfigurationReport'
2018-12-25 19:32:39.918 DEBUG 7626 --- [           main] a.ConfigurationClassBeanDefinitionReader : Registered bean definition for imported class 'org.springframework.boot.autoconfigure.jackson.JacksonAutoConfiguration$Jackson2ObjectMapperBuilderCustomizerConfiguration'
2018-12-25 19:32:39.918 DEBUG 7626 --- [           main] a.ConfigurationClassBeanDefinitionReader : Registering bean definition for @Bean method org.springframework.boot.autoconfigure.jackson.JacksonAutoConfiguration$Jackson2ObjectMapperBuilderCustomizerConfiguration.standardJacksonObjectMapperBuilderCustomizer()
2018-12-25 19:32:39.918 DEBUG 7626 --- [           main] o.s.b.f.s.DefaultListableBeanFactory     : Returning cached instance of singleton bean 'autoConfigurationReport'
2018-12-25 19:32:39.918 DEBUG 7626 --- [           main] a.ConfigurationClassBeanDefinitionReader : Registered bean definition for imported class 'org.springframework.boot.autoconfigure.jackson.JacksonAutoConfiguration$JacksonObjectMapperBuilderConfiguration'
2018-12-25 19:32:39.918 DEBUG 7626 --- [           main] o.s.b.f.s.DefaultListableBeanFactory     : Returning cached instance of singleton bean 'org.springframework.boot.autoconfigure.condition.BeanTypeRegistry'
2018-12-25 19:32:39.918 DEBUG 7626 --- [           main] o.s.b.f.s.DefaultListableBeanFactory     : Returning cached instance of singleton bean 'autoConfigurationReport'
2018-12-25 19:32:39.918 DEBUG 7626 --- [           main] a.ConfigurationClassBeanDefinitionReader : Registering bean definition for @Bean method org.springframework.boot.autoconfigure.jackson.JacksonAutoConfiguration$JacksonObjectMapperBuilderConfiguration.jacksonObjectMapperBuilder()
2018-12-25 19:32:39.918 DEBUG 7626 --- [           main] o.s.b.f.s.DefaultListableBeanFactory     : Returning cached instance of singleton bean 'autoConfigurationReport'
2018-12-25 19:32:39.918 DEBUG 7626 --- [           main] a.ConfigurationClassBeanDefinitionReader : Registered bean definition for imported class 'org.springframework.boot.autoconfigure.jackson.JacksonAutoConfiguration$ParameterNamesModuleConfiguration'
2018-12-25 19:32:39.919 DEBUG 7626 --- [           main] o.s.b.f.s.DefaultListableBeanFactory     : Returning cached instance of singleton bean 'org.springframework.boot.autoconfigure.condition.BeanTypeRegistry'
2018-12-25 19:32:39.922 DEBUG 7626 --- [           main] o.s.b.f.s.DefaultListableBeanFactory     : Returning cached instance of singleton bean 'autoConfigurationReport'
2018-12-25 19:32:39.922 DEBUG 7626 --- [           main] a.ConfigurationClassBeanDefinitionReader : Registering bean definition for @Bean method org.springframework.boot.autoconfigure.jackson.JacksonAutoConfiguration$ParameterNamesModuleConfiguration.parameterNamesModule()
2018-12-25 19:32:39.922 DEBUG 7626 --- [           main] o.s.b.f.s.DefaultListableBeanFactory     : Returning cached instance of singleton bean 'autoConfigurationReport'
2018-12-25 19:32:39.923 DEBUG 7626 --- [           main] a.ConfigurationClassBeanDefinitionReader : Registered bean definition for imported class 'org.springframework.boot.autoconfigure.jackson.JacksonAutoConfiguration$JacksonObjectMapperConfiguration'
2018-12-25 19:32:39.923 DEBUG 7626 --- [           main] o.s.b.f.s.DefaultListableBeanFactory     : Returning cached instance of singleton bean 'org.springframework.boot.autoconfigure.condition.BeanTypeRegistry'
2018-12-25 19:32:39.923 DEBUG 7626 --- [           main] o.s.b.f.s.DefaultListableBeanFactory     : Returning cached instance of singleton bean 'autoConfigurationReport'
2018-12-25 19:32:39.923 DEBUG 7626 --- [           main] a.ConfigurationClassBeanDefinitionReader : Registering bean definition for @Bean method org.springframework.boot.autoconfigure.jackson.JacksonAutoConfiguration$JacksonObjectMapperConfiguration.jacksonObjectMapper()
2018-12-25 19:32:39.923 DEBUG 7626 --- [           main] a.ConfigurationClassBeanDefinitionReader : Registered bean definition for imported class 'org.springframework.boot.autoconfigure.jackson.JacksonAutoConfiguration'
2018-12-25 19:32:39.923 DEBUG 7626 --- [           main] a.ConfigurationClassBeanDefinitionReader : Registering bean definition for @Bean method org.springframework.boot.autoconfigure.jackson.JacksonAutoConfiguration.jsonComponentModule()
2018-12-25 19:32:39.923 DEBUG 7626 --- [           main] o.s.b.f.s.DefaultListableBeanFactory     : Returning cached instance of singleton bean 'autoConfigurationReport'
2018-12-25 19:32:39.924 DEBUG 7626 --- [           main] o.s.b.f.s.DefaultListableBeanFactory     : Returning cached instance of singleton bean 'autoConfigurationReport'
2018-12-25 19:32:39.924 DEBUG 7626 --- [           main] a.ConfigurationClassBeanDefinitionReader : Registered bean definition for imported class 'org.springframework.boot.autoconfigure.http.HttpMessageConvertersAutoConfiguration$StringHttpMessageConverterConfiguration'
2018-12-25 19:32:39.924 DEBUG 7626 --- [           main] o.s.b.f.s.DefaultListableBeanFactory     : Returning cached instance of singleton bean 'org.springframework.boot.autoconfigure.condition.BeanTypeRegistry'
2018-12-25 19:32:39.924 DEBUG 7626 --- [           main] o.s.b.f.s.DefaultListableBeanFactory     : Returning cached instance of singleton bean 'autoConfigurationReport'
2018-12-25 19:32:39.924 DEBUG 7626 --- [           main] a.ConfigurationClassBeanDefinitionReader : Registering bean definition for @Bean method org.springframework.boot.autoconfigure.http.HttpMessageConvertersAutoConfiguration$StringHttpMessageConverterConfiguration.stringHttpMessageConverter()
2018-12-25 19:32:39.924 DEBUG 7626 --- [           main] o.s.b.f.s.DefaultListableBeanFactory     : Returning cached instance of singleton bean 'autoConfigurationReport'
2018-12-25 19:32:39.925 DEBUG 7626 --- [           main] o.s.b.f.s.DefaultListableBeanFactory     : Returning cached instance of singleton bean 'autoConfigurationReport'
2018-12-25 19:32:39.925 DEBUG 7626 --- [           main] o.s.b.f.s.DefaultListableBeanFactory     : Returning cached instance of singleton bean 'org.springframework.boot.autoconfigure.condition.BeanTypeRegistry'
2018-12-25 19:32:39.925 DEBUG 7626 --- [           main] o.s.b.f.s.DefaultListableBeanFactory     : Returning cached instance of singleton bean 'autoConfigurationReport'
2018-12-25 19:32:39.925 DEBUG 7626 --- [           main] a.ConfigurationClassBeanDefinitionReader : Registered bean definition for imported class 'org.springframework.boot.autoconfigure.http.JacksonHttpMessageConvertersConfiguration$MappingJackson2HttpMessageConverterConfiguration'
2018-12-25 19:32:39.925 DEBUG 7626 --- [           main] o.s.b.f.s.DefaultListableBeanFactory     : Returning cached instance of singleton bean 'org.springframework.boot.autoconfigure.condition.BeanTypeRegistry'
2018-12-25 19:32:39.926 DEBUG 7626 --- [           main] o.s.b.f.s.DefaultListableBeanFactory     : Returning cached instance of singleton bean 'autoConfigurationReport'
2018-12-25 19:32:39.926 DEBUG 7626 --- [           main] a.ConfigurationClassBeanDefinitionReader : Registering bean definition for @Bean method org.springframework.boot.autoconfigure.http.JacksonHttpMessageConvertersConfiguration$MappingJackson2HttpMessageConverterConfiguration.mappingJackson2HttpMessageConverter()
2018-12-25 19:32:39.926 DEBUG 7626 --- [           main] a.ConfigurationClassBeanDefinitionReader : Registered bean definition for imported class 'org.springframework.boot.autoconfigure.http.JacksonHttpMessageConvertersConfiguration'
2018-12-25 19:32:39.926 DEBUG 7626 --- [           main] a.ConfigurationClassBeanDefinitionReader : Registered bean definition for imported class 'org.springframework.boot.autoconfigure.http.HttpMessageConvertersAutoConfiguration'
2018-12-25 19:32:39.926 DEBUG 7626 --- [           main] o.s.b.f.s.DefaultListableBeanFactory     : Returning cached instance of singleton bean 'org.springframework.boot.autoconfigure.condition.BeanTypeRegistry'
2018-12-25 19:32:39.926 DEBUG 7626 --- [           main] o.s.b.f.s.DefaultListableBeanFactory     : Returning cached instance of singleton bean 'autoConfigurationReport'
2018-12-25 19:32:39.926 DEBUG 7626 --- [           main] a.ConfigurationClassBeanDefinitionReader : Registering bean definition for @Bean method org.springframework.boot.autoconfigure.http.HttpMessageConvertersAutoConfiguration.messageConverters()
2018-12-25 19:32:39.927 DEBUG 7626 --- [           main] o.s.b.f.s.DefaultListableBeanFactory     : Returning cached instance of singleton bean 'autoConfigurationReport'
2018-12-25 19:32:39.927 DEBUG 7626 --- [           main] a.ConfigurationClassBeanDefinitionReader : Registered bean definition for imported class 'org.springframework.boot.test.autoconfigure.web.servlet.MockMvcAutoConfiguration'
2018-12-25 19:32:39.927 DEBUG 7626 --- [           main] o.s.b.f.s.DefaultListableBeanFactory     : Returning cached instance of singleton bean 'org.springframework.boot.autoconfigure.condition.BeanTypeRegistry'
2018-12-25 19:32:39.927 DEBUG 7626 --- [           main] o.s.b.f.s.DefaultListableBeanFactory     : Returning cached instance of singleton bean 'autoConfigurationReport'
2018-12-25 19:32:39.927 DEBUG 7626 --- [           main] a.ConfigurationClassBeanDefinitionReader : Registering bean definition for @Bean method org.springframework.boot.test.autoconfigure.web.servlet.MockMvcAutoConfiguration.dispatcherServletPath()
2018-12-25 19:32:39.927 DEBUG 7626 --- [           main] o.s.b.f.s.DefaultListableBeanFactory     : Returning cached instance of singleton bean 'org.springframework.boot.autoconfigure.condition.BeanTypeRegistry'
2018-12-25 19:32:39.927 DEBUG 7626 --- [           main] o.s.b.f.s.DefaultListableBeanFactory     : Returning cached instance of singleton bean 'autoConfigurationReport'
2018-12-25 19:32:39.927 DEBUG 7626 --- [           main] a.ConfigurationClassBeanDefinitionReader : Registering bean definition for @Bean method org.springframework.boot.test.autoconfigure.web.servlet.MockMvcAutoConfiguration.mockMvcBuilder()
2018-12-25 19:32:39.928 DEBUG 7626 --- [           main] a.ConfigurationClassBeanDefinitionReader : Registering bean definition for @Bean method org.springframework.boot.test.autoconfigure.web.servlet.MockMvcAutoConfiguration.springBootMockMvcBuilderCustomizer()
2018-12-25 19:32:39.928 DEBUG 7626 --- [           main] o.s.b.f.s.DefaultListableBeanFactory     : Returning cached instance of singleton bean 'org.springframework.boot.autoconfigure.condition.BeanTypeRegistry'
2018-12-25 19:32:39.928 DEBUG 7626 --- [           main] o.s.b.f.s.DefaultListableBeanFactory     : Returning cached instance of singleton bean 'autoConfigurationReport'
2018-12-25 19:32:39.928 DEBUG 7626 --- [           main] a.ConfigurationClassBeanDefinitionReader : Registering bean definition for @Bean method org.springframework.boot.test.autoconfigure.web.servlet.MockMvcAutoConfiguration.mockMvc()
2018-12-25 19:32:39.928 DEBUG 7626 --- [           main] o.s.c.e.PropertySourcesPropertyResolver  : Found key 'spring.test.mockmvc.secure' in PropertySource 'Annotations' with value of type Boolean
2018-12-25 19:32:39.928 DEBUG 7626 --- [           main] o.s.b.f.s.DefaultListableBeanFactory     : Returning cached instance of singleton bean 'autoConfigurationReport'
2018-12-25 19:32:39.928 DEBUG 7626 --- [           main] a.ConfigurationClassBeanDefinitionReader : Registered bean definition for imported class 'org.springframework.boot.test.autoconfigure.web.servlet.MockMvcSecurityAutoConfiguration'
2018-12-25 19:32:39.930 DEBUG 7626 --- [           main] o.s.b.f.s.DefaultListableBeanFactory     : Creating shared instance of singleton bean 'org.springframework.boot.test.context.ImportsContextCustomizer$ImportsCleanupPostProcessor'
2018-12-25 19:32:39.930 DEBUG 7626 --- [           main] o.s.b.f.s.DefaultListableBeanFactory     : Creating instance of bean 'org.springframework.boot.test.context.ImportsContextCustomizer$ImportsCleanupPostProcessor'
2018-12-25 19:32:39.930 DEBUG 7626 --- [           main] o.s.b.f.s.DefaultListableBeanFactory     : Eagerly caching bean 'org.springframework.boot.test.context.ImportsContextCustomizer$ImportsCleanupPostProcessor' to allow for resolving potential circular references
2018-12-25 19:32:39.930 DEBUG 7626 --- [           main] o.s.b.f.s.DefaultListableBeanFactory     : Finished creating instance of bean 'org.springframework.boot.test.context.ImportsContextCustomizer$ImportsCleanupPostProcessor'
2018-12-25 19:32:39.934 DEBUG 7626 --- [           main] o.s.c.a.ConfigurationClassEnhancer       : Successfully enhanced com.homesoft.springboot.nba_springboot.NbaSpringbootApplication; enhanced class name is: com.homesoft.springboot.nba_springboot.NbaSpringbootApplication$$EnhancerBySpringCGLIB$$43dd616f
2018-12-25 19:32:39.934 DEBUG 7626 --- [           main] o.s.c.a.ConfigurationClassPostProcessor  : Replacing bean definition 'nbaSpringbootApplication' existing class 'com.homesoft.springboot.nba_springboot.NbaSpringbootApplication' with enhanced class 'com.homesoft.springboot.nba_springboot.NbaSpringbootApplication$$EnhancerBySpringCGLIB$$43dd616f'
2018-12-25 19:32:39.934 DEBUG 7626 --- [           main] o.s.c.a.ConfigurationClassEnhancer       : Successfully enhanced org.springframework.boot.autoconfigure.validation.ValidationAutoConfiguration; enhanced class name is: org.springframework.boot.autoconfigure.validation.ValidationAutoConfiguration$$EnhancerBySpringCGLIB$$8a7b516a
2018-12-25 19:32:39.934 DEBUG 7626 --- [           main] o.s.c.a.ConfigurationClassPostProcessor  : Replacing bean definition 'org.springframework.boot.autoconfigure.validation.ValidationAutoConfiguration' existing class 'org.springframework.boot.autoconfigure.validation.ValidationAutoConfiguration' with enhanced class 'org.springframework.boot.autoconfigure.validation.ValidationAutoConfiguration$$EnhancerBySpringCGLIB$$8a7b516a'
2018-12-25 19:32:39.934 DEBUG 7626 --- [           main] o.s.c.a.ConfigurationClassEnhancer       : Successfully enhanced org.springframework.boot.autoconfigure.web.servlet.error.ErrorMvcAutoConfiguration$WhitelabelErrorViewConfiguration; enhanced class name is: org.springframework.boot.autoconfigure.web.servlet.error.ErrorMvcAutoConfiguration$WhitelabelErrorViewConfiguration$$EnhancerBySpringCGLIB$$245bacdd
2018-12-25 19:32:39.934 DEBUG 7626 --- [           main] o.s.c.a.ConfigurationClassPostProcessor  : Replacing bean definition 'org.springframework.boot.autoconfigure.web.servlet.error.ErrorMvcAutoConfiguration$WhitelabelErrorViewConfiguration' existing class 'org.springframework.boot.autoconfigure.web.servlet.error.ErrorMvcAutoConfiguration$WhitelabelErrorViewConfiguration' with enhanced class 'org.springframework.boot.autoconfigure.web.servlet.error.ErrorMvcAutoConfiguration$WhitelabelErrorViewConfiguration$$EnhancerBySpringCGLIB$$245bacdd'
2018-12-25 19:32:39.934 DEBUG 7626 --- [           main] o.s.c.a.ConfigurationClassEnhancer       : Successfully enhanced org.springframework.boot.autoconfigure.web.servlet.error.ErrorMvcAutoConfiguration$DefaultErrorViewResolverConfiguration; enhanced class name is: org.springframework.boot.autoconfigure.web.servlet.error.ErrorMvcAutoConfiguration$DefaultErrorViewResolverConfiguration$$EnhancerBySpringCGLIB$$59bc9b05
2018-12-25 19:32:39.934 DEBUG 7626 --- [           main] o.s.c.a.ConfigurationClassPostProcessor  : Replacing bean definition 'org.springframework.boot.autoconfigure.web.servlet.error.ErrorMvcAutoConfiguration$DefaultErrorViewResolverConfiguration' existing class 'org.springframework.boot.autoconfigure.web.servlet.error.ErrorMvcAutoConfiguration$DefaultErrorViewResolverConfiguration' with enhanced class 'org.springframework.boot.autoconfigure.web.servlet.error.ErrorMvcAutoConfiguration$DefaultErrorViewResolverConfiguration$$EnhancerBySpringCGLIB$$59bc9b05'
2018-12-25 19:32:39.934 DEBUG 7626 --- [           main] o.s.c.a.ConfigurationClassEnhancer       : Successfully enhanced org.springframework.boot.autoconfigure.web.servlet.error.ErrorMvcAutoConfiguration; enhanced class name is: org.springframework.boot.autoconfigure.web.servlet.error.ErrorMvcAutoConfiguration$$EnhancerBySpringCGLIB$$4527c665
2018-12-25 19:32:39.935 DEBUG 7626 --- [           main] o.s.c.a.ConfigurationClassPostProcessor  : Replacing bean definition 'org.springframework.boot.autoconfigure.web.servlet.error.ErrorMvcAutoConfiguration' existing class 'org.springframework.boot.autoconfigure.web.servlet.error.ErrorMvcAutoConfiguration' with enhanced class 'org.springframework.boot.autoconfigure.web.servlet.error.ErrorMvcAutoConfiguration$$EnhancerBySpringCGLIB$$4527c665'
2018-12-25 19:32:39.935 DEBUG 7626 --- [           main] o.s.c.a.ConfigurationClassEnhancer       : Successfully enhanced org.springframework.boot.autoconfigure.web.servlet.WebMvcAutoConfiguration$WebMvcAutoConfigurationAdapter$FaviconConfiguration; enhanced class name is: org.springframework.boot.autoconfigure.web.servlet.WebMvcAutoConfiguration$WebMvcAutoConfigurationAdapter$FaviconConfiguration$$EnhancerBySpringCGLIB$$e2a9e48b
2018-12-25 19:32:39.935 DEBUG 7626 --- [           main] o.s.c.a.ConfigurationClassPostProcessor  : Replacing bean definition 'org.springframework.boot.autoconfigure.web.servlet.WebMvcAutoConfiguration$WebMvcAutoConfigurationAdapter$FaviconConfiguration' existing class 'org.springframework.boot.autoconfigure.web.servlet.WebMvcAutoConfiguration$WebMvcAutoConfigurationAdapter$FaviconConfiguration' with enhanced class 'org.springframework.boot.autoconfigure.web.servlet.WebMvcAutoConfiguration$WebMvcAutoConfigurationAdapter$FaviconConfiguration$$EnhancerBySpringCGLIB$$e2a9e48b'
2018-12-25 19:32:39.935 DEBUG 7626 --- [           main] o.s.c.a.ConfigurationClassEnhancer       : Successfully enhanced org.springframework.boot.autoconfigure.web.servlet.WebMvcAutoConfiguration$EnableWebMvcConfiguration; enhanced class name is: org.springframework.boot.autoconfigure.web.servlet.WebMvcAutoConfiguration$EnableWebMvcConfiguration$$EnhancerBySpringCGLIB$$84691160
2018-12-25 19:32:39.935 DEBUG 7626 --- [           main] o.s.c.a.ConfigurationClassPostProcessor  : Replacing bean definition 'org.springframework.boot.autoconfigure.web.servlet.WebMvcAutoConfiguration$EnableWebMvcConfiguration' existing class 'org.springframework.boot.autoconfigure.web.servlet.WebMvcAutoConfiguration$EnableWebMvcConfiguration' with enhanced class 'org.springframework.boot.autoconfigure.web.servlet.WebMvcAutoConfiguration$EnableWebMvcConfiguration$$EnhancerBySpringCGLIB$$84691160'
2018-12-25 19:32:39.935 DEBUG 7626 --- [           main] o.s.c.a.ConfigurationClassEnhancer       : Successfully enhanced org.springframework.boot.autoconfigure.web.servlet.WebMvcAutoConfiguration$WebMvcAutoConfigurationAdapter; enhanced class name is: org.springframework.boot.autoconfigure.web.servlet.WebMvcAutoConfiguration$WebMvcAutoConfigurationAdapter$$EnhancerBySpringCGLIB$$266cdc45
2018-12-25 19:32:39.935 DEBUG 7626 --- [           main] o.s.c.a.ConfigurationClassPostProcessor  : Replacing bean definition 'org.springframework.boot.autoconfigure.web.servlet.WebMvcAutoConfiguration$WebMvcAutoConfigurationAdapter' existing class 'org.springframework.boot.autoconfigure.web.servlet.WebMvcAutoConfiguration$WebMvcAutoConfigurationAdapter' with enhanced class 'org.springframework.boot.autoconfigure.web.servlet.WebMvcAutoConfiguration$WebMvcAutoConfigurationAdapter$$EnhancerBySpringCGLIB$$266cdc45'
2018-12-25 19:32:39.935 DEBUG 7626 --- [           main] o.s.c.a.ConfigurationClassEnhancer       : Successfully enhanced org.springframework.boot.autoconfigure.web.servlet.WebMvcAutoConfiguration; enhanced class name is: org.springframework.boot.autoconfigure.web.servlet.WebMvcAutoConfiguration$$EnhancerBySpringCGLIB$$4dbdff57
2018-12-25 19:32:39.935 DEBUG 7626 --- [           main] o.s.c.a.ConfigurationClassPostProcessor  : Replacing bean definition 'org.springframework.boot.autoconfigure.web.servlet.WebMvcAutoConfiguration' existing class 'org.springframework.boot.autoconfigure.web.servlet.WebMvcAutoConfiguration' with enhanced class 'org.springframework.boot.autoconfigure.web.servlet.WebMvcAutoConfiguration$$EnhancerBySpringCGLIB$$4dbdff57'
2018-12-25 19:32:39.935 DEBUG 7626 --- [           main] o.s.c.a.ConfigurationClassEnhancer       : Successfully enhanced org.springframework.boot.autoconfigure.jackson.JacksonAutoConfiguration$Jackson2ObjectMapperBuilderCustomizerConfiguration; enhanced class name is: org.springframework.boot.autoconfigure.jackson.JacksonAutoConfiguration$Jackson2ObjectMapperBuilderCustomizerConfiguration$$EnhancerBySpringCGLIB$$e272e879
2018-12-25 19:32:39.935 DEBUG 7626 --- [           main] o.s.c.a.ConfigurationClassPostProcessor  : Replacing bean definition 'org.springframework.boot.autoconfigure.jackson.JacksonAutoConfiguration$Jackson2ObjectMapperBuilderCustomizerConfiguration' existing class 'org.springframework.boot.autoconfigure.jackson.JacksonAutoConfiguration$Jackson2ObjectMapperBuilderCustomizerConfiguration' with enhanced class 'org.springframework.boot.autoconfigure.jackson.JacksonAutoConfiguration$Jackson2ObjectMapperBuilderCustomizerConfiguration$$EnhancerBySpringCGLIB$$e272e879'
2018-12-25 19:32:39.935 DEBUG 7626 --- [           main] o.s.c.a.ConfigurationClassEnhancer       : Successfully enhanced org.springframework.boot.autoconfigure.jackson.JacksonAutoConfiguration$JacksonObjectMapperBuilderConfiguration; enhanced class name is: org.springframework.boot.autoconfigure.jackson.JacksonAutoConfiguration$JacksonObjectMapperBuilderConfiguration$$EnhancerBySpringCGLIB$$275c028a
2018-12-25 19:32:39.935 DEBUG 7626 --- [           main] o.s.c.a.ConfigurationClassPostProcessor  : Replacing bean definition 'org.springframework.boot.autoconfigure.jackson.JacksonAutoConfiguration$JacksonObjectMapperBuilderConfiguration' existing class 'org.springframework.boot.autoconfigure.jackson.JacksonAutoConfiguration$JacksonObjectMapperBuilderConfiguration' with enhanced class 'org.springframework.boot.autoconfigure.jackson.JacksonAutoConfiguration$JacksonObjectMapperBuilderConfiguration$$EnhancerBySpringCGLIB$$275c028a'
2018-12-25 19:32:39.935 DEBUG 7626 --- [           main] o.s.c.a.ConfigurationClassEnhancer       : Successfully enhanced org.springframework.boot.autoconfigure.jackson.JacksonAutoConfiguration$ParameterNamesModuleConfiguration; enhanced class name is: org.springframework.boot.autoconfigure.jackson.JacksonAutoConfiguration$ParameterNamesModuleConfiguration$$EnhancerBySpringCGLIB$$93e5fa7
2018-12-25 19:32:39.935 DEBUG 7626 --- [           main] o.s.c.a.ConfigurationClassPostProcessor  : Replacing bean definition 'org.springframework.boot.autoconfigure.jackson.JacksonAutoConfiguration$ParameterNamesModuleConfiguration' existing class 'org.springframework.boot.autoconfigure.jackson.JacksonAutoConfiguration$ParameterNamesModuleConfiguration' with enhanced class 'org.springframework.boot.autoconfigure.jackson.JacksonAutoConfiguration$ParameterNamesModuleConfiguration$$EnhancerBySpringCGLIB$$93e5fa7'
2018-12-25 19:32:39.935 DEBUG 7626 --- [           main] o.s.c.a.ConfigurationClassEnhancer       : Successfully enhanced org.springframework.boot.autoconfigure.jackson.JacksonAutoConfiguration$JacksonObjectMapperConfiguration; enhanced class name is: org.springframework.boot.autoconfigure.jackson.JacksonAutoConfiguration$JacksonObjectMapperConfiguration$$EnhancerBySpringCGLIB$$750f4071
2018-12-25 19:32:39.935 DEBUG 7626 --- [           main] o.s.c.a.ConfigurationClassPostProcessor  : Replacing bean definition 'org.springframework.boot.autoconfigure.jackson.JacksonAutoConfiguration$JacksonObjectMapperConfiguration' existing class 'org.springframework.boot.autoconfigure.jackson.JacksonAutoConfiguration$JacksonObjectMapperConfiguration' with enhanced class 'org.springframework.boot.autoconfigure.jackson.JacksonAutoConfiguration$JacksonObjectMapperConfiguration$$EnhancerBySpringCGLIB$$750f4071'
2018-12-25 19:32:39.935 DEBUG 7626 --- [           main] o.s.c.a.ConfigurationClassEnhancer       : Successfully enhanced org.springframework.boot.autoconfigure.jackson.JacksonAutoConfiguration; enhanced class name is: org.springframework.boot.autoconfigure.jackson.JacksonAutoConfiguration$$EnhancerBySpringCGLIB$$571ade00
2018-12-25 19:32:39.935 DEBUG 7626 --- [           main] o.s.c.a.ConfigurationClassPostProcessor  : Replacing bean definition 'org.springframework.boot.autoconfigure.jackson.JacksonAutoConfiguration' existing class 'org.springframework.boot.autoconfigure.jackson.JacksonAutoConfiguration' with enhanced class 'org.springframework.boot.autoconfigure.jackson.JacksonAutoConfiguration$$EnhancerBySpringCGLIB$$571ade00'
2018-12-25 19:32:39.935 DEBUG 7626 --- [           main] o.s.c.a.ConfigurationClassEnhancer       : Successfully enhanced org.springframework.boot.autoconfigure.http.HttpMessageConvertersAutoConfiguration$StringHttpMessageConverterConfiguration; enhanced class name is: org.springframework.boot.autoconfigure.http.HttpMessageConvertersAutoConfiguration$StringHttpMessageConverterConfiguration$$EnhancerBySpringCGLIB$$66bd5314
2018-12-25 19:32:39.936 DEBUG 7626 --- [           main] o.s.c.a.ConfigurationClassPostProcessor  : Replacing bean definition 'org.springframework.boot.autoconfigure.http.HttpMessageConvertersAutoConfiguration$StringHttpMessageConverterConfiguration' existing class 'org.springframework.boot.autoconfigure.http.HttpMessageConvertersAutoConfiguration$StringHttpMessageConverterConfiguration' with enhanced class 'org.springframework.boot.autoconfigure.http.HttpMessageConvertersAutoConfiguration$StringHttpMessageConverterConfiguration$$EnhancerBySpringCGLIB$$66bd5314'
2018-12-25 19:32:39.936 DEBUG 7626 --- [           main] o.s.c.a.ConfigurationClassEnhancer       : Successfully enhanced org.springframework.boot.autoconfigure.http.JacksonHttpMessageConvertersConfiguration$MappingJackson2HttpMessageConverterConfiguration; enhanced class name is: org.springframework.boot.autoconfigure.http.JacksonHttpMessageConvertersConfiguration$MappingJackson2HttpMessageConverterConfiguration$$EnhancerBySpringCGLIB$$a0934f14
2018-12-25 19:32:39.936 DEBUG 7626 --- [           main] o.s.c.a.ConfigurationClassPostProcessor  : Replacing bean definition 'org.springframework.boot.autoconfigure.http.JacksonHttpMessageConvertersConfiguration$MappingJackson2HttpMessageConverterConfiguration' existing class 'org.springframework.boot.autoconfigure.http.JacksonHttpMessageConvertersConfiguration$MappingJackson2HttpMessageConverterConfiguration' with enhanced class 'org.springframework.boot.autoconfigure.http.JacksonHttpMessageConvertersConfiguration$MappingJackson2HttpMessageConverterConfiguration$$EnhancerBySpringCGLIB$$a0934f14'
2018-12-25 19:32:39.936 DEBUG 7626 --- [           main] o.s.c.a.ConfigurationClassEnhancer       : Successfully enhanced org.springframework.boot.autoconfigure.http.JacksonHttpMessageConvertersConfiguration; enhanced class name is: org.springframework.boot.autoconfigure.http.JacksonHttpMessageConvertersConfiguration$$EnhancerBySpringCGLIB$$970682a2
2018-12-25 19:32:39.936 DEBUG 7626 --- [           main] o.s.c.a.ConfigurationClassPostProcessor  : Replacing bean definition 'org.springframework.boot.autoconfigure.http.JacksonHttpMessageConvertersConfiguration' existing class 'org.springframework.boot.autoconfigure.http.JacksonHttpMessageConvertersConfiguration' with enhanced class 'org.springframework.boot.autoconfigure.http.JacksonHttpMessageConvertersConfiguration$$EnhancerBySpringCGLIB$$970682a2'
2018-12-25 19:32:39.936 DEBUG 7626 --- [           main] o.s.c.a.ConfigurationClassEnhancer       : Successfully enhanced org.springframework.boot.autoconfigure.http.HttpMessageConvertersAutoConfiguration; enhanced class name is: org.springframework.boot.autoconfigure.http.HttpMessageConvertersAutoConfiguration$$EnhancerBySpringCGLIB$$33af8c74
2018-12-25 19:32:39.936 DEBUG 7626 --- [           main] o.s.c.a.ConfigurationClassPostProcessor  : Replacing bean definition 'org.springframework.boot.autoconfigure.http.HttpMessageConvertersAutoConfiguration' existing class 'org.springframework.boot.autoconfigure.http.HttpMessageConvertersAutoConfiguration' with enhanced class 'org.springframework.boot.autoconfigure.http.HttpMessageConvertersAutoConfiguration$$EnhancerBySpringCGLIB$$33af8c74'
2018-12-25 19:32:39.936 DEBUG 7626 --- [           main] o.s.c.a.ConfigurationClassEnhancer       : Successfully enhanced org.springframework.boot.test.autoconfigure.web.servlet.MockMvcAutoConfiguration; enhanced class name is: org.springframework.boot.test.autoconfigure.web.servlet.MockMvcAutoConfiguration$$EnhancerBySpringCGLIB$$d7de7c1d
2018-12-25 19:32:39.936 DEBUG 7626 --- [           main] o.s.c.a.ConfigurationClassPostProcessor  : Replacing bean definition 'org.springframework.boot.test.autoconfigure.web.servlet.MockMvcAutoConfiguration' existing class 'org.springframework.boot.test.autoconfigure.web.servlet.MockMvcAutoConfiguration' with enhanced class 'org.springframework.boot.test.autoconfigure.web.servlet.MockMvcAutoConfiguration$$EnhancerBySpringCGLIB$$d7de7c1d'
2018-12-25 19:32:39.936 DEBUG 7626 --- [           main] o.s.c.a.ConfigurationClassEnhancer       : Successfully enhanced org.springframework.boot.test.autoconfigure.web.servlet.MockMvcSecurityAutoConfiguration; enhanced class name is: org.springframework.boot.test.autoconfigure.web.servlet.MockMvcSecurityAutoConfiguration$$EnhancerBySpringCGLIB$$ee0c9fbd
2018-12-25 19:32:39.936 DEBUG 7626 --- [           main] o.s.c.a.ConfigurationClassPostProcessor  : Replacing bean definition 'org.springframework.boot.test.autoconfigure.web.servlet.MockMvcSecurityAutoConfiguration' existing class 'org.springframework.boot.test.autoconfigure.web.servlet.MockMvcSecurityAutoConfiguration' with enhanced class 'org.springframework.boot.test.autoconfigure.web.servlet.MockMvcSecurityAutoConfiguration$$EnhancerBySpringCGLIB$$ee0c9fbd'
2018-12-25 19:32:39.936 DEBUG 7626 --- [           main] o.s.core.env.StandardEnvironment         : Removing PropertySource 'defaultProperties'
2018-12-25 19:32:39.936 DEBUG 7626 --- [           main] o.s.b.f.s.DefaultListableBeanFactory     : Creating shared instance of singleton bean 'org.springframework.boot.test.mock.mockito.MockitoPostProcessor'
2018-12-25 19:32:39.936 DEBUG 7626 --- [           main] o.s.b.f.s.DefaultListableBeanFactory     : Creating instance of bean 'org.springframework.boot.test.mock.mockito.MockitoPostProcessor'
2018-12-25 19:32:39.937 DEBUG 7626 --- [           main] o.s.b.f.s.DefaultListableBeanFactory     : Eagerly caching bean 'org.springframework.boot.test.mock.mockito.MockitoPostProcessor' to allow for resolving potential circular references
2018-12-25 19:32:39.939 DEBUG 7626 --- [           main] o.s.b.f.s.DefaultListableBeanFactory     : Finished creating instance of bean 'org.springframework.boot.test.mock.mockito.MockitoPostProcessor'
2018-12-25 19:32:39.961 DEBUG 7626 --- [           main] o.s.b.f.s.DefaultListableBeanFactory     : Creating shared instance of singleton bean 'preserveErrorControllerTargetClassPostProcessor'
2018-12-25 19:32:39.961 DEBUG 7626 --- [           main] o.s.b.f.s.DefaultListableBeanFactory     : Creating instance of bean 'preserveErrorControllerTargetClassPostProcessor'
2018-12-25 19:32:39.961 DEBUG 7626 --- [           main] o.s.b.f.s.DefaultListableBeanFactory     : Eagerly caching bean 'preserveErrorControllerTargetClassPostProcessor' to allow for resolving potential circular references
2018-12-25 19:32:39.962 DEBUG 7626 --- [           main] o.s.b.f.s.DefaultListableBeanFactory     : Finished creating instance of bean 'preserveErrorControllerTargetClassPostProcessor'
2018-12-25 19:32:39.962 DEBUG 7626 --- [           main] o.s.b.f.s.DefaultListableBeanFactory     : Creating shared instance of singleton bean 'org.springframework.boot.context.properties.ConfigurationBeanFactoryMetadata'
2018-12-25 19:32:39.962 DEBUG 7626 --- [           main] o.s.b.f.s.DefaultListableBeanFactory     : Creating instance of bean 'org.springframework.boot.context.properties.ConfigurationBeanFactoryMetadata'
2018-12-25 19:32:39.962 DEBUG 7626 --- [           main] o.s.b.f.s.DefaultListableBeanFactory     : Eagerly caching bean 'org.springframework.boot.context.properties.ConfigurationBeanFactoryMetadata' to allow for resolving potential circular references
2018-12-25 19:32:39.962 DEBUG 7626 --- [           main] o.s.b.f.s.DefaultListableBeanFactory     : Finished creating instance of bean 'org.springframework.boot.context.properties.ConfigurationBeanFactoryMetadata'
2018-12-25 19:32:39.963 DEBUG 7626 --- [           main] o.s.b.f.s.DefaultListableBeanFactory     : Creating shared instance of singleton bean 'org.springframework.context.annotation.internalAutowiredAnnotationProcessor'
2018-12-25 19:32:39.963 DEBUG 7626 --- [           main] o.s.b.f.s.DefaultListableBeanFactory     : Creating instance of bean 'org.springframework.context.annotation.internalAutowiredAnnotationProcessor'
2018-12-25 19:32:39.964 DEBUG 7626 --- [           main] o.s.b.f.s.DefaultListableBeanFactory     : Eagerly caching bean 'org.springframework.context.annotation.internalAutowiredAnnotationProcessor' to allow for resolving potential circular references
2018-12-25 19:32:39.965 DEBUG 7626 --- [           main] o.s.b.f.s.DefaultListableBeanFactory     : Finished creating instance of bean 'org.springframework.context.annotation.internalAutowiredAnnotationProcessor'
2018-12-25 19:32:39.965 DEBUG 7626 --- [           main] o.s.b.f.s.DefaultListableBeanFactory     : Creating shared instance of singleton bean 'org.springframework.context.annotation.internalRequiredAnnotationProcessor'
2018-12-25 19:32:39.965 DEBUG 7626 --- [           main] o.s.b.f.s.DefaultListableBeanFactory     : Creating instance of bean 'org.springframework.context.annotation.internalRequiredAnnotationProcessor'
2018-12-25 19:32:39.965 DEBUG 7626 --- [           main] o.s.b.f.s.DefaultListableBeanFactory     : Eagerly caching bean 'org.springframework.context.annotation.internalRequiredAnnotationProcessor' to allow for resolving potential circular references
2018-12-25 19:32:39.967 DEBUG 7626 --- [           main] o.s.b.f.s.DefaultListableBeanFactory     : Finished creating instance of bean 'org.springframework.context.annotation.internalRequiredAnnotationProcessor'
2018-12-25 19:32:39.967 DEBUG 7626 --- [           main] o.s.b.f.s.DefaultListableBeanFactory     : Creating shared instance of singleton bean 'org.springframework.context.annotation.internalCommonAnnotationProcessor'
2018-12-25 19:32:39.967 DEBUG 7626 --- [           main] o.s.b.f.s.DefaultListableBeanFactory     : Creating instance of bean 'org.springframework.context.annotation.internalCommonAnnotationProcessor'
2018-12-25 19:32:39.967 DEBUG 7626 --- [           main] o.s.b.f.s.DefaultListableBeanFactory     : Eagerly caching bean 'org.springframework.context.annotation.internalCommonAnnotationProcessor' to allow for resolving potential circular references
2018-12-25 19:32:39.969 DEBUG 7626 --- [           main] o.s.b.f.s.DefaultListableBeanFactory     : Finished creating instance of bean 'org.springframework.context.annotation.internalCommonAnnotationProcessor'
2018-12-25 19:32:39.969 DEBUG 7626 --- [           main] o.s.b.f.s.DefaultListableBeanFactory     : Creating shared instance of singleton bean 'org.springframework.context.annotation.internalPersistenceAnnotationProcessor'
2018-12-25 19:32:39.969 DEBUG 7626 --- [           main] o.s.b.f.s.DefaultListableBeanFactory     : Creating instance of bean 'org.springframework.context.annotation.internalPersistenceAnnotationProcessor'
2018-12-25 19:32:39.969 DEBUG 7626 --- [           main] o.s.b.f.s.DefaultListableBeanFactory     : Eagerly caching bean 'org.springframework.context.annotation.internalPersistenceAnnotationProcessor' to allow for resolving potential circular references
2018-12-25 19:32:39.971 DEBUG 7626 --- [           main] o.s.b.f.s.DefaultListableBeanFactory     : Finished creating instance of bean 'org.springframework.context.annotation.internalPersistenceAnnotationProcessor'
2018-12-25 19:32:39.971 DEBUG 7626 --- [           main] o.s.b.f.s.DefaultListableBeanFactory     : Creating shared instance of singleton bean 'org.springframework.boot.test.mock.mockito.MockitoPostProcessor$SpyPostProcessor'
2018-12-25 19:32:39.971 DEBUG 7626 --- [           main] o.s.b.f.s.DefaultListableBeanFactory     : Creating instance of bean 'org.springframework.boot.test.mock.mockito.MockitoPostProcessor$SpyPostProcessor'
2018-12-25 19:32:39.971 DEBUG 7626 --- [           main] o.s.b.f.s.DefaultListableBeanFactory     : Returning cached instance of singleton bean 'org.springframework.boot.test.mock.mockito.MockitoPostProcessor'
2018-12-25 19:32:39.972 DEBUG 7626 --- [           main] o.s.b.f.s.DefaultListableBeanFactory     : Eagerly caching bean 'org.springframework.boot.test.mock.mockito.MockitoPostProcessor$SpyPostProcessor' to allow for resolving potential circular references
2018-12-25 19:32:39.972 DEBUG 7626 --- [           main] o.s.b.f.s.DefaultListableBeanFactory     : Finished creating instance of bean 'org.springframework.boot.test.mock.mockito.MockitoPostProcessor$SpyPostProcessor'
2018-12-25 19:32:39.972 DEBUG 7626 --- [           main] o.s.b.f.s.DefaultListableBeanFactory     : Creating shared instance of singleton bean 'org.springframework.boot.context.properties.ConfigurationPropertiesBindingPostProcessor'
2018-12-25 19:32:39.972 DEBUG 7626 --- [           main] o.s.b.f.s.DefaultListableBeanFactory     : Creating instance of bean 'org.springframework.boot.context.properties.ConfigurationPropertiesBindingPostProcessor'
2018-12-25 19:32:39.972 DEBUG 7626 --- [           main] o.s.b.f.s.DefaultListableBeanFactory     : Eagerly caching bean 'org.springframework.boot.context.properties.ConfigurationPropertiesBindingPostProcessor' to allow for resolving potential circular references
2018-12-25 19:32:39.973 DEBUG 7626 --- [           main] o.s.b.f.s.DefaultListableBeanFactory     : Invoking afterPropertiesSet() on bean with name 'org.springframework.boot.context.properties.ConfigurationPropertiesBindingPostProcessor'
2018-12-25 19:32:39.973 DEBUG 7626 --- [           main] o.s.b.f.s.DefaultListableBeanFactory     : Returning cached instance of singleton bean 'org.springframework.boot.context.properties.ConfigurationBeanFactoryMetadata'
2018-12-25 19:32:39.974 DEBUG 7626 --- [           main] o.s.b.f.s.DefaultListableBeanFactory     : Finished creating instance of bean 'org.springframework.boot.context.properties.ConfigurationPropertiesBindingPostProcessor'
2018-12-25 19:32:39.974 DEBUG 7626 --- [           main] o.s.b.f.s.DefaultListableBeanFactory     : Returning cached instance of singleton bean 'org.springframework.boot.test.mock.mockito.MockitoPostProcessor'
2018-12-25 19:32:39.974 DEBUG 7626 --- [           main] o.s.b.f.s.DefaultListableBeanFactory     : Creating shared instance of singleton bean 'methodValidationPostProcessor'
2018-12-25 19:32:39.974 DEBUG 7626 --- [           main] o.s.b.f.s.DefaultListableBeanFactory     : Creating instance of bean 'methodValidationPostProcessor'
2018-12-25 19:32:39.974 DEBUG 7626 --- [           main] o.s.b.f.s.DefaultListableBeanFactory     : Returning cached instance of singleton bean 'environment'
2018-12-25 19:32:39.974 DEBUG 7626 --- [           main] o.s.aop.framework.JdkDynamicAopProxy     : Creating JDK dynamic proxy: target source is org.springframework.context.annotation.ContextAnnotationAutowireCandidateResolver$1@5c59dfc7
2018-12-25 19:32:39.974 DEBUG 7626 --- [           main] o.s.b.f.s.DefaultListableBeanFactory     : Autowiring by type from bean name 'methodValidationPostProcessor' via factory method to bean named 'environment'
2018-12-25 19:32:39.974 DEBUG 7626 --- [           main] o.s.c.e.PropertySourcesPropertyResolver  : Could not find key 'spring.aop.proxy-target-class' in any property source
2018-12-25 19:32:39.975 DEBUG 7626 --- [           main] o.s.b.f.s.DefaultListableBeanFactory     : Eagerly caching bean 'methodValidationPostProcessor' to allow for resolving potential circular references
2018-12-25 19:32:39.977 DEBUG 7626 --- [           main] o.s.b.f.s.DefaultListableBeanFactory     : Invoking afterPropertiesSet() on bean with name 'methodValidationPostProcessor'
2018-12-25 19:32:39.977 DEBUG 7626 --- [           main] o.s.b.f.s.DefaultListableBeanFactory     : Finished creating instance of bean 'methodValidationPostProcessor'
2018-12-25 19:32:39.977 DEBUG 7626 --- [           main] o.s.b.f.s.DefaultListableBeanFactory     : Returning cached instance of singleton bean 'org.springframework.boot.test.autoconfigure.properties.PropertyMappingContextCustomizer$PropertyMappingCheckBeanPostProcessor'
2018-12-25 19:32:39.977 DEBUG 7626 --- [           main] o.s.w.c.s.GenericWebApplicationContext   : Unable to locate MessageSource with name 'messageSource': using default [org.springframework.context.support.DelegatingMessageSource@2ef63b6d]
2018-12-25 19:32:39.977 DEBUG 7626 --- [           main] o.s.w.c.s.GenericWebApplicationContext   : Unable to locate ApplicationEventMulticaster with name 'applicationEventMulticaster': using default [org.springframework.context.event.SimpleApplicationEventMulticaster@377cc0f8]
2018-12-25 19:32:39.977 DEBUG 7626 --- [           main] o.s.u.c.s.UiApplicationContextUtils      : Unable to locate ThemeSource with name 'themeSource': using default [org.springframework.ui.context.support.ResourceBundleThemeSource@25c98637]
2018-12-25 19:32:39.977 DEBUG 7626 --- [           main] o.s.b.f.s.DefaultListableBeanFactory     : Pre-instantiating singletons in org.springframework.beans.factory.support.DefaultListableBeanFactory@74ed7111: defining beans [org.springframework.context.annotation.internalConfigurationAnnotationProcessor,org.springframework.context.annotation.internalAutowiredAnnotationProcessor,org.springframework.context.annotation.internalRequiredAnnotationProcessor,org.springframework.context.annotation.internalCommonAnnotationProcessor,org.springframework.context.annotation.internalPersistenceAnnotationProcessor,org.springframework.context.event.internalEventListenerProcessor,org.springframework.context.event.internalEventListenerFactory,org.springframework.boot.test.context.ImportsContextCustomizer$ImportsCleanupPostProcessor,org.springframework.boot.test.mock.mockito.MockitoPostProcessor$SpyPostProcessor,org.springframework.boot.test.mock.mockito.MockitoPostProcessor,nbaSpringbootApplication,org.springframework.boot.autoconfigure.internalCachingMetadataReaderFactory,scheduleController,org.springframework.boot.autoconfigure.AutoConfigurationPackages,org.springframework.boot.autoconfigure.validation.ValidationAutoConfiguration,org.springframework.boot.autoconfigure.condition.BeanTypeRegistry,defaultValidator,methodValidationPostProcessor,org.springframework.boot.autoconfigure.web.servlet.error.ErrorMvcAutoConfiguration$WhitelabelErrorViewConfiguration,error,beanNameViewResolver,org.springframework.boot.autoconfigure.web.servlet.error.ErrorMvcAutoConfiguration$DefaultErrorViewResolverConfiguration,org.springframework.boot.autoconfigure.web.servlet.error.ErrorMvcAutoConfiguration,errorAttributes,basicErrorController,errorPageCustomizer,preserveErrorControllerTargetClassPostProcessor,server-org.springframework.boot.autoconfigure.web.ServerProperties,spring.resources-org.springframework.boot.autoconfigure.web.ResourceProperties,org.springframework.boot.context.properties.ConfigurationPropertiesBindingPostProcessor,org.springframework.boot.context.properties.ConfigurationBeanFactoryMetadata,org.springframework.boot.autoconfigure.web.servlet.WebMvcAutoConfiguration$WebMvcAutoConfigurationAdapter$FaviconConfiguration,faviconHandlerMapping,faviconRequestHandler,org.springframework.boot.autoconfigure.web.servlet.WebMvcAutoConfiguration$EnableWebMvcConfiguration,requestMappingHandlerAdapter,requestMappingHandlerMapping,mvcConversionService,mvcValidator,mvcContentNegotiationManager,mvcPathMatcher,mvcUrlPathHelper,viewControllerHandlerMapping,beanNameHandlerMapping,resourceHandlerMapping,mvcResourceUrlProvider,defaultServletHandlerMapping,mvcUriComponentsContributor,httpRequestHandlerAdapter,simpleControllerHandlerAdapter,handlerExceptionResolver,mvcViewResolver,mvcHandlerMappingIntrospector,org.springframework.boot.autoconfigure.web.servlet.WebMvcAutoConfiguration$WebMvcAutoConfigurationAdapter,defaultViewResolver,viewResolver,welcomePageHandlerMapping,requestContextFilter,spring.mvc-org.springframework.boot.autoconfigure.web.servlet.WebMvcProperties,org.springframework.boot.autoconfigure.web.servlet.WebMvcAutoConfiguration,hiddenHttpMethodFilter,httpPutFormContentFilter,org.springframework.boot.autoconfigure.jackson.JacksonAutoConfiguration$Jackson2ObjectMapperBuilderCustomizerConfiguration,standardJacksonObjectMapperBuilderCustomizer,spring.jackson-org.springframework.boot.autoconfigure.jackson.JacksonProperties,org.springframework.boot.autoconfigure.jackson.JacksonAutoConfiguration$JacksonObjectMapperBuilderConfiguration,jacksonObjectMapperBuilder,org.springframework.boot.autoconfigure.jackson.JacksonAutoConfiguration$ParameterNamesModuleConfiguration,parameterNamesModule,org.springframework.boot.autoconfigure.jackson.JacksonAutoConfiguration$JacksonObjectMapperConfiguration,jacksonObjectMapper,org.springframework.boot.autoconfigure.jackson.JacksonAutoConfiguration,jsonComponentModule,org.springframework.boot.autoconfigure.http.HttpMessageConvertersAutoConfiguration$StringHttpMessageConverterConfiguration,stringHttpMessageConverter,spring.http.encoding-org.springframework.boot.autoconfigure.http.HttpEncodingProperties,org.springframework.boot.autoconfigure.http.JacksonHttpMessageConvertersConfiguration$MappingJackson2HttpMessageConverterConfiguration,mappingJackson2HttpMessageConverter,org.springframework.boot.autoconfigure.http.JacksonHttpMessageConvertersConfiguration,org.springframework.boot.autoconfigure.http.HttpMessageConvertersAutoConfiguration,messageConverters,org.springframework.boot.test.autoconfigure.web.servlet.MockMvcAutoConfiguration,dispatcherServletPath,mockMvcBuilder,springBootMockMvcBuilderCustomizer,mockMvc,org.springframework.boot.test.autoconfigure.web.servlet.MockMvcSecurityAutoConfiguration,com.homesoft.springboot.nba_springboot.service.ConferenceService#0,com.homesoft.springboot.nba_springboot.service.RegularSeason#0]; root of factory hierarchy
2018-12-25 19:32:39.977 DEBUG 7626 --- [           main] o.s.b.f.s.DefaultListableBeanFactory     : Returning cached instance of singleton bean 'org.springframework.context.annotation.internalConfigurationAnnotationProcessor'
2018-12-25 19:32:39.977 DEBUG 7626 --- [           main] o.s.b.f.s.DefaultListableBeanFactory     : Returning cached instance of singleton bean 'org.springframework.context.annotation.internalAutowiredAnnotationProcessor'
2018-12-25 19:32:39.977 DEBUG 7626 --- [           main] o.s.b.f.s.DefaultListableBeanFactory     : Returning cached instance of singleton bean 'org.springframework.context.annotation.internalRequiredAnnotationProcessor'
2018-12-25 19:32:39.977 DEBUG 7626 --- [           main] o.s.b.f.s.DefaultListableBeanFactory     : Returning cached instance of singleton bean 'org.springframework.context.annotation.internalCommonAnnotationProcessor'
2018-12-25 19:32:39.977 DEBUG 7626 --- [           main] o.s.b.f.s.DefaultListableBeanFactory     : Returning cached instance of singleton bean 'org.springframework.context.annotation.internalPersistenceAnnotationProcessor'
2018-12-25 19:32:39.978 DEBUG 7626 --- [           main] o.s.b.f.s.DefaultListableBeanFactory     : Creating shared instance of singleton bean 'org.springframework.context.event.internalEventListenerProcessor'
2018-12-25 19:32:39.978 DEBUG 7626 --- [           main] o.s.b.f.s.DefaultListableBeanFactory     : Creating instance of bean 'org.springframework.context.event.internalEventListenerProcessor'
2018-12-25 19:32:39.978 DEBUG 7626 --- [           main] o.s.b.f.s.DefaultListableBeanFactory     : Eagerly caching bean 'org.springframework.context.event.internalEventListenerProcessor' to allow for resolving potential circular references
2018-12-25 19:32:39.978 DEBUG 7626 --- [           main] o.s.b.f.s.DefaultListableBeanFactory     : Finished creating instance of bean 'org.springframework.context.event.internalEventListenerProcessor'
2018-12-25 19:32:39.978 DEBUG 7626 --- [           main] o.s.b.f.s.DefaultListableBeanFactory     : Creating shared instance of singleton bean 'org.springframework.context.event.internalEventListenerFactory'
2018-12-25 19:32:39.978 DEBUG 7626 --- [           main] o.s.b.f.s.DefaultListableBeanFactory     : Creating instance of bean 'org.springframework.context.event.internalEventListenerFactory'
2018-12-25 19:32:39.979 DEBUG 7626 --- [           main] o.s.b.f.s.DefaultListableBeanFactory     : Eagerly caching bean 'org.springframework.context.event.internalEventListenerFactory' to allow for resolving potential circular references
2018-12-25 19:32:39.979 DEBUG 7626 --- [           main] o.s.b.f.s.DefaultListableBeanFactory     : Finished creating instance of bean 'org.springframework.context.event.internalEventListenerFactory'
2018-12-25 19:32:39.979 DEBUG 7626 --- [           main] o.s.b.f.s.DefaultListableBeanFactory     : Returning cached instance of singleton bean 'org.springframework.boot.test.context.ImportsContextCustomizer$ImportsCleanupPostProcessor'
2018-12-25 19:32:39.979 DEBUG 7626 --- [           main] o.s.b.f.s.DefaultListableBeanFactory     : Returning cached instance of singleton bean 'org.springframework.boot.test.mock.mockito.MockitoPostProcessor$SpyPostProcessor'
2018-12-25 19:32:39.980 DEBUG 7626 --- [           main] o.s.b.f.s.DefaultListableBeanFactory     : Returning cached instance of singleton bean 'org.springframework.boot.test.mock.mockito.MockitoPostProcessor'
2018-12-25 19:32:39.980 DEBUG 7626 --- [           main] o.s.b.f.s.DefaultListableBeanFactory     : Creating shared instance of singleton bean 'nbaSpringbootApplication'
2018-12-25 19:32:39.980 DEBUG 7626 --- [           main] o.s.b.f.s.DefaultListableBeanFactory     : Creating instance of bean 'nbaSpringbootApplication'
2018-12-25 19:32:39.980 DEBUG 7626 --- [           main] o.s.b.f.s.DefaultListableBeanFactory     : Eagerly caching bean 'nbaSpringbootApplication' to allow for resolving potential circular references
2018-12-25 19:32:39.981 DEBUG 7626 --- [           main] o.s.b.f.s.DefaultListableBeanFactory     : Finished creating instance of bean 'nbaSpringbootApplication'
2018-12-25 19:32:39.981 DEBUG 7626 --- [           main] o.s.b.f.s.DefaultListableBeanFactory     : Returning cached instance of singleton bean 'org.springframework.boot.autoconfigure.internalCachingMetadataReaderFactory'
2018-12-25 19:32:39.981 DEBUG 7626 --- [           main] o.s.b.f.s.DefaultListableBeanFactory     : Creating shared instance of singleton bean 'scheduleController'
2018-12-25 19:32:39.981 DEBUG 7626 --- [           main] o.s.b.f.s.DefaultListableBeanFactory     : Creating instance of bean 'scheduleController'
2018-12-25 19:32:39.981 DEBUG 7626 --- [           main] o.s.b.f.annotation.InjectionMetadata     : Registered injected element on class [com.homesoft.springboot.nba_springboot.controller.ScheduleController]: AutowiredFieldElement for private com.homesoft.springboot.nba_springboot.service.ConferenceService com.homesoft.springboot.nba_springboot.controller.ScheduleController.conferenceService
2018-12-25 19:32:39.981 DEBUG 7626 --- [           main] o.s.b.f.annotation.InjectionMetadata     : Registered injected element on class [com.homesoft.springboot.nba_springboot.controller.ScheduleController]: AutowiredFieldElement for private com.homesoft.springboot.nba_springboot.service.RegularSeason com.homesoft.springboot.nba_springboot.controller.ScheduleController.regularSeason
2018-12-25 19:32:39.981 DEBUG 7626 --- [           main] o.s.b.f.annotation.InjectionMetadata     : Registered injected element on class [com.homesoft.springboot.nba_springboot.controller.ScheduleController]: AutowiredFieldElement for private com.homesoft.springboot.nba_springboot.service.PlayoffService com.homesoft.springboot.nba_springboot.controller.ScheduleController.playoffService
2018-12-25 19:32:39.981 DEBUG 7626 --- [           main] o.s.b.f.s.DefaultListableBeanFactory     : Eagerly caching bean 'scheduleController' to allow for resolving potential circular references
2018-12-25 19:32:39.982 DEBUG 7626 --- [           main] o.s.b.f.annotation.InjectionMetadata     : Processing injected element of bean 'scheduleController': AutowiredFieldElement for private com.homesoft.springboot.nba_springboot.service.ConferenceService com.homesoft.springboot.nba_springboot.controller.ScheduleController.conferenceService
2018-12-25 19:32:39.982 DEBUG 7626 --- [           main] o.s.b.f.s.DefaultListableBeanFactory     : Returning cached instance of singleton bean 'com.homesoft.springboot.nba_springboot.service.ConferenceService#0'
2018-12-25 19:32:39.982 DEBUG 7626 --- [           main] f.a.AutowiredAnnotationBeanPostProcessor : Autowiring by type from bean name 'scheduleController' to bean named 'com.homesoft.springboot.nba_springboot.service.ConferenceService#0'
2018-12-25 19:32:39.982 DEBUG 7626 --- [           main] o.s.b.f.annotation.InjectionMetadata     : Processing injected element of bean 'scheduleController': AutowiredFieldElement for private com.homesoft.springboot.nba_springboot.service.RegularSeason com.homesoft.springboot.nba_springboot.controller.ScheduleController.regularSeason
2018-12-25 19:32:39.983 DEBUG 7626 --- [           main] o.s.b.f.s.DefaultListableBeanFactory     : Returning cached instance of singleton bean 'com.homesoft.springboot.nba_springboot.service.RegularSeason#0'
2018-12-25 19:32:39.983 DEBUG 7626 --- [           main] f.a.AutowiredAnnotationBeanPostProcessor : Autowiring by type from bean name 'scheduleController' to bean named 'com.homesoft.springboot.nba_springboot.service.RegularSeason#0'
2018-12-25 19:32:39.983 DEBUG 7626 --- [           main] o.s.b.f.annotation.InjectionMetadata     : Processing injected element of bean 'scheduleController': AutowiredFieldElement for private com.homesoft.springboot.nba_springboot.service.PlayoffService com.homesoft.springboot.nba_springboot.controller.ScheduleController.playoffService
2018-12-25 19:32:39.983  WARN 7626 --- [           main] o.s.w.c.s.GenericWebApplicationContext   : Exception encountered during context initialization - cancelling refresh attempt: org.springframework.beans.factory.UnsatisfiedDependencyException: Error creating bean with name 'scheduleController': Unsatisfied dependency expressed through field 'playoffService'; nested exception is org.springframework.beans.factory.NoSuchBeanDefinitionException: No qualifying bean of type 'com.homesoft.springboot.nba_springboot.service.PlayoffService' available: expected at least 1 bean which qualifies as autowire candidate. Dependency annotations: {@org.springframework.beans.factory.annotation.Autowired(required=true)}
2018-12-25 19:32:39.983 DEBUG 7626 --- [           main] o.s.b.f.s.DefaultListableBeanFactory     : Destroying singletons in org.springframework.beans.factory.support.DefaultListableBeanFactory@74ed7111: defining beans [org.springframework.context.annotation.internalConfigurationAnnotationProcessor,org.springframework.context.annotation.internalAutowiredAnnotationProcessor,org.springframework.context.annotation.internalRequiredAnnotationProcessor,org.springframework.context.annotation.internalCommonAnnotationProcessor,org.springframework.context.annotation.internalPersistenceAnnotationProcessor,org.springframework.context.event.internalEventListenerProcessor,org.springframework.context.event.internalEventListenerFactory,org.springframework.boot.test.context.ImportsContextCustomizer$ImportsCleanupPostProcessor,org.springframework.boot.test.mock.mockito.MockitoPostProcessor$SpyPostProcessor,org.springframework.boot.test.mock.mockito.MockitoPostProcessor,nbaSpringbootApplication,org.springframework.boot.autoconfigure.internalCachingMetadataReaderFactory,scheduleController,org.springframework.boot.autoconfigure.AutoConfigurationPackages,org.springframework.boot.autoconfigure.validation.ValidationAutoConfiguration,org.springframework.boot.autoconfigure.condition.BeanTypeRegistry,defaultValidator,methodValidationPostProcessor,org.springframework.boot.autoconfigure.web.servlet.error.ErrorMvcAutoConfiguration$WhitelabelErrorViewConfiguration,error,beanNameViewResolver,org.springframework.boot.autoconfigure.web.servlet.error.ErrorMvcAutoConfiguration$DefaultErrorViewResolverConfiguration,org.springframework.boot.autoconfigure.web.servlet.error.ErrorMvcAutoConfiguration,errorAttributes,basicErrorController,errorPageCustomizer,preserveErrorControllerTargetClassPostProcessor,server-org.springframework.boot.autoconfigure.web.ServerProperties,spring.resources-org.springframework.boot.autoconfigure.web.ResourceProperties,org.springframework.boot.context.properties.ConfigurationPropertiesBindingPostProcessor,org.springframework.boot.context.properties.ConfigurationBeanFactoryMetadata,org.springframework.boot.autoconfigure.web.servlet.WebMvcAutoConfiguration$WebMvcAutoConfigurationAdapter$FaviconConfiguration,faviconHandlerMapping,faviconRequestHandler,org.springframework.boot.autoconfigure.web.servlet.WebMvcAutoConfiguration$EnableWebMvcConfiguration,requestMappingHandlerAdapter,requestMappingHandlerMapping,mvcConversionService,mvcValidator,mvcContentNegotiationManager,mvcPathMatcher,mvcUrlPathHelper,viewControllerHandlerMapping,beanNameHandlerMapping,resourceHandlerMapping,mvcResourceUrlProvider,defaultServletHandlerMapping,mvcUriComponentsContributor,httpRequestHandlerAdapter,simpleControllerHandlerAdapter,handlerExceptionResolver,mvcViewResolver,mvcHandlerMappingIntrospector,org.springframework.boot.autoconfigure.web.servlet.WebMvcAutoConfiguration$WebMvcAutoConfigurationAdapter,defaultViewResolver,viewResolver,welcomePageHandlerMapping,requestContextFilter,spring.mvc-org.springframework.boot.autoconfigure.web.servlet.WebMvcProperties,org.springframework.boot.autoconfigure.web.servlet.WebMvcAutoConfiguration,hiddenHttpMethodFilter,httpPutFormContentFilter,org.springframework.boot.autoconfigure.jackson.JacksonAutoConfiguration$Jackson2ObjectMapperBuilderCustomizerConfiguration,standardJacksonObjectMapperBuilderCustomizer,spring.jackson-org.springframework.boot.autoconfigure.jackson.JacksonProperties,org.springframework.boot.autoconfigure.jackson.JacksonAutoConfiguration$JacksonObjectMapperBuilderConfiguration,jacksonObjectMapperBuilder,org.springframework.boot.autoconfigure.jackson.JacksonAutoConfiguration$ParameterNamesModuleConfiguration,parameterNamesModule,org.springframework.boot.autoconfigure.jackson.JacksonAutoConfiguration$JacksonObjectMapperConfiguration,jacksonObjectMapper,org.springframework.boot.autoconfigure.jackson.JacksonAutoConfiguration,jsonComponentModule,org.springframework.boot.autoconfigure.http.HttpMessageConvertersAutoConfiguration$StringHttpMessageConverterConfiguration,stringHttpMessageConverter,spring.http.encoding-org.springframework.boot.autoconfigure.http.HttpEncodingProperties,org.springframework.boot.autoconfigure.http.JacksonHttpMessageConvertersConfiguration$MappingJackson2HttpMessageConverterConfiguration,mappingJackson2HttpMessageConverter,org.springframework.boot.autoconfigure.http.JacksonHttpMessageConvertersConfiguration,org.springframework.boot.autoconfigure.http.HttpMessageConvertersAutoConfiguration,messageConverters,org.springframework.boot.test.autoconfigure.web.servlet.MockMvcAutoConfiguration,dispatcherServletPath,mockMvcBuilder,springBootMockMvcBuilderCustomizer,mockMvc,org.springframework.boot.test.autoconfigure.web.servlet.MockMvcSecurityAutoConfiguration,com.homesoft.springboot.nba_springboot.service.ConferenceService#0,com.homesoft.springboot.nba_springboot.service.RegularSeason#0]; root of factory hierarchy
2018-12-25 19:32:39.983 DEBUG 7626 --- [           main] o.s.b.f.s.DefaultListableBeanFactory     : Retrieved dependent beans for bean 'org.springframework.boot.autoconfigure.internalCachingMetadataReaderFactory': [org.springframework.context.annotation.internalConfigurationAnnotationProcessor]
2018-12-25 19:32:39.985 DEBUG 7626 --- [           main] .c.l.ClasspathLoggingApplicationListener : Application failed to start with classpath: unknown
2018-12-25 19:32:39.986 DEBUG 7626 --- [           main] ConditionEvaluationReportLoggingListener : 


============================
CONDITIONS EVALUATION REPORT
============================


Positive matches:
-----------------

   ErrorMvcAutoConfiguration matched:
      - @ConditionalOnClass found required classes 'javax.servlet.Servlet', 'org.springframework.web.servlet.DispatcherServlet'; @ConditionalOnMissingClass did not find unwanted class (OnClassCondition)
      - found 'session' scope (OnWebApplicationCondition)

   ErrorMvcAutoConfiguration#basicErrorController matched:
      - @ConditionalOnMissingBean (types: org.springframework.boot.web.servlet.error.ErrorController; SearchStrategy: current) did not find any beans (OnBeanCondition)

   ErrorMvcAutoConfiguration#errorAttributes matched:
      - @ConditionalOnMissingBean (types: org.springframework.boot.web.servlet.error.ErrorAttributes; SearchStrategy: current) did not find any beans (OnBeanCondition)

   ErrorMvcAutoConfiguration.WhitelabelErrorViewConfiguration matched:
      - @ConditionalOnProperty (server.error.whitelabel.enabled) matched (OnPropertyCondition)
      - ErrorTemplate Missing did not find error template view (ErrorMvcAutoConfiguration.ErrorTemplateMissingCondition)

   ErrorMvcAutoConfiguration.WhitelabelErrorViewConfiguration#beanNameViewResolver matched:
      - @ConditionalOnMissingBean (types: org.springframework.web.servlet.view.BeanNameViewResolver; SearchStrategy: all) did not find any beans (OnBeanCondition)

   ErrorMvcAutoConfiguration.WhitelabelErrorViewConfiguration#defaultErrorView matched:
      - @ConditionalOnMissingBean (names: error; SearchStrategy: all) did not find any beans (OnBeanCondition)

   HttpMessageConvertersAutoConfiguration matched:
      - @ConditionalOnClass found required class 'org.springframework.http.converter.HttpMessageConverter'; @ConditionalOnMissingClass did not find unwanted class (OnClassCondition)

   HttpMessageConvertersAutoConfiguration#messageConverters matched:
      - @ConditionalOnMissingBean (types: org.springframework.boot.autoconfigure.http.HttpMessageConverters; SearchStrategy: all) did not find any beans (OnBeanCondition)

   HttpMessageConvertersAutoConfiguration.StringHttpMessageConverterConfiguration matched:
      - @ConditionalOnClass found required class 'org.springframework.http.converter.StringHttpMessageConverter'; @ConditionalOnMissingClass did not find unwanted class (OnClassCondition)

   HttpMessageConvertersAutoConfiguration.StringHttpMessageConverterConfiguration#stringHttpMessageConverter matched:
      - @ConditionalOnMissingBean (types: org.springframework.http.converter.StringHttpMessageConverter; SearchStrategy: all) did not find any beans (OnBeanCondition)

   JacksonAutoConfiguration matched:
      - @ConditionalOnClass found required class 'com.fasterxml.jackson.databind.ObjectMapper'; @ConditionalOnMissingClass did not find unwanted class (OnClassCondition)

   JacksonAutoConfiguration.Jackson2ObjectMapperBuilderCustomizerConfiguration matched:
      - @ConditionalOnClass found required class 'org.springframework.http.converter.json.Jackson2ObjectMapperBuilder'; @ConditionalOnMissingClass did not find unwanted class (OnClassCondition)

   JacksonAutoConfiguration.JacksonObjectMapperBuilderConfiguration matched:
      - @ConditionalOnClass found required class 'org.springframework.http.converter.json.Jackson2ObjectMapperBuilder'; @ConditionalOnMissingClass did not find unwanted class (OnClassCondition)

   JacksonAutoConfiguration.JacksonObjectMapperBuilderConfiguration#jacksonObjectMapperBuilder matched:
      - @ConditionalOnMissingBean (types: org.springframework.http.converter.json.Jackson2ObjectMapperBuilder; SearchStrategy: all) did not find any beans (OnBeanCondition)

   JacksonAutoConfiguration.JacksonObjectMapperConfiguration matched:
      - @ConditionalOnClass found required class 'org.springframework.http.converter.json.Jackson2ObjectMapperBuilder'; @ConditionalOnMissingClass did not find unwanted class (OnClassCondition)

   JacksonAutoConfiguration.JacksonObjectMapperConfiguration#jacksonObjectMapper matched:
      - @ConditionalOnMissingBean (types: com.fasterxml.jackson.databind.ObjectMapper; SearchStrategy: all) did not find any beans (OnBeanCondition)

   JacksonAutoConfiguration.ParameterNamesModuleConfiguration matched:
      - @ConditionalOnClass found required class 'com.fasterxml.jackson.module.paramnames.ParameterNamesModule'; @ConditionalOnMissingClass did not find unwanted class (OnClassCondition)

   JacksonAutoConfiguration.ParameterNamesModuleConfiguration#parameterNamesModule matched:
      - @ConditionalOnMissingBean (types: com.fasterxml.jackson.module.paramnames.ParameterNamesModule; SearchStrategy: all) did not find any beans (OnBeanCondition)

   JacksonHttpMessageConvertersConfiguration.MappingJackson2HttpMessageConverterConfiguration matched:
      - @ConditionalOnClass found required class 'com.fasterxml.jackson.databind.ObjectMapper'; @ConditionalOnMissingClass did not find unwanted class (OnClassCondition)
      - @ConditionalOnProperty (spring.http.converters.preferred-json-mapper=jackson) matched (OnPropertyCondition)
      - @ConditionalOnBean (types: com.fasterxml.jackson.databind.ObjectMapper; SearchStrategy: all) found bean 'jacksonObjectMapper' (OnBeanCondition)

   JacksonHttpMessageConvertersConfiguration.MappingJackson2HttpMessageConverterConfiguration#mappingJackson2HttpMessageConverter matched:
      - @ConditionalOnMissingBean (types: org.springframework.http.converter.json.MappingJackson2HttpMessageConverter; SearchStrategy: all) did not find any beans (OnBeanCondition)

   MockMvcAutoConfiguration matched:
      - found 'session' scope (OnWebApplicationCondition)

   MockMvcAutoConfiguration#dispatcherServletPath matched:
      - @ConditionalOnMissingBean (types: org.springframework.boot.autoconfigure.web.servlet.DispatcherServletPath; SearchStrategy: all) did not find any beans (OnBeanCondition)

   MockMvcAutoConfiguration#mockMvc matched:
      - @ConditionalOnMissingBean (types: org.springframework.test.web.servlet.MockMvc; SearchStrategy: all) did not find any beans (OnBeanCondition)

   MockMvcAutoConfiguration#mockMvcBuilder matched:
      - @ConditionalOnMissingBean (types: org.springframework.test.web.servlet.MockMvcBuilder; SearchStrategy: all) did not find any beans (OnBeanCondition)

   MockMvcSecurityAutoConfiguration matched:
      - @ConditionalOnProperty (spring.test.mockmvc.secure=true) matched (OnPropertyCondition)

   NoOpCacheConfiguration matched:
      - Cache org.springframework.boot.autoconfigure.cache.NoOpCacheConfiguration NONE cache type (CacheCondition)

   ValidationAutoConfiguration matched:
      - @ConditionalOnClass found required class 'javax.validation.executable.ExecutableValidator'; @ConditionalOnMissingClass did not find unwanted class (OnClassCondition)
      - @ConditionalOnResource found location classpath:META-INF/services/javax.validation.spi.ValidationProvider (OnResourceCondition)

   ValidationAutoConfiguration#defaultValidator matched:
      - @ConditionalOnMissingBean (types: javax.validation.Validator; SearchStrategy: all) did not find any beans (OnBeanCondition)

   ValidationAutoConfiguration#methodValidationPostProcessor matched:
      - @ConditionalOnMissingBean (types: org.springframework.validation.beanvalidation.MethodValidationPostProcessor; SearchStrategy: all) did not find any beans (OnBeanCondition)

   WebMvcAutoConfiguration matched:
      - @ConditionalOnClass found required classes 'javax.servlet.Servlet', 'org.springframework.web.servlet.DispatcherServlet', 'org.springframework.web.servlet.config.annotation.WebMvcConfigurer'; @ConditionalOnMissingClass did not find unwanted class (OnClassCondition)
      - found 'session' scope (OnWebApplicationCondition)
      - @ConditionalOnMissingBean (types: org.springframework.web.servlet.config.annotation.WebMvcConfigurationSupport; SearchStrategy: all) did not find any beans (OnBeanCondition)

   WebMvcAutoConfiguration#hiddenHttpMethodFilter matched:
      - @ConditionalOnMissingBean (types: org.springframework.web.filter.HiddenHttpMethodFilter; SearchStrategy: all) did not find any beans (OnBeanCondition)

   WebMvcAutoConfiguration#httpPutFormContentFilter matched:
      - @ConditionalOnProperty (spring.mvc.formcontent.putfilter.enabled) matched (OnPropertyCondition)
      - @ConditionalOnMissingBean (types: org.springframework.web.filter.HttpPutFormContentFilter; SearchStrategy: all) did not find any beans (OnBeanCondition)

   WebMvcAutoConfiguration.WebMvcAutoConfigurationAdapter#defaultViewResolver matched:
      - @ConditionalOnMissingBean (types: org.springframework.web.servlet.view.InternalResourceViewResolver; SearchStrategy: all) did not find any beans (OnBeanCondition)

   WebMvcAutoConfiguration.WebMvcAutoConfigurationAdapter#requestContextFilter matched:
      - @ConditionalOnMissingBean (types: org.springframework.web.context.request.RequestContextListener,org.springframework.web.filter.RequestContextFilter; SearchStrategy: all) did not find any beans (OnBeanCondition)

   WebMvcAutoConfiguration.WebMvcAutoConfigurationAdapter#viewResolver matched:
      - @ConditionalOnBean (types: org.springframework.web.servlet.ViewResolver; SearchStrategy: all) found beans 'defaultViewResolver', 'beanNameViewResolver', 'mvcViewResolver'; @ConditionalOnMissingBean (names: viewResolver; types: org.springframework.web.servlet.view.ContentNegotiatingViewResolver; SearchStrategy: all) did not find any beans (OnBeanCondition)

   WebMvcAutoConfiguration.WebMvcAutoConfigurationAdapter.FaviconConfiguration matched:
      - @ConditionalOnProperty (spring.mvc.favicon.enabled) matched (OnPropertyCondition)


Negative matches:
-----------------

   CacheAutoConfiguration:
      Did not match:
         - @ConditionalOnBean (types: org.springframework.cache.interceptor.CacheAspectSupport; SearchStrategy: all) did not find any beans of type org.springframework.cache.interceptor.CacheAspectSupport (OnBeanCondition)
      Matched:
         - @ConditionalOnClass found required class 'org.springframework.cache.CacheManager'; @ConditionalOnMissingClass did not find unwanted class (OnClassCondition)

   CacheAutoConfiguration.CacheManagerJpaDependencyConfiguration:
      Did not match:
         - Ancestor org.springframework.boot.autoconfigure.cache.CacheAutoConfiguration did not match (ConditionEvaluationReport.AncestorsMatchedCondition)
      Matched:
         - @ConditionalOnClass found required class 'org.springframework.orm.jpa.LocalContainerEntityManagerFactoryBean'; @ConditionalOnMissingClass did not find unwanted class (OnClassCondition)

   CaffeineCacheConfiguration:
      Did not match:
         - @ConditionalOnClass did not find required classes 'com.github.benmanes.caffeine.cache.Caffeine', 'org.springframework.cache.caffeine.CaffeineCacheManager' (OnClassCondition)

   CouchbaseCacheConfiguration:
      Did not match:
         - @ConditionalOnClass did not find required classes 'com.couchbase.client.java.Bucket', 'com.couchbase.client.spring.cache.CouchbaseCacheManager' (OnClassCondition)

   EhCacheCacheConfiguration:
      Did not match:
         - @ConditionalOnClass did not find required classes 'net.sf.ehcache.Cache', 'org.springframework.cache.ehcache.EhCacheCacheManager' (OnClassCondition)

   ErrorMvcAutoConfiguration.DefaultErrorViewResolverConfiguration#conventionErrorViewResolver:
      Did not match:
         - @ConditionalOnBean (types: org.springframework.web.servlet.DispatcherServlet; SearchStrategy: all) did not find any beans of type org.springframework.web.servlet.DispatcherServlet (OnBeanCondition)

   FreeMarkerAutoConfiguration:
      Did not match:
         - @ConditionalOnClass did not find required classes 'freemarker.template.Configuration', 'org.springframework.ui.freemarker.FreeMarkerConfigurationFactory' (OnClassCondition)

   GenericCacheConfiguration:
      Did not match:
         - Cache org.springframework.boot.autoconfigure.cache.GenericCacheConfiguration unknown cache type (CacheCondition)

   GroovyTemplateAutoConfiguration:
      Did not match:
         - @ConditionalOnClass did not find required class 'groovy.text.markup.MarkupTemplateEngine' (OnClassCondition)

   GsonAutoConfiguration:
      Did not match:
         - @ConditionalOnClass did not find required class 'com.google.gson.Gson' (OnClassCondition)

   GsonHttpMessageConvertersConfiguration:
      Did not match:
         - @ConditionalOnClass did not find required class 'com.google.gson.Gson' (OnClassCondition)

   HazelcastCacheConfiguration:
      Did not match:
         - @ConditionalOnClass did not find required classes 'com.hazelcast.core.HazelcastInstance', 'com.hazelcast.spring.cache.HazelcastCacheManager' (OnClassCondition)

   HypermediaAutoConfiguration:
      Did not match:
         - @ConditionalOnClass did not find required classes 'org.springframework.hateoas.Resource', 'org.springframework.plugin.core.Plugin' (OnClassCondition)

   InfinispanCacheConfiguration:
      Did not match:
         - @ConditionalOnClass did not find required class 'org.infinispan.spring.provider.SpringEmbeddedCacheManager' (OnClassCondition)

   JCacheCacheConfiguration:
      Did not match:
         - @ConditionalOnClass did not find required classes 'javax.cache.Caching', 'org.springframework.cache.jcache.JCacheCacheManager' (OnClassCondition)

   JacksonAutoConfiguration.JodaDateTimeJacksonConfiguration:
      Did not match:
         - @ConditionalOnClass did not find required classes 'org.joda.time.DateTime', 'com.fasterxml.jackson.datatype.joda.ser.DateTimeSerializer', 'com.fasterxml.jackson.datatype.joda.cfg.JacksonJodaDateFormat' (OnClassCondition)

   JacksonHttpMessageConvertersConfiguration.MappingJackson2XmlHttpMessageConverterConfiguration:
      Did not match:
         - @ConditionalOnClass did not find required class 'com.fasterxml.jackson.dataformat.xml.XmlMapper' (OnClassCondition)

   JsonbAutoConfiguration:
      Did not match:
         - @ConditionalOnClass did not find required class 'javax.json.bind.Jsonb' (OnClassCondition)

   JsonbHttpMessageConvertersConfiguration:
      Did not match:
         - @ConditionalOnClass did not find required class 'javax.json.bind.Jsonb' (OnClassCondition)

   MessageSourceAutoConfiguration:
      Did not match:
         - ResourceBundle did not find bundle with basename messages (MessageSourceAutoConfiguration.ResourceBundleCondition)

   MockMvcSecurityConfiguration:
      Did not match:
         - @ConditionalOnClass did not find required class 'org.springframework.security.test.web.servlet.request.SecurityMockMvcRequestPostProcessors' (OnClassCondition)

   MockMvcWebClientAutoConfiguration:
      Did not match:
         - @ConditionalOnClass did not find required class 'com.gargoylesoftware.htmlunit.WebClient' (OnClassCondition)

   MockMvcWebDriverAutoConfiguration:
      Did not match:
         - @ConditionalOnClass did not find required class 'org.openqa.selenium.htmlunit.HtmlUnitDriver' (OnClassCondition)

   MustacheAutoConfiguration:
      Did not match:
         - @ConditionalOnClass did not find required class 'com.samskivert.mustache.Mustache' (OnClassCondition)

   RedisCacheConfiguration:
      Did not match:
         - @ConditionalOnClass did not find required class 'org.springframework.data.redis.connection.RedisConnectionFactory' (OnClassCondition)

   SecurityAutoConfiguration:
      Did not match:
         - @ConditionalOnClass did not find required class 'org.springframework.security.authentication.DefaultAuthenticationEventPublisher' (OnClassCondition)

   SimpleCacheConfiguration:
      Did not match:
         - Cache org.springframework.boot.autoconfigure.cache.SimpleCacheConfiguration unknown cache type (CacheCondition)

   ThymeleafAutoConfiguration:
      Did not match:
         - @ConditionalOnClass did not find required class 'org.thymeleaf.templatemode.TemplateMode' (OnClassCondition)

   UserDetailsServiceAutoConfiguration:
      Did not match:
         - @ConditionalOnClass did not find required class 'org.springframework.security.authentication.AuthenticationManager' (OnClassCondition)

   WebMvcAutoConfiguration.ResourceChainCustomizerConfiguration:
      Did not match:
         - @ConditionalOnEnabledResourceChain did not find class org.webjars.WebJarAssetLocator (OnEnabledResourceChainCondition)

   WebMvcAutoConfiguration.WebMvcAutoConfigurationAdapter#beanNameViewResolver:
      Did not match:
         - @ConditionalOnMissingBean (types: org.springframework.web.servlet.view.BeanNameViewResolver; SearchStrategy: all) found beans of type 'org.springframework.web.servlet.view.BeanNameViewResolver' beanNameViewResolver (OnBeanCondition)

   WebMvcAutoConfiguration.WebMvcAutoConfigurationAdapter#localeResolver:
      Did not match:
         - @ConditionalOnProperty (spring.mvc.locale) did not find property 'locale' (OnPropertyCondition)


Exclusions:
-----------

    None


Unconditional classes:
----------------------

    None



2018-12-25 19:32:40.016 DEBUG 7626 --- [           main] o.s.b.d.LoggingFailureAnalysisReporter   : Application failed to start due to an exception

org.springframework.beans.factory.NoSuchBeanDefinitionException: No qualifying bean of type 'com.homesoft.springboot.nba_springboot.service.PlayoffService' available: expected at least 1 bean which qualifies as autowire candidate. Dependency annotations: {@org.springframework.beans.factory.annotation.Autowired(required=true)}
	at org.springframework.beans.factory.support.DefaultListableBeanFactory.raiseNoMatchingBeanFound(DefaultListableBeanFactory.java:1506) ~[spring-beans-5.0.10.RELEASE.jar:5.0.10.RELEASE]
	at org.springframework.beans.factory.support.DefaultListableBeanFactory.doResolveDependency(DefaultListableBeanFactory.java:1101) ~[spring-beans-5.0.10.RELEASE.jar:5.0.10.RELEASE]
	at org.springframework.beans.factory.support.DefaultListableBeanFactory.resolveDependency(DefaultListableBeanFactory.java:1062) ~[spring-beans-5.0.10.RELEASE.jar:5.0.10.RELEASE]
	at org.springframework.beans.factory.annotation.AutowiredAnnotationBeanPostProcessor$AutowiredFieldElement.inject(AutowiredAnnotationBeanPostProcessor.java:581) ~[spring-beans-5.0.10.RELEASE.jar:5.0.10.RELEASE]
	at org.springframework.beans.factory.annotation.InjectionMetadata.inject(InjectionMetadata.java:90) ~[spring-beans-5.0.10.RELEASE.jar:5.0.10.RELEASE]
	at org.springframework.beans.factory.annotation.AutowiredAnnotationBeanPostProcessor.postProcessPropertyValues(AutowiredAnnotationBeanPostProcessor.java:370) ~[spring-beans-5.0.10.RELEASE.jar:5.0.10.RELEASE]
	at org.springframework.beans.factory.support.AbstractAutowireCapableBeanFactory.populateBean(AbstractAutowireCapableBeanFactory.java:1336) ~[spring-beans-5.0.10.RELEASE.jar:5.0.10.RELEASE]
	at org.springframework.beans.factory.support.AbstractAutowireCapableBeanFactory.doCreateBean(AbstractAutowireCapableBeanFactory.java:572) ~[spring-beans-5.0.10.RELEASE.jar:5.0.10.RELEASE]
	at org.springframework.beans.factory.support.AbstractAutowireCapableBeanFactory.createBean(AbstractAutowireCapableBeanFactory.java:495) ~[spring-beans-5.0.10.RELEASE.jar:5.0.10.RELEASE]
	at org.springframework.beans.factory.support.AbstractBeanFactory.lambda$doGetBean$0(AbstractBeanFactory.java:317) ~[spring-beans-5.0.10.RELEASE.jar:5.0.10.RELEASE]
	at org.springframework.beans.factory.support.DefaultSingletonBeanRegistry.getSingleton(DefaultSingletonBeanRegistry.java:222) ~[spring-beans-5.0.10.RELEASE.jar:5.0.10.RELEASE]
	at org.springframework.beans.factory.support.AbstractBeanFactory.doGetBean(AbstractBeanFactory.java:315) ~[spring-beans-5.0.10.RELEASE.jar:5.0.10.RELEASE]
	at org.springframework.beans.factory.support.AbstractBeanFactory.getBean(AbstractBeanFactory.java:199) ~[spring-beans-5.0.10.RELEASE.jar:5.0.10.RELEASE]
	at org.springframework.beans.factory.support.DefaultListableBeanFactory.preInstantiateSingletons(DefaultListableBeanFactory.java:759) ~[spring-beans-5.0.10.RELEASE.jar:5.0.10.RELEASE]
	at org.springframework.context.support.AbstractApplicationContext.finishBeanFactoryInitialization(AbstractApplicationContext.java:867) ~[spring-context-5.0.10.RELEASE.jar:5.0.10.RELEASE]
	at org.springframework.context.support.AbstractApplicationContext.refresh(AbstractApplicationContext.java:548) ~[spring-context-5.0.10.RELEASE.jar:5.0.10.RELEASE]
	at org.springframework.boot.SpringApplication.refresh(SpringApplication.java:754) ~[spring-boot-2.0.6.RELEASE.jar:2.0.6.RELEASE]
	at org.springframework.boot.SpringApplication.refreshContext(SpringApplication.java:386) ~[spring-boot-2.0.6.RELEASE.jar:2.0.6.RELEASE]
	at org.springframework.boot.SpringApplication.run(SpringApplication.java:307) ~[spring-boot-2.0.6.RELEASE.jar:2.0.6.RELEASE]
	at org.springframework.boot.test.context.SpringBootContextLoader.loadContext(SpringBootContextLoader.java:127) [spring-boot-test-2.0.6.RELEASE.jar:2.0.6.RELEASE]
	at org.springframework.test.context.cache.DefaultCacheAwareContextLoaderDelegate.loadContextInternal(DefaultCacheAwareContextLoaderDelegate.java:99) [spring-test-5.0.10.RELEASE.jar:5.0.10.RELEASE]
	at org.springframework.test.context.cache.DefaultCacheAwareContextLoaderDelegate.loadContext(DefaultCacheAwareContextLoaderDelegate.java:117) [spring-test-5.0.10.RELEASE.jar:5.0.10.RELEASE]
	at org.springframework.test.context.support.DefaultTestContext.getApplicationContext(DefaultTestContext.java:108) [spring-test-5.0.10.RELEASE.jar:5.0.10.RELEASE]
	at org.springframework.boot.test.mock.mockito.MockitoTestExecutionListener.postProcessFields(MockitoTestExecutionListener.java:99) [spring-boot-test-2.0.6.RELEASE.jar:2.0.6.RELEASE]
	at org.springframework.boot.test.mock.mockito.MockitoTestExecutionListener.injectFields(MockitoTestExecutionListener.java:79) [spring-boot-test-2.0.6.RELEASE.jar:2.0.6.RELEASE]
	at org.springframework.boot.test.mock.mockito.MockitoTestExecutionListener.prepareTestInstance(MockitoTestExecutionListener.java:54) [spring-boot-test-2.0.6.RELEASE.jar:2.0.6.RELEASE]
	at org.springframework.test.context.TestContextManager.prepareTestInstance(TestContextManager.java:246) [spring-test-5.0.10.RELEASE.jar:5.0.10.RELEASE]
	at org.springframework.test.context.junit4.SpringJUnit4ClassRunner.createTest(SpringJUnit4ClassRunner.java:227) [spring-test-5.0.10.RELEASE.jar:5.0.10.RELEASE]
	at org.springframework.test.context.junit4.SpringJUnit4ClassRunner$1.runReflectiveCall(SpringJUnit4ClassRunner.java:289) [spring-test-5.0.10.RELEASE.jar:5.0.10.RELEASE]
	at org.junit.internal.runners.model.ReflectiveCallable.run(ReflectiveCallable.java:12) [junit-4.12.jar:4.12]
	at org.springframework.test.context.junit4.SpringJUnit4ClassRunner.methodBlock(SpringJUnit4ClassRunner.java:291) [spring-test-5.0.10.RELEASE.jar:5.0.10.RELEASE]
	at org.springframework.test.context.junit4.SpringJUnit4ClassRunner.runChild(SpringJUnit4ClassRunner.java:246) [spring-test-5.0.10.RELEASE.jar:5.0.10.RELEASE]
	at org.springframework.test.context.junit4.SpringJUnit4ClassRunner.runChild(SpringJUnit4ClassRunner.java:97) [spring-test-5.0.10.RELEASE.jar:5.0.10.RELEASE]
	at org.junit.runners.ParentRunner$3.run(ParentRunner.java:290) [junit-4.12.jar:4.12]
	at org.junit.runners.ParentRunner$1.schedule(ParentRunner.java:71) [junit-4.12.jar:4.12]
	at org.junit.runners.ParentRunner.runChildren(ParentRunner.java:288) [junit-4.12.jar:4.12]
	at org.junit.runners.ParentRunner.access$000(ParentRunner.java:58) [junit-4.12.jar:4.12]
	at org.junit.runners.ParentRunner$2.evaluate(ParentRunner.java:268) [junit-4.12.jar:4.12]
	at org.springframework.test.context.junit4.statements.RunBeforeTestClassCallbacks.evaluate(RunBeforeTestClassCallbacks.java:61) [spring-test-5.0.10.RELEASE.jar:5.0.10.RELEASE]
	at org.springframework.test.context.junit4.statements.RunAfterTestClassCallbacks.evaluate(RunAfterTestClassCallbacks.java:70) [spring-test-5.0.10.RELEASE.jar:5.0.10.RELEASE]
	at org.junit.runners.ParentRunner.run(ParentRunner.java:363) [junit-4.12.jar:4.12]
	at org.springframework.test.context.junit4.SpringJUnit4ClassRunner.run(SpringJUnit4ClassRunner.java:190) [spring-test-5.0.10.RELEASE.jar:5.0.10.RELEASE]
	at org.apache.maven.surefire.junit4.JUnit4Provider.execute(JUnit4Provider.java:365) [surefire-junit4-2.21.0.jar:2.21.0]
	at org.apache.maven.surefire.junit4.JUnit4Provider.executeWithRerun(JUnit4Provider.java:273) [surefire-junit4-2.21.0.jar:2.21.0]
	at org.apache.maven.surefire.junit4.JUnit4Provider.executeTestSet(JUnit4Provider.java:238) [surefire-junit4-2.21.0.jar:2.21.0]
	at org.apache.maven.surefire.junit4.JUnit4Provider.invoke(JUnit4Provider.java:159) [surefire-junit4-2.21.0.jar:2.21.0]
	at org.apache.maven.surefire.booter.ForkedBooter.invokeProviderInSameClassLoader(ForkedBooter.java:379) [surefire-booter-2.21.0.jar:2.21.0]
	at org.apache.maven.surefire.booter.ForkedBooter.runSuitesInProcess(ForkedBooter.java:340) [surefire-booter-2.21.0.jar:2.21.0]
	at org.apache.maven.surefire.booter.ForkedBooter.execute(ForkedBooter.java:125) [surefire-booter-2.21.0.jar:2.21.0]
	at org.apache.maven.surefire.booter.ForkedBooter.main(ForkedBooter.java:413) [surefire-booter-2.21.0.jar:2.21.0]

2018-12-25 19:32:40.017 ERROR 7626 --- [           main] o.s.b.d.LoggingFailureAnalysisReporter   : 

***************************
APPLICATION FAILED TO START
***************************

Description:

Field playoffService in com.homesoft.springboot.nba_springboot.controller.ScheduleController required a bean of type 'com.homesoft.springboot.nba_springboot.service.PlayoffService' that could not be found.

The injection point has the following annotations:
	- @org.springframework.beans.factory.annotation.Autowired(required=true)


Action:

Consider defining a bean of type 'com.homesoft.springboot.nba_springboot.service.PlayoffService' in your configuration.

2018-12-25 19:32:40.018 ERROR 7626 --- [           main] o.s.test.context.TestContextManager      : Caught exception while allowing TestExecutionListener [org.springframework.boot.test.mock.mockito.MockitoTestExecutionListener@22657db1] to prepare test instance [com.homesoft.springboot.nba_springboot.controller.ScheduleControllerTest@28effa3f]

java.lang.IllegalStateException: Failed to load ApplicationContext
	at org.springframework.test.context.cache.DefaultCacheAwareContextLoaderDelegate.loadContext(DefaultCacheAwareContextLoaderDelegate.java:125) ~[spring-test-5.0.10.RELEASE.jar:5.0.10.RELEASE]
	at org.springframework.test.context.support.DefaultTestContext.getApplicationContext(DefaultTestContext.java:108) ~[spring-test-5.0.10.RELEASE.jar:5.0.10.RELEASE]
	at org.springframework.boot.test.mock.mockito.MockitoTestExecutionListener.postProcessFields(MockitoTestExecutionListener.java:99) ~[spring-boot-test-2.0.6.RELEASE.jar:2.0.6.RELEASE]
	at org.springframework.boot.test.mock.mockito.MockitoTestExecutionListener.injectFields(MockitoTestExecutionListener.java:79) ~[spring-boot-test-2.0.6.RELEASE.jar:2.0.6.RELEASE]
	at org.springframework.boot.test.mock.mockito.MockitoTestExecutionListener.prepareTestInstance(MockitoTestExecutionListener.java:54) ~[spring-boot-test-2.0.6.RELEASE.jar:2.0.6.RELEASE]
	at org.springframework.test.context.TestContextManager.prepareTestInstance(TestContextManager.java:246) ~[spring-test-5.0.10.RELEASE.jar:5.0.10.RELEASE]
	at org.springframework.test.context.junit4.SpringJUnit4ClassRunner.createTest(SpringJUnit4ClassRunner.java:227) [spring-test-5.0.10.RELEASE.jar:5.0.10.RELEASE]
	at org.springframework.test.context.junit4.SpringJUnit4ClassRunner$1.runReflectiveCall(SpringJUnit4ClassRunner.java:289) [spring-test-5.0.10.RELEASE.jar:5.0.10.RELEASE]
	at org.junit.internal.runners.model.ReflectiveCallable.run(ReflectiveCallable.java:12) [junit-4.12.jar:4.12]
	at org.springframework.test.context.junit4.SpringJUnit4ClassRunner.methodBlock(SpringJUnit4ClassRunner.java:291) [spring-test-5.0.10.RELEASE.jar:5.0.10.RELEASE]
	at org.springframework.test.context.junit4.SpringJUnit4ClassRunner.runChild(SpringJUnit4ClassRunner.java:246) [spring-test-5.0.10.RELEASE.jar:5.0.10.RELEASE]
	at org.springframework.test.context.junit4.SpringJUnit4ClassRunner.runChild(SpringJUnit4ClassRunner.java:97) [spring-test-5.0.10.RELEASE.jar:5.0.10.RELEASE]
	at org.junit.runners.ParentRunner$3.run(ParentRunner.java:290) [junit-4.12.jar:4.12]
	at org.junit.runners.ParentRunner$1.schedule(ParentRunner.java:71) [junit-4.12.jar:4.12]
	at org.junit.runners.ParentRunner.runChildren(ParentRunner.java:288) [junit-4.12.jar:4.12]
	at org.junit.runners.ParentRunner.access$000(ParentRunner.java:58) [junit-4.12.jar:4.12]
	at org.junit.runners.ParentRunner$2.evaluate(ParentRunner.java:268) [junit-4.12.jar:4.12]
	at org.springframework.test.context.junit4.statements.RunBeforeTestClassCallbacks.evaluate(RunBeforeTestClassCallbacks.java:61) [spring-test-5.0.10.RELEASE.jar:5.0.10.RELEASE]
	at org.springframework.test.context.junit4.statements.RunAfterTestClassCallbacks.evaluate(RunAfterTestClassCallbacks.java:70) [spring-test-5.0.10.RELEASE.jar:5.0.10.RELEASE]
	at org.junit.runners.ParentRunner.run(ParentRunner.java:363) [junit-4.12.jar:4.12]
	at org.springframework.test.context.junit4.SpringJUnit4ClassRunner.run(SpringJUnit4ClassRunner.java:190) [spring-test-5.0.10.RELEASE.jar:5.0.10.RELEASE]
	at org.apache.maven.surefire.junit4.JUnit4Provider.execute(JUnit4Provider.java:365) [surefire-junit4-2.21.0.jar:2.21.0]
	at org.apache.maven.surefire.junit4.JUnit4Provider.executeWithRerun(JUnit4Provider.java:273) [surefire-junit4-2.21.0.jar:2.21.0]
	at org.apache.maven.surefire.junit4.JUnit4Provider.executeTestSet(JUnit4Provider.java:238) [surefire-junit4-2.21.0.jar:2.21.0]
	at org.apache.maven.surefire.junit4.JUnit4Provider.invoke(JUnit4Provider.java:159) [surefire-junit4-2.21.0.jar:2.21.0]
	at org.apache.maven.surefire.booter.ForkedBooter.invokeProviderInSameClassLoader(ForkedBooter.java:379) [surefire-booter-2.21.0.jar:2.21.0]
	at org.apache.maven.surefire.booter.ForkedBooter.runSuitesInProcess(ForkedBooter.java:340) [surefire-booter-2.21.0.jar:2.21.0]
	at org.apache.maven.surefire.booter.ForkedBooter.execute(ForkedBooter.java:125) [surefire-booter-2.21.0.jar:2.21.0]
	at org.apache.maven.surefire.booter.ForkedBooter.main(ForkedBooter.java:413) [surefire-booter-2.21.0.jar:2.21.0]
Caused by: org.springframework.beans.factory.UnsatisfiedDependencyException: Error creating bean with name 'scheduleController': Unsatisfied dependency expressed through field 'playoffService'; nested exception is org.springframework.beans.factory.NoSuchBeanDefinitionException: No qualifying bean of type 'com.homesoft.springboot.nba_springboot.service.PlayoffService' available: expected at least 1 bean which qualifies as autowire candidate. Dependency annotations: {@org.springframework.beans.factory.annotation.Autowired(required=true)}
	at org.springframework.beans.factory.annotation.AutowiredAnnotationBeanPostProcessor$AutowiredFieldElement.inject(AutowiredAnnotationBeanPostProcessor.java:584) ~[spring-beans-5.0.10.RELEASE.jar:5.0.10.RELEASE]
	at org.springframework.beans.factory.annotation.InjectionMetadata.inject(InjectionMetadata.java:90) ~[spring-beans-5.0.10.RELEASE.jar:5.0.10.RELEASE]
	at org.springframework.beans.factory.annotation.AutowiredAnnotationBeanPostProcessor.postProcessPropertyValues(AutowiredAnnotationBeanPostProcessor.java:370) ~[spring-beans-5.0.10.RELEASE.jar:5.0.10.RELEASE]
	at org.springframework.beans.factory.support.AbstractAutowireCapableBeanFactory.populateBean(AbstractAutowireCapableBeanFactory.java:1336) ~[spring-beans-5.0.10.RELEASE.jar:5.0.10.RELEASE]
	at org.springframework.beans.factory.support.AbstractAutowireCapableBeanFactory.doCreateBean(AbstractAutowireCapableBeanFactory.java:572) ~[spring-beans-5.0.10.RELEASE.jar:5.0.10.RELEASE]
	at org.springframework.beans.factory.support.AbstractAutowireCapableBeanFactory.createBean(AbstractAutowireCapableBeanFactory.java:495) ~[spring-beans-5.0.10.RELEASE.jar:5.0.10.RELEASE]
	at org.springframework.beans.factory.support.AbstractBeanFactory.lambda$doGetBean$0(AbstractBeanFactory.java:317) ~[spring-beans-5.0.10.RELEASE.jar:5.0.10.RELEASE]
	at org.springframework.beans.factory.support.DefaultSingletonBeanRegistry.getSingleton(DefaultSingletonBeanRegistry.java:222) ~[spring-beans-5.0.10.RELEASE.jar:5.0.10.RELEASE]
	at org.springframework.beans.factory.support.AbstractBeanFactory.doGetBean(AbstractBeanFactory.java:315) ~[spring-beans-5.0.10.RELEASE.jar:5.0.10.RELEASE]
	at org.springframework.beans.factory.support.AbstractBeanFactory.getBean(AbstractBeanFactory.java:199) ~[spring-beans-5.0.10.RELEASE.jar:5.0.10.RELEASE]
	at org.springframework.beans.factory.support.DefaultListableBeanFactory.preInstantiateSingletons(DefaultListableBeanFactory.java:759) ~[spring-beans-5.0.10.RELEASE.jar:5.0.10.RELEASE]
	at org.springframework.context.support.AbstractApplicationContext.finishBeanFactoryInitialization(AbstractApplicationContext.java:867) ~[spring-context-5.0.10.RELEASE.jar:5.0.10.RELEASE]
	at org.springframework.context.support.AbstractApplicationContext.refresh(AbstractApplicationContext.java:548) ~[spring-context-5.0.10.RELEASE.jar:5.0.10.RELEASE]
	at org.springframework.boot.SpringApplication.refresh(SpringApplication.java:754) ~[spring-boot-2.0.6.RELEASE.jar:2.0.6.RELEASE]
	at org.springframework.boot.SpringApplication.refreshContext(SpringApplication.java:386) ~[spring-boot-2.0.6.RELEASE.jar:2.0.6.RELEASE]
	at org.springframework.boot.SpringApplication.run(SpringApplication.java:307) ~[spring-boot-2.0.6.RELEASE.jar:2.0.6.RELEASE]
	at org.springframework.boot.test.context.SpringBootContextLoader.loadContext(SpringBootContextLoader.java:127) ~[spring-boot-test-2.0.6.RELEASE.jar:2.0.6.RELEASE]
	at org.springframework.test.context.cache.DefaultCacheAwareContextLoaderDelegate.loadContextInternal(DefaultCacheAwareContextLoaderDelegate.java:99) ~[spring-test-5.0.10.RELEASE.jar:5.0.10.RELEASE]
	at org.springframework.test.context.cache.DefaultCacheAwareContextLoaderDelegate.loadContext(DefaultCacheAwareContextLoaderDelegate.java:117) ~[spring-test-5.0.10.RELEASE.jar:5.0.10.RELEASE]
	... 28 common frames omitted
Caused by: org.springframework.beans.factory.NoSuchBeanDefinitionException: No qualifying bean of type 'com.homesoft.springboot.nba_springboot.service.PlayoffService' available: expected at least 1 bean which qualifies as autowire candidate. Dependency annotations: {@org.springframework.beans.factory.annotation.Autowired(required=true)}
	at org.springframework.beans.factory.support.DefaultListableBeanFactory.raiseNoMatchingBeanFound(DefaultListableBeanFactory.java:1506) ~[spring-beans-5.0.10.RELEASE.jar:5.0.10.RELEASE]
	at org.springframework.beans.factory.support.DefaultListableBeanFactory.doResolveDependency(DefaultListableBeanFactory.java:1101) ~[spring-beans-5.0.10.RELEASE.jar:5.0.10.RELEASE]
	at org.springframework.beans.factory.support.DefaultListableBeanFactory.resolveDependency(DefaultListableBeanFactory.java:1062) ~[spring-beans-5.0.10.RELEASE.jar:5.0.10.RELEASE]
	at org.springframework.beans.factory.annotation.AutowiredAnnotationBeanPostProcessor$AutowiredFieldElement.inject(AutowiredAnnotationBeanPostProcessor.java:581) ~[spring-beans-5.0.10.RELEASE.jar:5.0.10.RELEASE]
	... 46 common frames omitted

]]></system-out>
  </testcase>
</testsuite>